{"/home/venkateshwarlu.n/Desktop/test/minorProject/Master-Financial-Planner/backend/common/currentInvestibleAssets.js": {"path":"/home/venkateshwarlu.n/Desktop/test/minorProject/Master-Financial-Planner/backend/common/currentInvestibleAssets.js","statementMap":{"0":{"start":{"line":4,"column":4},"end":{"line":23,"column":5}},"1":{"start":{"line":5,"column":41},"end":{"line":5,"column":66}},"2":{"start":{"line":7,"column":4},"end":{"line":9,"column":5}},"3":{"start":{"line":8,"column":8},"end":{"line":8,"column":26}},"4":{"start":{"line":11,"column":21},"end":{"line":11,"column":60}},"5":{"start":{"line":12,"column":25},"end":{"line":12,"column":122}},"6":{"start":{"line":13,"column":19},"end":{"line":13,"column":34}},"7":{"start":{"line":14,"column":15},"end":{"line":14,"column":107}},"8":{"start":{"line":15,"column":15},"end":{"line":15,"column":47}},"9":{"start":{"line":16,"column":17},"end":{"line":16,"column":30}},"10":{"start":{"line":18,"column":36},"end":{"line":18,"column":97}},"11":{"start":{"line":20,"column":4},"end":{"line":20,"column":57}},"12":{"start":{"line":22,"column":8},"end":{"line":22,"column":37}}},"fnMap":{"0":{"name":"getCurrentInvestibleAssets","decl":{"start":{"line":3,"column":30},"end":{"line":3,"column":56}},"loc":{"start":{"line":3,"column":64},"end":{"line":24,"column":1}},"line":3}},"branchMap":{"0":{"loc":{"start":{"line":7,"column":4},"end":{"line":9,"column":5}},"type":"if","locations":[{"start":{"line":7,"column":4},"end":{"line":9,"column":5}},{"start":{},"end":{}}],"line":7}},"s":{"0":2,"1":2,"2":2,"3":1,"4":1,"5":1,"6":1,"7":1,"8":1,"9":1,"10":1,"11":1,"12":0},"f":{"0":2},"b":{"0":[1,1]},"_coverageSchema":"1a1c01bbd47fc00a2c39e90264f33305004495a9","hash":"6cf54f67767cf3668f2857cd196ae7984a59613c"}
,"/home/venkateshwarlu.n/Desktop/test/minorProject/Master-Financial-Planner/backend/common/getNetWorth.js": {"path":"/home/venkateshwarlu.n/Desktop/test/minorProject/Master-Financial-Planner/backend/common/getNetWorth.js","statementMap":{"0":{"start":{"line":11,"column":4},"end":{"line":59,"column":5}},"1":{"start":{"line":12,"column":21},"end":{"line":12,"column":55}},"2":{"start":{"line":14,"column":29},"end":{"line":14,"column":53}},"3":{"start":{"line":15,"column":23},"end":{"line":15,"column":41}},"4":{"start":{"line":16,"column":23},"end":{"line":16,"column":50}},"5":{"start":{"line":17,"column":23},"end":{"line":17,"column":41}},"6":{"start":{"line":18,"column":33},"end":{"line":18,"column":61}},"7":{"start":{"line":19,"column":32},"end":{"line":19,"column":59}},"8":{"start":{"line":20,"column":33},"end":{"line":20,"column":61}},"9":{"start":{"line":22,"column":27},"end":{"line":22,"column":66}},"10":{"start":{"line":23,"column":21},"end":{"line":23,"column":53}},"11":{"start":{"line":24,"column":21},"end":{"line":24,"column":57}},"12":{"start":{"line":25,"column":21},"end":{"line":25,"column":48}},"13":{"start":{"line":26,"column":31},"end":{"line":26,"column":78}},"14":{"start":{"line":27,"column":30},"end":{"line":27,"column":75}},"15":{"start":{"line":28,"column":31},"end":{"line":28,"column":78}},"16":{"start":{"line":30,"column":25},"end":{"line":37,"column":9}},"17":{"start":{"line":36,"column":86},"end":{"line":36,"column":115}},"18":{"start":{"line":39,"column":23},"end":{"line":50,"column":9}},"19":{"start":{"line":40,"column":67},"end":{"line":40,"column":97}},"20":{"start":{"line":41,"column":61},"end":{"line":41,"column":91}},"21":{"start":{"line":42,"column":84},"end":{"line":42,"column":114}},"22":{"start":{"line":43,"column":89},"end":{"line":43,"column":119}},"23":{"start":{"line":46,"column":64},"end":{"line":46,"column":94}},"24":{"start":{"line":52,"column":8},"end":{"line":55,"column":10}},"25":{"start":{"line":58,"column":8},"end":{"line":58,"column":39}}},"fnMap":{"0":{"name":"getNetWorth","decl":{"start":{"line":10,"column":30},"end":{"line":10,"column":41}},"loc":{"start":{"line":10,"column":50},"end":{"line":61,"column":1}},"line":10},"1":{"name":"(anonymous_1)","decl":{"start":{"line":36,"column":70},"end":{"line":36,"column":71}},"loc":{"start":{"line":36,"column":86},"end":{"line":36,"column":115}},"line":36},"2":{"name":"(anonymous_2)","decl":{"start":{"line":40,"column":52},"end":{"line":40,"column":53}},"loc":{"start":{"line":40,"column":67},"end":{"line":40,"column":97}},"line":40},"3":{"name":"(anonymous_3)","decl":{"start":{"line":41,"column":46},"end":{"line":41,"column":47}},"loc":{"start":{"line":41,"column":61},"end":{"line":41,"column":91}},"line":41},"4":{"name":"(anonymous_4)","decl":{"start":{"line":42,"column":69},"end":{"line":42,"column":70}},"loc":{"start":{"line":42,"column":84},"end":{"line":42,"column":114}},"line":42},"5":{"name":"(anonymous_5)","decl":{"start":{"line":43,"column":74},"end":{"line":43,"column":75}},"loc":{"start":{"line":43,"column":89},"end":{"line":43,"column":119}},"line":43},"6":{"name":"(anonymous_6)","decl":{"start":{"line":46,"column":49},"end":{"line":46,"column":50}},"loc":{"start":{"line":46,"column":64},"end":{"line":46,"column":94}},"line":46}},"branchMap":{"0":{"loc":{"start":{"line":36,"column":93},"end":{"line":36,"column":115}},"type":"binary-expr","locations":[{"start":{"line":36,"column":93},"end":{"line":36,"column":110}},{"start":{"line":36,"column":114},"end":{"line":36,"column":115}}],"line":36},"1":{"loc":{"start":{"line":40,"column":74},"end":{"line":40,"column":96}},"type":"binary-expr","locations":[{"start":{"line":40,"column":74},"end":{"line":40,"column":91}},{"start":{"line":40,"column":95},"end":{"line":40,"column":96}}],"line":40},"2":{"loc":{"start":{"line":41,"column":68},"end":{"line":41,"column":90}},"type":"binary-expr","locations":[{"start":{"line":41,"column":68},"end":{"line":41,"column":85}},{"start":{"line":41,"column":89},"end":{"line":41,"column":90}}],"line":41},"3":{"loc":{"start":{"line":42,"column":91},"end":{"line":42,"column":113}},"type":"binary-expr","locations":[{"start":{"line":42,"column":91},"end":{"line":42,"column":108}},{"start":{"line":42,"column":112},"end":{"line":42,"column":113}}],"line":42},"4":{"loc":{"start":{"line":43,"column":96},"end":{"line":43,"column":118}},"type":"binary-expr","locations":[{"start":{"line":43,"column":96},"end":{"line":43,"column":113}},{"start":{"line":43,"column":117},"end":{"line":43,"column":118}}],"line":43},"5":{"loc":{"start":{"line":46,"column":71},"end":{"line":46,"column":93}},"type":"binary-expr","locations":[{"start":{"line":46,"column":71},"end":{"line":46,"column":88}},{"start":{"line":46,"column":92},"end":{"line":46,"column":93}}],"line":46}},"s":{"0":2,"1":2,"2":1,"3":1,"4":1,"5":1,"6":1,"7":1,"8":1,"9":1,"10":1,"11":1,"12":1,"13":1,"14":1,"15":1,"16":1,"17":1,"18":1,"19":1,"20":1,"21":1,"22":1,"23":1,"24":1,"25":1},"f":{"0":2,"1":1,"2":1,"3":1,"4":1,"5":1,"6":1},"b":{"0":[1,0],"1":[1,0],"2":[1,0],"3":[1,0],"4":[1,0],"5":[1,0]},"_coverageSchema":"1a1c01bbd47fc00a2c39e90264f33305004495a9","hash":"d7d71c1c5e8e4dcda6edf8b5f015562731722b81"}
,"/home/venkateshwarlu.n/Desktop/test/minorProject/Master-Financial-Planner/backend/controllers/admin/adminDashboardController.js": {"path":"/home/venkateshwarlu.n/Desktop/test/minorProject/Master-Financial-Planner/backend/controllers/admin/adminDashboardController.js","statementMap":{"0":{"start":{"line":6,"column":4},"end":{"line":44,"column":5}},"1":{"start":{"line":7,"column":27},"end":{"line":7,"column":54}},"2":{"start":{"line":8,"column":31},"end":{"line":15,"column":10}},"3":{"start":{"line":16,"column":39},"end":{"line":35,"column":10}},"4":{"start":{"line":37,"column":8},"end":{"line":41,"column":11}},"5":{"start":{"line":43,"column":8},"end":{"line":43,"column":85}}},"fnMap":{"0":{"name":"adminDashboardController","decl":{"start":{"line":5,"column":30},"end":{"line":5,"column":54}},"loc":{"start":{"line":5,"column":66},"end":{"line":45,"column":1}},"line":5}},"branchMap":{},"s":{"0":2,"1":2,"2":1,"3":1,"4":1,"5":1},"f":{"0":2},"b":{},"_coverageSchema":"1a1c01bbd47fc00a2c39e90264f33305004495a9","hash":"3525bd8141423095c329a11448e59fd5dc0f6a16"}
,"/home/venkateshwarlu.n/Desktop/test/minorProject/Master-Financial-Planner/backend/controllers/admin/adminLoginController.js": {"path":"/home/venkateshwarlu.n/Desktop/test/minorProject/Master-Financial-Planner/backend/controllers/admin/adminLoginController.js","statementMap":{"0":{"start":{"line":5,"column":17},"end":{"line":5,"column":25}},"1":{"start":{"line":6,"column":30},"end":{"line":6,"column":34}},"2":{"start":{"line":8,"column":27},"end":{"line":8,"column":54}},"3":{"start":{"line":10,"column":4},"end":{"line":12,"column":5}},"4":{"start":{"line":11,"column":8},"end":{"line":11,"column":87}},"5":{"start":{"line":14,"column":4},"end":{"line":37,"column":5}},"6":{"start":{"line":15,"column":22},"end":{"line":15,"column":50}},"7":{"start":{"line":16,"column":8},"end":{"line":18,"column":9}},"8":{"start":{"line":17,"column":12},"end":{"line":17,"column":71}},"9":{"start":{"line":20,"column":24},"end":{"line":20,"column":62}},"10":{"start":{"line":22,"column":8},"end":{"line":34,"column":9}},"11":{"start":{"line":23,"column":12},"end":{"line":23,"column":41}},"12":{"start":{"line":24,"column":12},"end":{"line":24,"column":31}},"13":{"start":{"line":26,"column":26},"end":{"line":26,"column":76}},"14":{"start":{"line":27,"column":12},"end":{"line":31,"column":15}},"15":{"start":{"line":33,"column":12},"end":{"line":33,"column":75}},"16":{"start":{"line":36,"column":8},"end":{"line":36,"column":86}}},"fnMap":{"0":{"name":"adminLoginController","decl":{"start":{"line":4,"column":30},"end":{"line":4,"column":50}},"loc":{"start":{"line":4,"column":61},"end":{"line":38,"column":1}},"line":4}},"branchMap":{"0":{"loc":{"start":{"line":10,"column":4},"end":{"line":12,"column":5}},"type":"if","locations":[{"start":{"line":10,"column":4},"end":{"line":12,"column":5}},{"start":{},"end":{}}],"line":10},"1":{"loc":{"start":{"line":16,"column":8},"end":{"line":18,"column":9}},"type":"if","locations":[{"start":{"line":16,"column":8},"end":{"line":18,"column":9}},{"start":{},"end":{}}],"line":16},"2":{"loc":{"start":{"line":22,"column":8},"end":{"line":34,"column":9}},"type":"if","locations":[{"start":{"line":22,"column":8},"end":{"line":34,"column":9}},{"start":{"line":32,"column":15},"end":{"line":34,"column":9}}],"line":22}},"s":{"0":3,"1":3,"2":3,"3":3,"4":0,"5":3,"6":3,"7":2,"8":0,"9":2,"10":2,"11":1,"12":1,"13":1,"14":1,"15":1,"16":1},"f":{"0":3},"b":{"0":[0,3],"1":[0,2],"2":[1,1]},"_coverageSchema":"1a1c01bbd47fc00a2c39e90264f33305004495a9","hash":"25ce6f0172f7f96742daab21b855c15f0fb5680a"}
,"/home/venkateshwarlu.n/Desktop/test/minorProject/Master-Financial-Planner/backend/controllers/admin/adminMutualfundsController.js": {"path":"/home/venkateshwarlu.n/Desktop/test/minorProject/Master-Financial-Planner/backend/controllers/admin/adminMutualfundsController.js","statementMap":{"0":{"start":{"line":3,"column":4},"end":{"line":26,"column":5}},"1":{"start":{"line":4,"column":28},"end":{"line":21,"column":10}},"2":{"start":{"line":23,"column":8},"end":{"line":23,"column":41}},"3":{"start":{"line":25,"column":8},"end":{"line":25,"column":85}}},"fnMap":{"0":{"name":"adminMutualfundsController","decl":{"start":{"line":2,"column":31},"end":{"line":2,"column":57}},"loc":{"start":{"line":2,"column":68},"end":{"line":27,"column":1}},"line":2}},"branchMap":{},"s":{"0":2,"1":2,"2":1,"3":1},"f":{"0":2},"b":{},"_coverageSchema":"1a1c01bbd47fc00a2c39e90264f33305004495a9","hash":"c056c09d3f6aa5d8f85371b79ccd39e01d14b524"}
,"/home/venkateshwarlu.n/Desktop/test/minorProject/Master-Financial-Planner/backend/controllers/admin/goalsController.js": {"path":"/home/venkateshwarlu.n/Desktop/test/minorProject/Master-Financial-Planner/backend/controllers/admin/goalsController.js","statementMap":{"0":{"start":{"line":3,"column":4},"end":{"line":101,"column":5}},"1":{"start":{"line":4,"column":41},"end":{"line":23,"column":9}},"2":{"start":{"line":5,"column":12},"end":{"line":5,"column":59}},"3":{"start":{"line":5,"column":47},"end":{"line":5,"column":59}},"4":{"start":{"line":7,"column":30},"end":{"line":7,"column":31}},"5":{"start":{"line":7,"column":50},"end":{"line":7,"column":51}},"6":{"start":{"line":7,"column":71},"end":{"line":7,"column":72}},"7":{"start":{"line":7,"column":90},"end":{"line":7,"column":91}},"8":{"start":{"line":8,"column":24},"end":{"line":8,"column":47}},"9":{"start":{"line":10,"column":12},"end":{"line":15,"column":15}},"10":{"start":{"line":11,"column":16},"end":{"line":11,"column":51}},"11":{"start":{"line":12,"column":16},"end":{"line":12,"column":55}},"12":{"start":{"line":13,"column":16},"end":{"line":13,"column":57}},"13":{"start":{"line":14,"column":16},"end":{"line":14,"column":53}},"14":{"start":{"line":17,"column":12},"end":{"line":22,"column":14}},"15":{"start":{"line":26,"column":27},"end":{"line":46,"column":10}},"16":{"start":{"line":47,"column":32},"end":{"line":51,"column":9}},"17":{"start":{"line":52,"column":8},"end":{"line":54,"column":11}},"18":{"start":{"line":53,"column":12},"end":{"line":53,"column":51}},"19":{"start":{"line":56,"column":33},"end":{"line":94,"column":12}},"20":{"start":{"line":95,"column":32},"end":{"line":95,"column":74}},"21":{"start":{"line":97,"column":8},"end":{"line":97,"column":72}},"22":{"start":{"line":100,"column":8},"end":{"line":100,"column":95}}},"fnMap":{"0":{"name":"goaslController","decl":{"start":{"line":2,"column":30},"end":{"line":2,"column":45}},"loc":{"start":{"line":2,"column":56},"end":{"line":102,"column":1}},"line":2},"1":{"name":"(anonymous_1)","decl":{"start":{"line":4,"column":41},"end":{"line":4,"column":42}},"loc":{"start":{"line":4,"column":63},"end":{"line":23,"column":9}},"line":4},"2":{"name":"(anonymous_2)","decl":{"start":{"line":10,"column":37},"end":{"line":10,"column":38}},"loc":{"start":{"line":10,"column":45},"end":{"line":15,"column":13}},"line":10},"3":{"name":"(anonymous_3)","decl":{"start":{"line":52,"column":27},"end":{"line":52,"column":28}},"loc":{"start":{"line":52,"column":35},"end":{"line":54,"column":9}},"line":52}},"branchMap":{"0":{"loc":{"start":{"line":5,"column":12},"end":{"line":5,"column":59}},"type":"if","locations":[{"start":{"line":5,"column":12},"end":{"line":5,"column":59}},{"start":{},"end":{}}],"line":5}},"s":{"0":2,"1":2,"2":1,"3":0,"4":1,"5":1,"6":1,"7":1,"8":1,"9":1,"10":1,"11":1,"12":1,"13":1,"14":1,"15":2,"16":1,"17":1,"18":1,"19":1,"20":1,"21":1,"22":1},"f":{"0":2,"1":1,"2":1,"3":1},"b":{"0":[0,1]},"_coverageSchema":"1a1c01bbd47fc00a2c39e90264f33305004495a9","hash":"8a88aa212611c02bf080ecbcfc3c87d9aa8d83a4"}
,"/home/venkateshwarlu.n/Desktop/test/minorProject/Master-Financial-Planner/backend/controllers/admin/userEngagementController.js": {"path":"/home/venkateshwarlu.n/Desktop/test/minorProject/Master-Financial-Planner/backend/controllers/admin/userEngagementController.js","statementMap":{"0":{"start":{"line":4,"column":4},"end":{"line":62,"column":5}},"1":{"start":{"line":5,"column":27},"end":{"line":5,"column":54}},"2":{"start":{"line":7,"column":34},"end":{"line":11,"column":10}},"3":{"start":{"line":13,"column":33},"end":{"line":17,"column":10}},"4":{"start":{"line":19,"column":34},"end":{"line":23,"column":10}},"5":{"start":{"line":25,"column":35},"end":{"line":29,"column":10}},"6":{"start":{"line":31,"column":23},"end":{"line":38,"column":10}},"7":{"start":{"line":40,"column":31},"end":{"line":47,"column":10}},"8":{"start":{"line":49,"column":8},"end":{"line":59,"column":11}},"9":{"start":{"line":61,"column":8},"end":{"line":61,"column":77}}},"fnMap":{"0":{"name":"userEngagementController","decl":{"start":{"line":2,"column":30},"end":{"line":2,"column":54}},"loc":{"start":{"line":2,"column":65},"end":{"line":63,"column":1}},"line":2}},"branchMap":{},"s":{"0":2,"1":2,"2":1,"3":1,"4":1,"5":1,"6":1,"7":1,"8":1,"9":1},"f":{"0":2},"b":{},"_coverageSchema":"1a1c01bbd47fc00a2c39e90264f33305004495a9","hash":"ec861bdc452f0af175f67a623b9cfedb0780321e"}
,"/home/venkateshwarlu.n/Desktop/test/minorProject/Master-Financial-Planner/backend/controllers/get/arbitrageController.js": {"path":"/home/venkateshwarlu.n/Desktop/test/minorProject/Master-Financial-Planner/backend/controllers/get/arbitrageController.js","statementMap":{"0":{"start":{"line":7,"column":19},"end":{"line":7,"column":27}},"1":{"start":{"line":9,"column":4},"end":{"line":20,"column":5}},"2":{"start":{"line":10,"column":21},"end":{"line":10,"column":48}},"3":{"start":{"line":11,"column":8},"end":{"line":13,"column":9}},"4":{"start":{"line":12,"column":12},"end":{"line":12,"column":70}},"5":{"start":{"line":15,"column":22},"end":{"line":15,"column":34}},"6":{"start":{"line":17,"column":8},"end":{"line":17,"column":43}},"7":{"start":{"line":19,"column":8},"end":{"line":19,"column":90}}},"fnMap":{"0":{"name":"arbitrageController","decl":{"start":{"line":6,"column":30},"end":{"line":6,"column":49}},"loc":{"start":{"line":6,"column":59},"end":{"line":21,"column":1}},"line":6}},"branchMap":{"0":{"loc":{"start":{"line":11,"column":8},"end":{"line":13,"column":9}},"type":"if","locations":[{"start":{"line":11,"column":8},"end":{"line":13,"column":9}},{"start":{},"end":{}}],"line":11}},"s":{"0":2,"1":2,"2":2,"3":2,"4":1,"5":1,"6":1,"7":0},"f":{"0":2},"b":{"0":[1,1]},"_coverageSchema":"1a1c01bbd47fc00a2c39e90264f33305004495a9","hash":"5f12fedcf9bc7ef24f0fa5766d74bc35ad817e75"}
,"/home/venkateshwarlu.n/Desktop/test/minorProject/Master-Financial-Planner/backend/controllers/get/autoSuggestionMFController.js": {"path":"/home/venkateshwarlu.n/Desktop/test/minorProject/Master-Financial-Planner/backend/controllers/get/autoSuggestionMFController.js","statementMap":{"0":{"start":{"line":3,"column":15},"end":{"line":3,"column":19}},"1":{"start":{"line":5,"column":19},"end":{"line":32,"column":1}},"2":{"start":{"line":6,"column":21},"end":{"line":8,"column":6}},"3":{"start":{"line":10,"column":18},"end":{"line":10,"column":43}},"4":{"start":{"line":14,"column":4},"end":{"line":31,"column":7}},"5":{"start":{"line":15,"column":29},"end":{"line":15,"column":76}},"6":{"start":{"line":15,"column":51},"end":{"line":15,"column":75}},"7":{"start":{"line":16,"column":26},"end":{"line":16,"column":67}},"8":{"start":{"line":17,"column":8},"end":{"line":19,"column":9}},"9":{"start":{"line":18,"column":12},"end":{"line":18,"column":49}},"10":{"start":{"line":20,"column":23},"end":{"line":20,"column":69}},"11":{"start":{"line":20,"column":45},"end":{"line":20,"column":68}},"12":{"start":{"line":22,"column":23},"end":{"line":22,"column":32}},"13":{"start":{"line":23,"column":8},"end":{"line":25,"column":9}},"14":{"start":{"line":24,"column":12},"end":{"line":24,"column":73}},"15":{"start":{"line":26,"column":8},"end":{"line":30,"column":10}},"16":{"start":{"line":36,"column":31},"end":{"line":36,"column":40}},"17":{"start":{"line":38,"column":4},"end":{"line":45,"column":5}},"18":{"start":{"line":39,"column":8},"end":{"line":39,"column":27}},"19":{"start":{"line":42,"column":8},"end":{"line":44,"column":32}},"20":{"start":{"line":43,"column":12},"end":{"line":43,"column":31}},"21":{"start":{"line":47,"column":26},"end":{"line":47,"column":113}},"22":{"start":{"line":47,"column":50},"end":{"line":47,"column":112}},"23":{"start":{"line":49,"column":26},"end":{"line":49,"column":108}},"24":{"start":{"line":49,"column":55},"end":{"line":49,"column":107}},"25":{"start":{"line":52,"column":4},"end":{"line":52,"column":35}}},"fnMap":{"0":{"name":"(anonymous_0)","decl":{"start":{"line":5,"column":19},"end":{"line":5,"column":20}},"loc":{"start":{"line":5,"column":31},"end":{"line":32,"column":1}},"line":5},"1":{"name":"(anonymous_1)","decl":{"start":{"line":14,"column":25},"end":{"line":14,"column":26}},"loc":{"start":{"line":14,"column":35},"end":{"line":31,"column":5}},"line":14},"2":{"name":"(anonymous_2)","decl":{"start":{"line":15,"column":46},"end":{"line":15,"column":47}},"loc":{"start":{"line":15,"column":51},"end":{"line":15,"column":75}},"line":15},"3":{"name":"(anonymous_3)","decl":{"start":{"line":20,"column":40},"end":{"line":20,"column":41}},"loc":{"start":{"line":20,"column":45},"end":{"line":20,"column":68}},"line":20},"4":{"name":"autoSuggestionMFController","decl":{"start":{"line":35,"column":30},"end":{"line":35,"column":56}},"loc":{"start":{"line":35,"column":66},"end":{"line":53,"column":1}},"line":35},"5":{"name":"(anonymous_5)","decl":{"start":{"line":42,"column":20},"end":{"line":42,"column":21}},"loc":{"start":{"line":42,"column":32},"end":{"line":44,"column":9}},"line":42},"6":{"name":"(anonymous_6)","decl":{"start":{"line":47,"column":42},"end":{"line":47,"column":43}},"loc":{"start":{"line":47,"column":50},"end":{"line":47,"column":112}},"line":47},"7":{"name":"(anonymous_7)","decl":{"start":{"line":49,"column":47},"end":{"line":49,"column":48}},"loc":{"start":{"line":49,"column":55},"end":{"line":49,"column":107}},"line":49}},"branchMap":{"0":{"loc":{"start":{"line":16,"column":26},"end":{"line":16,"column":67}},"type":"cond-expr","locations":[{"start":{"line":16,"column":41},"end":{"line":16,"column":60}},{"start":{"line":16,"column":63},"end":{"line":16,"column":67}}],"line":16},"1":{"loc":{"start":{"line":17,"column":8},"end":{"line":19,"column":9}},"type":"if","locations":[{"start":{"line":17,"column":8},"end":{"line":19,"column":9}},{"start":{},"end":{}}],"line":17},"2":{"loc":{"start":{"line":17,"column":11},"end":{"line":17,"column":79}},"type":"binary-expr","locations":[{"start":{"line":17,"column":11},"end":{"line":17,"column":43}},{"start":{"line":17,"column":47},"end":{"line":17,"column":79}}],"line":17},"3":{"loc":{"start":{"line":23,"column":8},"end":{"line":25,"column":9}},"type":"if","locations":[{"start":{"line":23,"column":8},"end":{"line":25,"column":9}},{"start":{},"end":{}}],"line":23},"4":{"loc":{"start":{"line":29,"column":18},"end":{"line":29,"column":50}},"type":"cond-expr","locations":[{"start":{"line":29,"column":27},"end":{"line":29,"column":43}},{"start":{"line":29,"column":46},"end":{"line":29,"column":50}}],"line":29},"5":{"loc":{"start":{"line":38,"column":4},"end":{"line":45,"column":5}},"type":"if","locations":[{"start":{"line":38,"column":4},"end":{"line":45,"column":5}},{"start":{},"end":{}}],"line":38}},"s":{"0":1,"1":1,"2":1,"3":1,"4":1,"5":3,"6":3,"7":3,"8":3,"9":2,"10":3,"11":6,"12":3,"13":3,"14":3,"15":3,"16":3,"17":3,"18":1,"19":1,"20":0,"21":3,"22":9,"23":3,"24":6,"25":3},"f":{"0":1,"1":3,"2":3,"3":6,"4":3,"5":0,"6":9,"7":6},"b":{"0":[3,0],"1":[2,1],"2":[3,2],"3":[3,0],"4":[3,0],"5":[1,2]},"_coverageSchema":"1a1c01bbd47fc00a2c39e90264f33305004495a9","hash":"de8034b61edbf51c0daa0c633b5889c29018734e"}
,"/home/venkateshwarlu.n/Desktop/test/minorProject/Master-Financial-Planner/backend/controllers/get/autoSuggestionStockController.js": {"path":"/home/venkateshwarlu.n/Desktop/test/minorProject/Master-Financial-Planner/backend/controllers/get/autoSuggestionStockController.js","statementMap":{"0":{"start":{"line":6,"column":4},"end":{"line":8,"column":5}},"1":{"start":{"line":7,"column":8},"end":{"line":7,"column":47}},"2":{"start":{"line":10,"column":21},"end":{"line":10,"column":30}},"3":{"start":{"line":13,"column":24},"end":{"line":13,"column":108}},"4":{"start":{"line":13,"column":55},"end":{"line":13,"column":107}},"5":{"start":{"line":15,"column":4},"end":{"line":15,"column":37}}},"fnMap":{"0":{"name":"autoSuggestionStockController","decl":{"start":{"line":5,"column":30},"end":{"line":5,"column":59}},"loc":{"start":{"line":5,"column":69},"end":{"line":16,"column":1}},"line":5},"1":{"name":"(anonymous_1)","decl":{"start":{"line":13,"column":42},"end":{"line":13,"column":43}},"loc":{"start":{"line":13,"column":55},"end":{"line":13,"column":107}},"line":13}},"branchMap":{"0":{"loc":{"start":{"line":6,"column":4},"end":{"line":8,"column":5}},"type":"if","locations":[{"start":{"line":6,"column":4},"end":{"line":8,"column":5}},{"start":{},"end":{}}],"line":6}},"s":{"0":3,"1":1,"2":3,"3":3,"4":9,"5":3},"f":{"0":3,"1":9},"b":{"0":[1,2]},"_coverageSchema":"1a1c01bbd47fc00a2c39e90264f33305004495a9","hash":"63bd648358bd2110a1025e903364b30f1112bbc4"}
,"/home/venkateshwarlu.n/Desktop/test/minorProject/Master-Financial-Planner/backend/controllers/get/debtFundsController.js": {"path":"/home/venkateshwarlu.n/Desktop/test/minorProject/Master-Financial-Planner/backend/controllers/get/debtFundsController.js","statementMap":{"0":{"start":{"line":5,"column":19},"end":{"line":5,"column":27}},"1":{"start":{"line":7,"column":4},"end":{"line":19,"column":5}},"2":{"start":{"line":8,"column":21},"end":{"line":8,"column":48}},"3":{"start":{"line":10,"column":8},"end":{"line":12,"column":9}},"4":{"start":{"line":11,"column":12},"end":{"line":11,"column":70}},"5":{"start":{"line":14,"column":22},"end":{"line":14,"column":39}},"6":{"start":{"line":16,"column":8},"end":{"line":16,"column":43}},"7":{"start":{"line":18,"column":8},"end":{"line":18,"column":94}}},"fnMap":{"0":{"name":"debtFundsController","decl":{"start":{"line":4,"column":30},"end":{"line":4,"column":49}},"loc":{"start":{"line":4,"column":59},"end":{"line":20,"column":1}},"line":4}},"branchMap":{"0":{"loc":{"start":{"line":10,"column":8},"end":{"line":12,"column":9}},"type":"if","locations":[{"start":{"line":10,"column":8},"end":{"line":12,"column":9}},{"start":{},"end":{}}],"line":10}},"s":{"0":3,"1":3,"2":3,"3":2,"4":1,"5":1,"6":1,"7":1},"f":{"0":3},"b":{"0":[1,1]},"_coverageSchema":"1a1c01bbd47fc00a2c39e90264f33305004495a9","hash":"2aea554876db088a8ea896ee53a40ac1cacc04cc"}
,"/home/venkateshwarlu.n/Desktop/test/minorProject/Master-Financial-Planner/backend/controllers/get/equitySaverController.js": {"path":"/home/venkateshwarlu.n/Desktop/test/minorProject/Master-Financial-Planner/backend/controllers/get/equitySaverController.js","statementMap":{"0":{"start":{"line":5,"column":19},"end":{"line":5,"column":27}},"1":{"start":{"line":7,"column":4},"end":{"line":19,"column":5}},"2":{"start":{"line":8,"column":21},"end":{"line":8,"column":48}},"3":{"start":{"line":10,"column":8},"end":{"line":12,"column":9}},"4":{"start":{"line":11,"column":12},"end":{"line":11,"column":70}},"5":{"start":{"line":14,"column":22},"end":{"line":14,"column":34}},"6":{"start":{"line":16,"column":8},"end":{"line":16,"column":43}},"7":{"start":{"line":18,"column":8},"end":{"line":18,"column":94}}},"fnMap":{"0":{"name":"equitySaverController","decl":{"start":{"line":4,"column":30},"end":{"line":4,"column":51}},"loc":{"start":{"line":4,"column":61},"end":{"line":20,"column":1}},"line":4}},"branchMap":{"0":{"loc":{"start":{"line":10,"column":8},"end":{"line":12,"column":9}},"type":"if","locations":[{"start":{"line":10,"column":8},"end":{"line":12,"column":9}},{"start":{},"end":{}}],"line":10}},"s":{"0":3,"1":3,"2":3,"3":2,"4":1,"5":1,"6":1,"7":1},"f":{"0":3},"b":{"0":[1,1]},"_coverageSchema":"1a1c01bbd47fc00a2c39e90264f33305004495a9","hash":"5a6710843f6a40b1438304f9a492f49782519fe9"}
,"/home/venkateshwarlu.n/Desktop/test/minorProject/Master-Financial-Planner/backend/controllers/get/getAssumptionController.js": {"path":"/home/venkateshwarlu.n/Desktop/test/minorProject/Master-Financial-Planner/backend/controllers/get/getAssumptionController.js","statementMap":{"0":{"start":{"line":5,"column":19},"end":{"line":5,"column":27}},"1":{"start":{"line":7,"column":4},"end":{"line":18,"column":5}},"2":{"start":{"line":8,"column":21},"end":{"line":8,"column":48}},"3":{"start":{"line":10,"column":20},"end":{"line":10,"column":68}},"4":{"start":{"line":12,"column":8},"end":{"line":15,"column":97}},"5":{"start":{"line":13,"column":12},"end":{"line":13,"column":54}},"6":{"start":{"line":15,"column":12},"end":{"line":15,"column":97}},"7":{"start":{"line":17,"column":8},"end":{"line":17,"column":91}}},"fnMap":{"0":{"name":"getAssumptionController","decl":{"start":{"line":4,"column":30},"end":{"line":4,"column":53}},"loc":{"start":{"line":4,"column":65},"end":{"line":19,"column":1}},"line":4}},"branchMap":{"0":{"loc":{"start":{"line":12,"column":8},"end":{"line":15,"column":97}},"type":"if","locations":[{"start":{"line":12,"column":8},"end":{"line":15,"column":97}},{"start":{"line":15,"column":12},"end":{"line":15,"column":97}}],"line":12}},"s":{"0":3,"1":3,"2":3,"3":2,"4":2,"5":1,"6":1,"7":1},"f":{"0":3},"b":{"0":[1,1]},"_coverageSchema":"1a1c01bbd47fc00a2c39e90264f33305004495a9","hash":"2c4b5547e07893c1f5f7c5c6cdc8d1e3faf66893"}
,"/home/venkateshwarlu.n/Desktop/test/minorProject/Master-Financial-Planner/backend/controllers/get/getCashFlowsController.js": {"path":"/home/venkateshwarlu.n/Desktop/test/minorProject/Master-Financial-Planner/backend/controllers/get/getCashFlowsController.js","statementMap":{"0":{"start":{"line":6,"column":19},"end":{"line":6,"column":27}},"1":{"start":{"line":8,"column":4},"end":{"line":19,"column":5}},"2":{"start":{"line":9,"column":21},"end":{"line":9,"column":48}},"3":{"start":{"line":11,"column":30},"end":{"line":11,"column":99}},"4":{"start":{"line":13,"column":8},"end":{"line":16,"column":76}},"5":{"start":{"line":14,"column":12},"end":{"line":14,"column":57}},"6":{"start":{"line":16,"column":12},"end":{"line":16,"column":76}},"7":{"start":{"line":18,"column":8},"end":{"line":18,"column":91}}},"fnMap":{"0":{"name":"getCashFlowsController","decl":{"start":{"line":5,"column":30},"end":{"line":5,"column":52}},"loc":{"start":{"line":5,"column":63},"end":{"line":20,"column":1}},"line":5}},"branchMap":{"0":{"loc":{"start":{"line":13,"column":8},"end":{"line":16,"column":76}},"type":"if","locations":[{"start":{"line":13,"column":8},"end":{"line":16,"column":76}},{"start":{"line":16,"column":12},"end":{"line":16,"column":76}}],"line":13}},"s":{"0":3,"1":3,"2":3,"3":2,"4":2,"5":1,"6":1,"7":1},"f":{"0":3},"b":{"0":[1,1]},"_coverageSchema":"1a1c01bbd47fc00a2c39e90264f33305004495a9","hash":"cc8ef53994aedd39a01ca103e327e2d674e90163"}
,"/home/venkateshwarlu.n/Desktop/test/minorProject/Master-Financial-Planner/backend/controllers/get/getCryptoController.js": {"path":"/home/venkateshwarlu.n/Desktop/test/minorProject/Master-Financial-Planner/backend/controllers/get/getCryptoController.js","statementMap":{"0":{"start":{"line":6,"column":19},"end":{"line":6,"column":27}},"1":{"start":{"line":8,"column":4},"end":{"line":20,"column":5}},"2":{"start":{"line":9,"column":21},"end":{"line":9,"column":48}},"3":{"start":{"line":11,"column":27},"end":{"line":11,"column":106}},"4":{"start":{"line":13,"column":8},"end":{"line":16,"column":80}},"5":{"start":{"line":14,"column":12},"end":{"line":14,"column":60}},"6":{"start":{"line":16,"column":12},"end":{"line":16,"column":80}},"7":{"start":{"line":19,"column":8},"end":{"line":19,"column":91}}},"fnMap":{"0":{"name":"getCryptoController","decl":{"start":{"line":5,"column":30},"end":{"line":5,"column":49}},"loc":{"start":{"line":5,"column":60},"end":{"line":21,"column":1}},"line":5}},"branchMap":{"0":{"loc":{"start":{"line":13,"column":8},"end":{"line":16,"column":80}},"type":"if","locations":[{"start":{"line":13,"column":8},"end":{"line":16,"column":80}},{"start":{"line":16,"column":12},"end":{"line":16,"column":80}}],"line":13}},"s":{"0":5,"1":5,"2":5,"3":4,"4":2,"5":1,"6":1,"7":3},"f":{"0":5},"b":{"0":[1,1]},"_coverageSchema":"1a1c01bbd47fc00a2c39e90264f33305004495a9","hash":"c5039a2bc6e0201cc9d0a0937ed2f5ab5e25310b"}
,"/home/venkateshwarlu.n/Desktop/test/minorProject/Master-Financial-Planner/backend/controllers/get/getDashBoardController.js": {"path":"/home/venkateshwarlu.n/Desktop/test/minorProject/Master-Financial-Planner/backend/controllers/get/getDashBoardController.js","statementMap":{"0":{"start":{"line":8,"column":4},"end":{"line":34,"column":5}},"1":{"start":{"line":9,"column":23},"end":{"line":9,"column":31}},"2":{"start":{"line":10,"column":21},"end":{"line":10,"column":48}},"3":{"start":{"line":11,"column":72},"end":{"line":11,"column":112}},"4":{"start":{"line":12,"column":8},"end":{"line":14,"column":9}},"5":{"start":{"line":13,"column":12},"end":{"line":13,"column":51}},"6":{"start":{"line":16,"column":26},"end":{"line":16,"column":79}},"7":{"start":{"line":17,"column":28},"end":{"line":24,"column":9}},"8":{"start":{"line":26,"column":34},"end":{"line":26,"column":63}},"9":{"start":{"line":28,"column":20},"end":{"line":28,"column":65}},"10":{"start":{"line":30,"column":8},"end":{"line":30,"column":154}},"11":{"start":{"line":33,"column":8},"end":{"line":33,"column":61}},"12":{"start":{"line":39,"column":23},"end":{"line":39,"column":78}},"13":{"start":{"line":40,"column":27},"end":{"line":40,"column":124}},"14":{"start":{"line":41,"column":21},"end":{"line":41,"column":36}},"15":{"start":{"line":42,"column":17},"end":{"line":42,"column":109}},"16":{"start":{"line":43,"column":17},"end":{"line":43,"column":70}},"17":{"start":{"line":44,"column":19},"end":{"line":44,"column":32}},"18":{"start":{"line":46,"column":4},"end":{"line":46,"column":70}},"19":{"start":{"line":51,"column":4},"end":{"line":89,"column":5}},"20":{"start":{"line":52,"column":26},"end":{"line":52,"column":58}},"21":{"start":{"line":53,"column":22},"end":{"line":53,"column":37}},"22":{"start":{"line":55,"column":52},"end":{"line":55,"column":80}},"23":{"start":{"line":58,"column":19},"end":{"line":65,"column":9}},"24":{"start":{"line":69,"column":8},"end":{"line":84,"column":9}},"25":{"start":{"line":69,"column":18},"end":{"line":69,"column":19}},"26":{"start":{"line":70,"column":32},"end":{"line":70,"column":40}},"27":{"start":{"line":72,"column":36},"end":{"line":72,"column":68}},"28":{"start":{"line":73,"column":31},"end":{"line":73,"column":47}},"29":{"start":{"line":75,"column":12},"end":{"line":83,"column":13}},"30":{"start":{"line":76,"column":16},"end":{"line":76,"column":66}},"31":{"start":{"line":78,"column":17},"end":{"line":83,"column":13}},"32":{"start":{"line":79,"column":16},"end":{"line":79,"column":67}},"33":{"start":{"line":82,"column":16},"end":{"line":82,"column":65}},"34":{"start":{"line":86,"column":8},"end":{"line":86,"column":20}},"35":{"start":{"line":88,"column":8},"end":{"line":88,"column":20}},"36":{"start":{"line":93,"column":17},"end":{"line":93,"column":34}},"37":{"start":{"line":94,"column":19},"end":{"line":94,"column":38}},"38":{"start":{"line":97,"column":4},"end":{"line":104,"column":5}},"39":{"start":{"line":97,"column":14},"end":{"line":97,"column":15}},"40":{"start":{"line":98,"column":8},"end":{"line":103,"column":9}},"41":{"start":{"line":99,"column":24},"end":{"line":99,"column":31}},"42":{"start":{"line":100,"column":26},"end":{"line":100,"column":27}},"43":{"start":{"line":101,"column":12},"end":{"line":101,"column":60}},"44":{"start":{"line":102,"column":12},"end":{"line":102,"column":33}},"45":{"start":{"line":106,"column":4},"end":{"line":106,"column":16}}},"fnMap":{"0":{"name":"getDashBoardController","decl":{"start":{"line":7,"column":30},"end":{"line":7,"column":52}},"loc":{"start":{"line":7,"column":62},"end":{"line":36,"column":1}},"line":7},"1":{"name":"getTotalSum","decl":{"start":{"line":38,"column":16},"end":{"line":38,"column":27}},"loc":{"start":{"line":38,"column":45},"end":{"line":47,"column":1}},"line":38},"2":{"name":"requiredInvestableAssetAllocation","decl":{"start":{"line":50,"column":22},"end":{"line":50,"column":55}},"loc":{"start":{"line":50,"column":61},"end":{"line":90,"column":1}},"line":50},"3":{"name":"getValue","decl":{"start":{"line":92,"column":9},"end":{"line":92,"column":17}},"loc":{"start":{"line":92,"column":46},"end":{"line":108,"column":1}},"line":92}},"branchMap":{"0":{"loc":{"start":{"line":12,"column":8},"end":{"line":14,"column":9}},"type":"if","locations":[{"start":{"line":12,"column":8},"end":{"line":14,"column":9}},{"start":{},"end":{}}],"line":12},"1":{"loc":{"start":{"line":75,"column":12},"end":{"line":83,"column":13}},"type":"if","locations":[{"start":{"line":75,"column":12},"end":{"line":83,"column":13}},{"start":{"line":78,"column":17},"end":{"line":83,"column":13}}],"line":75},"2":{"loc":{"start":{"line":78,"column":17},"end":{"line":83,"column":13}},"type":"if","locations":[{"start":{"line":78,"column":17},"end":{"line":83,"column":13}},{"start":{"line":81,"column":16},"end":{"line":83,"column":13}}],"line":78},"3":{"loc":{"start":{"line":98,"column":8},"end":{"line":103,"column":9}},"type":"if","locations":[{"start":{"line":98,"column":8},"end":{"line":103,"column":9}},{"start":{},"end":{}}],"line":98}},"s":{"0":2,"1":2,"2":2,"3":2,"4":2,"5":1,"6":1,"7":1,"8":1,"9":1,"10":1,"11":0,"12":3,"13":3,"14":3,"15":3,"16":3,"17":3,"18":3,"19":3,"20":3,"21":2,"22":2,"23":2,"24":2,"25":2,"26":2,"27":2,"28":2,"29":2,"30":0,"31":2,"32":2,"33":0,"34":2,"35":1,"36":2,"37":2,"38":2,"39":2,"40":12,"41":10,"42":10,"43":10,"44":10,"45":2},"f":{"0":2,"1":3,"2":3,"3":2},"b":{"0":[1,1],"1":[0,2],"2":[2,0],"3":[10,2]},"_coverageSchema":"1a1c01bbd47fc00a2c39e90264f33305004495a9","hash":"8029b5b86988b12f5baacdeb8962786e9e567d09"}
,"/home/venkateshwarlu.n/Desktop/test/minorProject/Master-Financial-Planner/backend/controllers/get/getDebtController.js": {"path":"/home/venkateshwarlu.n/Desktop/test/minorProject/Master-Financial-Planner/backend/controllers/get/getDebtController.js","statementMap":{"0":{"start":{"line":5,"column":19},"end":{"line":5,"column":27}},"1":{"start":{"line":7,"column":4},"end":{"line":18,"column":5}},"2":{"start":{"line":8,"column":21},"end":{"line":8,"column":48}},"3":{"start":{"line":10,"column":25},"end":{"line":10,"column":84}},"4":{"start":{"line":12,"column":8},"end":{"line":15,"column":70}},"5":{"start":{"line":13,"column":12},"end":{"line":13,"column":47}},"6":{"start":{"line":15,"column":12},"end":{"line":15,"column":70}},"7":{"start":{"line":17,"column":8},"end":{"line":17,"column":91}}},"fnMap":{"0":{"name":"getDebtController","decl":{"start":{"line":4,"column":30},"end":{"line":4,"column":47}},"loc":{"start":{"line":4,"column":58},"end":{"line":20,"column":1}},"line":4}},"branchMap":{"0":{"loc":{"start":{"line":12,"column":8},"end":{"line":15,"column":70}},"type":"if","locations":[{"start":{"line":12,"column":8},"end":{"line":15,"column":70}},{"start":{"line":15,"column":12},"end":{"line":15,"column":70}}],"line":12}},"s":{"0":3,"1":3,"2":3,"3":2,"4":2,"5":1,"6":1,"7":1},"f":{"0":3},"b":{"0":[1,1]},"_coverageSchema":"1a1c01bbd47fc00a2c39e90264f33305004495a9","hash":"10410280b118f8b5181b14e5581fadae8ac1a8f7"}
,"/home/venkateshwarlu.n/Desktop/test/minorProject/Master-Financial-Planner/backend/controllers/get/getDomesticEquityController.js": {"path":"/home/venkateshwarlu.n/Desktop/test/minorProject/Master-Financial-Planner/backend/controllers/get/getDomesticEquityController.js","statementMap":{"0":{"start":{"line":6,"column":19},"end":{"line":6,"column":27}},"1":{"start":{"line":8,"column":4},"end":{"line":19,"column":5}},"2":{"start":{"line":9,"column":21},"end":{"line":9,"column":48}},"3":{"start":{"line":11,"column":35},"end":{"line":11,"column":114}},"4":{"start":{"line":13,"column":8},"end":{"line":16,"column":78}},"5":{"start":{"line":14,"column":12},"end":{"line":14,"column":67}},"6":{"start":{"line":16,"column":12},"end":{"line":16,"column":78}},"7":{"start":{"line":18,"column":8},"end":{"line":18,"column":91}}},"fnMap":{"0":{"name":"getDomesticEquityController","decl":{"start":{"line":5,"column":30},"end":{"line":5,"column":57}},"loc":{"start":{"line":5,"column":68},"end":{"line":20,"column":1}},"line":5}},"branchMap":{"0":{"loc":{"start":{"line":13,"column":8},"end":{"line":16,"column":78}},"type":"if","locations":[{"start":{"line":13,"column":8},"end":{"line":16,"column":78}},{"start":{"line":16,"column":12},"end":{"line":16,"column":78}}],"line":13}},"s":{"0":5,"1":5,"2":5,"3":4,"4":2,"5":1,"6":1,"7":3},"f":{"0":5},"b":{"0":[1,1]},"_coverageSchema":"1a1c01bbd47fc00a2c39e90264f33305004495a9","hash":"b345096c853c40387bb5711e1c115937653835fb"}
,"/home/venkateshwarlu.n/Desktop/test/minorProject/Master-Financial-Planner/backend/controllers/get/getFinancialGoalsController.js": {"path":"/home/venkateshwarlu.n/Desktop/test/minorProject/Master-Financial-Planner/backend/controllers/get/getFinancialGoalsController.js","statementMap":{"0":{"start":{"line":8,"column":19},"end":{"line":8,"column":27}},"1":{"start":{"line":10,"column":4},"end":{"line":39,"column":5}},"2":{"start":{"line":11,"column":21},"end":{"line":11,"column":55}},"3":{"start":{"line":13,"column":27},"end":{"line":13,"column":66}},"4":{"start":{"line":15,"column":20},"end":{"line":15,"column":55}},"5":{"start":{"line":17,"column":30},"end":{"line":17,"column":86}},"6":{"start":{"line":19,"column":20},"end":{"line":19,"column":82}},"7":{"start":{"line":19,"column":29},"end":{"line":19,"column":82}},"8":{"start":{"line":19,"column":69},"end":{"line":19,"column":78}},"9":{"start":{"line":21,"column":30},"end":{"line":21,"column":86}},"10":{"start":{"line":23,"column":44},"end":{"line":23,"column":84}},"11":{"start":{"line":25,"column":8},"end":{"line":34,"column":10}},"12":{"start":{"line":38,"column":8},"end":{"line":38,"column":85}}},"fnMap":{"0":{"name":"getFinancialGoalsController","decl":{"start":{"line":7,"column":30},"end":{"line":7,"column":57}},"loc":{"start":{"line":7,"column":68},"end":{"line":40,"column":1}},"line":7},"1":{"name":"(anonymous_1)","decl":{"start":{"line":19,"column":20},"end":{"line":19,"column":21}},"loc":{"start":{"line":19,"column":29},"end":{"line":19,"column":82}},"line":19},"2":{"name":"(anonymous_2)","decl":{"start":{"line":19,"column":55},"end":{"line":19,"column":56}},"loc":{"start":{"line":19,"column":69},"end":{"line":19,"column":78}},"line":19}},"branchMap":{},"s":{"0":2,"1":2,"2":2,"3":1,"4":1,"5":1,"6":1,"7":2,"8":2,"9":1,"10":1,"11":1,"12":1},"f":{"0":2,"1":2,"2":2},"b":{},"_coverageSchema":"1a1c01bbd47fc00a2c39e90264f33305004495a9","hash":"f0ae86ed35e63538f8d25fc21cfc3aa431365acf"}
,"/home/venkateshwarlu.n/Desktop/test/minorProject/Master-Financial-Planner/backend/controllers/get/getForeignEquityController.js": {"path":"/home/venkateshwarlu.n/Desktop/test/minorProject/Master-Financial-Planner/backend/controllers/get/getForeignEquityController.js","statementMap":{"0":{"start":{"line":5,"column":19},"end":{"line":5,"column":27}},"1":{"start":{"line":7,"column":4},"end":{"line":18,"column":5}},"2":{"start":{"line":8,"column":21},"end":{"line":8,"column":48}},"3":{"start":{"line":10,"column":34},"end":{"line":10,"column":111}},"4":{"start":{"line":12,"column":8},"end":{"line":15,"column":80}},"5":{"start":{"line":13,"column":12},"end":{"line":13,"column":65}},"6":{"start":{"line":15,"column":12},"end":{"line":15,"column":80}},"7":{"start":{"line":17,"column":8},"end":{"line":17,"column":91}}},"fnMap":{"0":{"name":"getForeignEquityController","decl":{"start":{"line":4,"column":30},"end":{"line":4,"column":56}},"loc":{"start":{"line":4,"column":67},"end":{"line":19,"column":1}},"line":4}},"branchMap":{"0":{"loc":{"start":{"line":12,"column":8},"end":{"line":15,"column":80}},"type":"if","locations":[{"start":{"line":12,"column":8},"end":{"line":15,"column":80}},{"start":{"line":15,"column":12},"end":{"line":15,"column":80}}],"line":12}},"s":{"0":3,"1":3,"2":3,"3":2,"4":2,"5":1,"6":1,"7":1},"f":{"0":3},"b":{"0":[1,1]},"_coverageSchema":"1a1c01bbd47fc00a2c39e90264f33305004495a9","hash":"1052da01ca172fc538a4031746b0b461df292536"}
,"/home/venkateshwarlu.n/Desktop/test/minorProject/Master-Financial-Planner/backend/controllers/get/getGoldController.js": {"path":"/home/venkateshwarlu.n/Desktop/test/minorProject/Master-Financial-Planner/backend/controllers/get/getGoldController.js","statementMap":{"0":{"start":{"line":6,"column":19},"end":{"line":6,"column":27}},"1":{"start":{"line":8,"column":4},"end":{"line":19,"column":5}},"2":{"start":{"line":9,"column":21},"end":{"line":9,"column":48}},"3":{"start":{"line":11,"column":25},"end":{"line":11,"column":89}},"4":{"start":{"line":13,"column":8},"end":{"line":16,"column":70}},"5":{"start":{"line":14,"column":12},"end":{"line":14,"column":47}},"6":{"start":{"line":16,"column":12},"end":{"line":16,"column":70}},"7":{"start":{"line":18,"column":8},"end":{"line":18,"column":91}}},"fnMap":{"0":{"name":"getGoldController","decl":{"start":{"line":5,"column":30},"end":{"line":5,"column":47}},"loc":{"start":{"line":5,"column":58},"end":{"line":20,"column":1}},"line":5}},"branchMap":{"0":{"loc":{"start":{"line":13,"column":8},"end":{"line":16,"column":70}},"type":"if","locations":[{"start":{"line":13,"column":8},"end":{"line":16,"column":70}},{"start":{"line":16,"column":12},"end":{"line":16,"column":70}}],"line":13}},"s":{"0":3,"1":3,"2":3,"3":2,"4":2,"5":1,"6":1,"7":1},"f":{"0":3},"b":{"0":[1,1]},"_coverageSchema":"1a1c01bbd47fc00a2c39e90264f33305004495a9","hash":"ad9e1f1183b77ce9d5987577edf8c5fa62b221c1"}
,"/home/venkateshwarlu.n/Desktop/test/minorProject/Master-Financial-Planner/backend/controllers/get/getLiabilitiesController.js": {"path":"/home/venkateshwarlu.n/Desktop/test/minorProject/Master-Financial-Planner/backend/controllers/get/getLiabilitiesController.js","statementMap":{"0":{"start":{"line":5,"column":19},"end":{"line":5,"column":27}},"1":{"start":{"line":7,"column":4},"end":{"line":18,"column":5}},"2":{"start":{"line":8,"column":21},"end":{"line":8,"column":48}},"3":{"start":{"line":10,"column":30},"end":{"line":10,"column":103}},"4":{"start":{"line":12,"column":8},"end":{"line":15,"column":77}},"5":{"start":{"line":13,"column":12},"end":{"line":13,"column":59}},"6":{"start":{"line":15,"column":12},"end":{"line":15,"column":77}},"7":{"start":{"line":17,"column":8},"end":{"line":17,"column":91}}},"fnMap":{"0":{"name":"getLiabilitiesController","decl":{"start":{"line":4,"column":30},"end":{"line":4,"column":54}},"loc":{"start":{"line":4,"column":65},"end":{"line":20,"column":1}},"line":4}},"branchMap":{"0":{"loc":{"start":{"line":12,"column":8},"end":{"line":15,"column":77}},"type":"if","locations":[{"start":{"line":12,"column":8},"end":{"line":15,"column":77}},{"start":{"line":15,"column":12},"end":{"line":15,"column":77}}],"line":12}},"s":{"0":3,"1":3,"2":3,"3":2,"4":2,"5":1,"6":1,"7":1},"f":{"0":3},"b":{"0":[1,1]},"_coverageSchema":"1a1c01bbd47fc00a2c39e90264f33305004495a9","hash":"47c0ee50fd897778cacdb9a8bf26494079b2d539"}
,"/home/venkateshwarlu.n/Desktop/test/minorProject/Master-Financial-Planner/backend/controllers/get/getMiscellaneousController.js": {"path":"/home/venkateshwarlu.n/Desktop/test/minorProject/Master-Financial-Planner/backend/controllers/get/getMiscellaneousController.js","statementMap":{"0":{"start":{"line":6,"column":19},"end":{"line":6,"column":27}},"1":{"start":{"line":8,"column":4},"end":{"line":20,"column":5}},"2":{"start":{"line":10,"column":21},"end":{"line":10,"column":48}},"3":{"start":{"line":12,"column":25},"end":{"line":12,"column":102}},"4":{"start":{"line":14,"column":8},"end":{"line":17,"column":75}},"5":{"start":{"line":15,"column":12},"end":{"line":15,"column":56}},"6":{"start":{"line":17,"column":8},"end":{"line":17,"column":75}},"7":{"start":{"line":19,"column":8},"end":{"line":19,"column":91}}},"fnMap":{"0":{"name":"getMiscellaneousController","decl":{"start":{"line":5,"column":30},"end":{"line":5,"column":56}},"loc":{"start":{"line":5,"column":67},"end":{"line":21,"column":1}},"line":5}},"branchMap":{"0":{"loc":{"start":{"line":14,"column":8},"end":{"line":17,"column":75}},"type":"if","locations":[{"start":{"line":14,"column":8},"end":{"line":17,"column":75}},{"start":{"line":17,"column":8},"end":{"line":17,"column":75}}],"line":14}},"s":{"0":3,"1":3,"2":3,"3":2,"4":2,"5":1,"6":1,"7":1},"f":{"0":3},"b":{"0":[1,1]},"_coverageSchema":"1a1c01bbd47fc00a2c39e90264f33305004495a9","hash":"e04fae98e1659077ad2acb0541290a55bde905eb"}
,"/home/venkateshwarlu.n/Desktop/test/minorProject/Master-Financial-Planner/backend/controllers/get/getRealEstateController.js": {"path":"/home/venkateshwarlu.n/Desktop/test/minorProject/Master-Financial-Planner/backend/controllers/get/getRealEstateController.js","statementMap":{"0":{"start":{"line":5,"column":19},"end":{"line":5,"column":27}},"1":{"start":{"line":7,"column":4},"end":{"line":19,"column":5}},"2":{"start":{"line":8,"column":21},"end":{"line":8,"column":48}},"3":{"start":{"line":10,"column":31},"end":{"line":10,"column":102}},"4":{"start":{"line":12,"column":8},"end":{"line":15,"column":76}},"5":{"start":{"line":13,"column":12},"end":{"line":13,"column":59}},"6":{"start":{"line":15,"column":12},"end":{"line":15,"column":76}},"7":{"start":{"line":18,"column":8},"end":{"line":18,"column":91}}},"fnMap":{"0":{"name":"getRealEstateController","decl":{"start":{"line":4,"column":30},"end":{"line":4,"column":53}},"loc":{"start":{"line":4,"column":64},"end":{"line":21,"column":1}},"line":4}},"branchMap":{"0":{"loc":{"start":{"line":12,"column":8},"end":{"line":15,"column":76}},"type":"if","locations":[{"start":{"line":12,"column":8},"end":{"line":15,"column":76}},{"start":{"line":15,"column":12},"end":{"line":15,"column":76}}],"line":12}},"s":{"0":3,"1":3,"2":3,"3":2,"4":2,"5":1,"6":1,"7":1},"f":{"0":3},"b":{"0":[1,1]},"_coverageSchema":"1a1c01bbd47fc00a2c39e90264f33305004495a9","hash":"4653664ba942485b678019ec4ecb34bc15c6a70d"}
,"/home/venkateshwarlu.n/Desktop/test/minorProject/Master-Financial-Planner/backend/controllers/get/getStockPriceController.js": {"path":"/home/venkateshwarlu.n/Desktop/test/minorProject/Master-Financial-Planner/backend/controllers/get/getStockPriceController.js","statementMap":{"0":{"start":{"line":5,"column":4},"end":{"line":16,"column":5}},"1":{"start":{"line":6,"column":25},"end":{"line":6,"column":34}},"2":{"start":{"line":8,"column":22},"end":{"line":8,"column":72}},"3":{"start":{"line":10,"column":8},"end":{"line":13,"column":65}},"4":{"start":{"line":11,"column":12},"end":{"line":11,"column":37}},"5":{"start":{"line":13,"column":12},"end":{"line":13,"column":65}},"6":{"start":{"line":15,"column":8},"end":{"line":15,"column":91}}},"fnMap":{"0":{"name":"getStockPriceController","decl":{"start":{"line":4,"column":30},"end":{"line":4,"column":53}},"loc":{"start":{"line":4,"column":64},"end":{"line":17,"column":1}},"line":4}},"branchMap":{"0":{"loc":{"start":{"line":8,"column":22},"end":{"line":8,"column":72}},"type":"binary-expr","locations":[{"start":{"line":8,"column":22},"end":{"line":8,"column":67}},{"start":{"line":8,"column":71},"end":{"line":8,"column":72}}],"line":8},"1":{"loc":{"start":{"line":10,"column":8},"end":{"line":13,"column":65}},"type":"if","locations":[{"start":{"line":10,"column":8},"end":{"line":13,"column":65}},{"start":{"line":13,"column":12},"end":{"line":13,"column":65}}],"line":10}},"s":{"0":3,"1":3,"2":3,"3":2,"4":1,"5":1,"6":1},"f":{"0":3},"b":{"0":[3,1],"1":[1,1]},"_coverageSchema":"1a1c01bbd47fc00a2c39e90264f33305004495a9","hash":"8fb15bcf82a133eb3da37ae90747c60039fea1bb"}
,"/home/venkateshwarlu.n/Desktop/test/minorProject/Master-Financial-Planner/backend/controllers/get/indexFundsController.js": {"path":"/home/venkateshwarlu.n/Desktop/test/minorProject/Master-Financial-Planner/backend/controllers/get/indexFundsController.js","statementMap":{"0":{"start":{"line":5,"column":19},"end":{"line":5,"column":27}},"1":{"start":{"line":7,"column":4},"end":{"line":20,"column":5}},"2":{"start":{"line":8,"column":21},"end":{"line":8,"column":48}},"3":{"start":{"line":9,"column":8},"end":{"line":11,"column":9}},"4":{"start":{"line":10,"column":12},"end":{"line":10,"column":70}},"5":{"start":{"line":13,"column":22},"end":{"line":13,"column":48}},"6":{"start":{"line":15,"column":8},"end":{"line":15,"column":45}},"7":{"start":{"line":19,"column":8},"end":{"line":19,"column":92}}},"fnMap":{"0":{"name":"indexFundsController","decl":{"start":{"line":4,"column":30},"end":{"line":4,"column":50}},"loc":{"start":{"line":4,"column":60},"end":{"line":21,"column":1}},"line":4}},"branchMap":{"0":{"loc":{"start":{"line":9,"column":8},"end":{"line":11,"column":9}},"type":"if","locations":[{"start":{"line":9,"column":8},"end":{"line":11,"column":9}},{"start":{},"end":{}}],"line":9}},"s":{"0":3,"1":3,"2":3,"3":2,"4":1,"5":1,"6":1,"7":1},"f":{"0":3},"b":{"0":[1,1]},"_coverageSchema":"1a1c01bbd47fc00a2c39e90264f33305004495a9","hash":"91c0bcb8fdc7c8bb1638acff86517feea269ee75"}
,"/home/venkateshwarlu.n/Desktop/test/minorProject/Master-Financial-Planner/backend/controllers/get/mutualFundsController.js": {"path":"/home/venkateshwarlu.n/Desktop/test/minorProject/Master-Financial-Planner/backend/controllers/get/mutualFundsController.js","statementMap":{"0":{"start":{"line":5,"column":19},"end":{"line":5,"column":27}},"1":{"start":{"line":7,"column":4},"end":{"line":20,"column":5}},"2":{"start":{"line":8,"column":21},"end":{"line":8,"column":48}},"3":{"start":{"line":10,"column":8},"end":{"line":12,"column":9}},"4":{"start":{"line":11,"column":12},"end":{"line":11,"column":70}},"5":{"start":{"line":14,"column":22},"end":{"line":14,"column":34}},"6":{"start":{"line":16,"column":8},"end":{"line":16,"column":45}},"7":{"start":{"line":19,"column":8},"end":{"line":19,"column":92}}},"fnMap":{"0":{"name":"mutualFundsController","decl":{"start":{"line":4,"column":30},"end":{"line":4,"column":51}},"loc":{"start":{"line":4,"column":61},"end":{"line":21,"column":1}},"line":4}},"branchMap":{"0":{"loc":{"start":{"line":10,"column":8},"end":{"line":12,"column":9}},"type":"if","locations":[{"start":{"line":10,"column":8},"end":{"line":12,"column":9}},{"start":{},"end":{}}],"line":10}},"s":{"0":3,"1":3,"2":3,"3":2,"4":1,"5":1,"6":1,"7":1},"f":{"0":3},"b":{"0":[1,1]},"_coverageSchema":"1a1c01bbd47fc00a2c39e90264f33305004495a9","hash":"e7f19db097454bdf5951cc9032a2b0a4c01cbc43"}
,"/home/venkateshwarlu.n/Desktop/test/minorProject/Master-Financial-Planner/backend/controllers/put/assumptionController.js": {"path":"/home/venkateshwarlu.n/Desktop/test/minorProject/Master-Financial-Planner/backend/controllers/put/assumptionController.js","statementMap":{"0":{"start":{"line":7,"column":17},"end":{"line":7,"column":25}},"1":{"start":{"line":9,"column":27},"end":{"line":9,"column":52}},"2":{"start":{"line":11,"column":4},"end":{"line":13,"column":5}},"3":{"start":{"line":12,"column":8},"end":{"line":12,"column":94}},"4":{"start":{"line":15,"column":20},"end":{"line":15,"column":49}},"5":{"start":{"line":16,"column":4},"end":{"line":16,"column":31}},"6":{"start":{"line":18,"column":4},"end":{"line":52,"column":5}},"7":{"start":{"line":19,"column":85},"end":{"line":19,"column":89}},"8":{"start":{"line":20,"column":23},"end":{"line":20,"column":31}},"9":{"start":{"line":22,"column":21},"end":{"line":22,"column":55}},"10":{"start":{"line":24,"column":22},"end":{"line":24,"column":30}},"11":{"start":{"line":26,"column":29},"end":{"line":36,"column":9}},"12":{"start":{"line":38,"column":8},"end":{"line":38,"column":42}},"13":{"start":{"line":39,"column":8},"end":{"line":39,"column":29}},"14":{"start":{"line":41,"column":8},"end":{"line":45,"column":9}},"15":{"start":{"line":42,"column":12},"end":{"line":42,"column":84}},"16":{"start":{"line":44,"column":12},"end":{"line":44,"column":99}},"17":{"start":{"line":48,"column":8},"end":{"line":48,"column":41}},"18":{"start":{"line":49,"column":8},"end":{"line":49,"column":29}},"19":{"start":{"line":51,"column":8},"end":{"line":51,"column":59}}},"fnMap":{"0":{"name":"assumptionController","decl":{"start":{"line":6,"column":30},"end":{"line":6,"column":50}},"loc":{"start":{"line":6,"column":61},"end":{"line":53,"column":1}},"line":6}},"branchMap":{"0":{"loc":{"start":{"line":11,"column":4},"end":{"line":13,"column":5}},"type":"if","locations":[{"start":{"line":11,"column":4},"end":{"line":13,"column":5}},{"start":{},"end":{}}],"line":11},"1":{"loc":{"start":{"line":41,"column":8},"end":{"line":45,"column":9}},"type":"if","locations":[{"start":{"line":41,"column":8},"end":{"line":45,"column":9}},{"start":{"line":43,"column":13},"end":{"line":45,"column":9}}],"line":41}},"s":{"0":4,"1":4,"2":4,"3":1,"4":3,"5":3,"6":3,"7":3,"8":3,"9":3,"10":2,"11":2,"12":2,"13":2,"14":2,"15":1,"16":1,"17":1,"18":1,"19":1},"f":{"0":4},"b":{"0":[1,3],"1":[1,1]},"_coverageSchema":"1a1c01bbd47fc00a2c39e90264f33305004495a9","hash":"c5893df3f011e602077b272b714a87abe9ca2f99"}
,"/home/venkateshwarlu.n/Desktop/test/minorProject/Master-Financial-Planner/backend/controllers/put/cashFlowsController.js": {"path":"/home/venkateshwarlu.n/Desktop/test/minorProject/Master-Financial-Planner/backend/controllers/put/cashFlowsController.js","statementMap":{"0":{"start":{"line":7,"column":17},"end":{"line":7,"column":25}},"1":{"start":{"line":9,"column":29},"end":{"line":9,"column":60}},"2":{"start":{"line":11,"column":4},"end":{"line":13,"column":5}},"3":{"start":{"line":12,"column":8},"end":{"line":12,"column":100}},"4":{"start":{"line":15,"column":20},"end":{"line":15,"column":49}},"5":{"start":{"line":16,"column":4},"end":{"line":16,"column":31}},"6":{"start":{"line":18,"column":4},"end":{"line":52,"column":5}},"7":{"start":{"line":19,"column":23},"end":{"line":19,"column":31}},"8":{"start":{"line":20,"column":38},"end":{"line":20,"column":42}},"9":{"start":{"line":22,"column":21},"end":{"line":22,"column":56}},"10":{"start":{"line":24,"column":27},"end":{"line":24,"column":50}},"11":{"start":{"line":26,"column":33},"end":{"line":26,"column":77}},"12":{"start":{"line":28,"column":30},"end":{"line":37,"column":9}},"13":{"start":{"line":39,"column":8},"end":{"line":39,"column":42}},"14":{"start":{"line":40,"column":8},"end":{"line":40,"column":29}},"15":{"start":{"line":42,"column":8},"end":{"line":46,"column":9}},"16":{"start":{"line":43,"column":12},"end":{"line":43,"column":88}},"17":{"start":{"line":45,"column":12},"end":{"line":45,"column":79}},"18":{"start":{"line":49,"column":8},"end":{"line":49,"column":41}},"19":{"start":{"line":50,"column":8},"end":{"line":50,"column":29}},"20":{"start":{"line":51,"column":8},"end":{"line":51,"column":85}}},"fnMap":{"0":{"name":"cashFlowsController","decl":{"start":{"line":6,"column":30},"end":{"line":6,"column":49}},"loc":{"start":{"line":6,"column":60},"end":{"line":54,"column":1}},"line":6}},"branchMap":{"0":{"loc":{"start":{"line":11,"column":4},"end":{"line":13,"column":5}},"type":"if","locations":[{"start":{"line":11,"column":4},"end":{"line":13,"column":5}},{"start":{},"end":{}}],"line":11},"1":{"loc":{"start":{"line":42,"column":8},"end":{"line":46,"column":9}},"type":"if","locations":[{"start":{"line":42,"column":8},"end":{"line":46,"column":9}},{"start":{"line":44,"column":15},"end":{"line":46,"column":9}}],"line":42}},"s":{"0":4,"1":4,"2":4,"3":1,"4":3,"5":3,"6":3,"7":3,"8":3,"9":3,"10":2,"11":2,"12":2,"13":2,"14":2,"15":2,"16":1,"17":1,"18":1,"19":1,"20":1},"f":{"0":4},"b":{"0":[1,3],"1":[1,1]},"_coverageSchema":"1a1c01bbd47fc00a2c39e90264f33305004495a9","hash":"fe9ceabe87e2bdb10b4fee5d11f3907b98594052"}
,"/home/venkateshwarlu.n/Desktop/test/minorProject/Master-Financial-Planner/backend/controllers/put/cryptoController.js": {"path":"/home/venkateshwarlu.n/Desktop/test/minorProject/Master-Financial-Planner/backend/controllers/put/cryptoController.js","statementMap":{"0":{"start":{"line":7,"column":17},"end":{"line":7,"column":25}},"1":{"start":{"line":9,"column":27},"end":{"line":9,"column":55}},"2":{"start":{"line":11,"column":4},"end":{"line":13,"column":5}},"3":{"start":{"line":12,"column":8},"end":{"line":12,"column":96}},"4":{"start":{"line":15,"column":20},"end":{"line":15,"column":49}},"5":{"start":{"line":16,"column":4},"end":{"line":16,"column":31}},"6":{"start":{"line":18,"column":4},"end":{"line":48,"column":5}},"7":{"start":{"line":19,"column":23},"end":{"line":19,"column":31}},"8":{"start":{"line":21,"column":27},"end":{"line":21,"column":35}},"9":{"start":{"line":23,"column":21},"end":{"line":23,"column":55}},"10":{"start":{"line":25,"column":25},"end":{"line":25,"column":53}},"11":{"start":{"line":27,"column":27},"end":{"line":33,"column":9}},"12":{"start":{"line":35,"column":8},"end":{"line":35,"column":42}},"13":{"start":{"line":36,"column":8},"end":{"line":36,"column":29}},"14":{"start":{"line":38,"column":8},"end":{"line":42,"column":9}},"15":{"start":{"line":39,"column":12},"end":{"line":39,"column":95}},"16":{"start":{"line":41,"column":12},"end":{"line":41,"column":74}},"17":{"start":{"line":45,"column":8},"end":{"line":45,"column":41}},"18":{"start":{"line":46,"column":8},"end":{"line":46,"column":29}},"19":{"start":{"line":47,"column":8},"end":{"line":47,"column":85}}},"fnMap":{"0":{"name":"cryptoController","decl":{"start":{"line":6,"column":30},"end":{"line":6,"column":46}},"loc":{"start":{"line":6,"column":55},"end":{"line":49,"column":1}},"line":6}},"branchMap":{"0":{"loc":{"start":{"line":11,"column":4},"end":{"line":13,"column":5}},"type":"if","locations":[{"start":{"line":11,"column":4},"end":{"line":13,"column":5}},{"start":{},"end":{}}],"line":11},"1":{"loc":{"start":{"line":38,"column":8},"end":{"line":42,"column":9}},"type":"if","locations":[{"start":{"line":38,"column":8},"end":{"line":42,"column":9}},{"start":{"line":40,"column":13},"end":{"line":42,"column":9}}],"line":38}},"s":{"0":4,"1":4,"2":4,"3":1,"4":3,"5":3,"6":3,"7":3,"8":3,"9":3,"10":2,"11":2,"12":2,"13":2,"14":2,"15":1,"16":1,"17":1,"18":1,"19":1},"f":{"0":4},"b":{"0":[1,3],"1":[1,1]},"_coverageSchema":"1a1c01bbd47fc00a2c39e90264f33305004495a9","hash":"1a9b530b8d80554df426b1299470b339914e3226"}
,"/home/venkateshwarlu.n/Desktop/test/minorProject/Master-Financial-Planner/backend/controllers/put/debtController.js": {"path":"/home/venkateshwarlu.n/Desktop/test/minorProject/Master-Financial-Planner/backend/controllers/put/debtController.js","statementMap":{"0":{"start":{"line":7,"column":93},"end":{"line":7,"column":101}},"1":{"start":{"line":9,"column":4},"end":{"line":11,"column":5}},"2":{"start":{"line":10,"column":8},"end":{"line":10,"column":74}},"3":{"start":{"line":13,"column":31},"end":{"line":13,"column":122}},"4":{"start":{"line":15,"column":4},"end":{"line":17,"column":5}},"5":{"start":{"line":16,"column":8},"end":{"line":16,"column":94}},"6":{"start":{"line":19,"column":20},"end":{"line":19,"column":49}},"7":{"start":{"line":20,"column":4},"end":{"line":20,"column":31}},"8":{"start":{"line":23,"column":4},"end":{"line":59,"column":5}},"9":{"start":{"line":24,"column":23},"end":{"line":24,"column":31}},"10":{"start":{"line":26,"column":21},"end":{"line":26,"column":55}},"11":{"start":{"line":28,"column":23},"end":{"line":28,"column":41}},"12":{"start":{"line":30,"column":28},"end":{"line":36,"column":35}},"13":{"start":{"line":39,"column":25},"end":{"line":44,"column":25}},"14":{"start":{"line":46,"column":8},"end":{"line":46,"column":42}},"15":{"start":{"line":47,"column":8},"end":{"line":47,"column":29}},"16":{"start":{"line":49,"column":8},"end":{"line":53,"column":9}},"17":{"start":{"line":50,"column":12},"end":{"line":50,"column":93}},"18":{"start":{"line":52,"column":12},"end":{"line":52,"column":70}},"19":{"start":{"line":56,"column":8},"end":{"line":56,"column":41}},"20":{"start":{"line":57,"column":8},"end":{"line":57,"column":29}},"21":{"start":{"line":58,"column":8},"end":{"line":58,"column":85}}},"fnMap":{"0":{"name":"debtController","decl":{"start":{"line":6,"column":30},"end":{"line":6,"column":44}},"loc":{"start":{"line":6,"column":53},"end":{"line":60,"column":1}},"line":6}},"branchMap":{"0":{"loc":{"start":{"line":9,"column":4},"end":{"line":11,"column":5}},"type":"if","locations":[{"start":{"line":9,"column":4},"end":{"line":11,"column":5}},{"start":{},"end":{}}],"line":9},"1":{"loc":{"start":{"line":15,"column":4},"end":{"line":17,"column":5}},"type":"if","locations":[{"start":{"line":15,"column":4},"end":{"line":17,"column":5}},{"start":{},"end":{}}],"line":15},"2":{"loc":{"start":{"line":30,"column":28},"end":{"line":36,"column":35}},"type":"binary-expr","locations":[{"start":{"line":30,"column":28},"end":{"line":36,"column":20}},{"start":{"line":36,"column":24},"end":{"line":36,"column":35}}],"line":30},"3":{"loc":{"start":{"line":49,"column":8},"end":{"line":53,"column":9}},"type":"if","locations":[{"start":{"line":49,"column":8},"end":{"line":53,"column":9}},{"start":{"line":51,"column":13},"end":{"line":53,"column":9}}],"line":49}},"s":{"0":5,"1":5,"2":1,"3":4,"4":4,"5":1,"6":3,"7":3,"8":3,"9":3,"10":3,"11":2,"12":2,"13":2,"14":2,"15":2,"16":2,"17":1,"18":1,"19":1,"20":1,"21":1},"f":{"0":5},"b":{"0":[1,4],"1":[1,3],"2":[2,0],"3":[1,1]},"_coverageSchema":"1a1c01bbd47fc00a2c39e90264f33305004495a9","hash":"c91842101c053f3e385445856de9ed3d56843107"}
,"/home/venkateshwarlu.n/Desktop/test/minorProject/Master-Financial-Planner/backend/controllers/put/domesticEquityController.js": {"path":"/home/venkateshwarlu.n/Desktop/test/minorProject/Master-Financial-Planner/backend/controllers/put/domesticEquityController.js","statementMap":{"0":{"start":{"line":7,"column":63},"end":{"line":7,"column":71}},"1":{"start":{"line":9,"column":4},"end":{"line":10,"column":74}},"2":{"start":{"line":10,"column":8},"end":{"line":10,"column":74}},"3":{"start":{"line":12,"column":29},"end":{"line":12,"column":100}},"4":{"start":{"line":14,"column":4},"end":{"line":16,"column":5}},"5":{"start":{"line":15,"column":8},"end":{"line":15,"column":106}},"6":{"start":{"line":18,"column":20},"end":{"line":18,"column":49}},"7":{"start":{"line":19,"column":4},"end":{"line":19,"column":31}},"8":{"start":{"line":21,"column":4},"end":{"line":58,"column":5}},"9":{"start":{"line":22,"column":23},"end":{"line":22,"column":31}},"10":{"start":{"line":24,"column":21},"end":{"line":24,"column":56}},"11":{"start":{"line":27,"column":33},"end":{"line":27,"column":61}},"12":{"start":{"line":31,"column":28},"end":{"line":35,"column":37}},"13":{"start":{"line":37,"column":8},"end":{"line":43,"column":9}},"14":{"start":{"line":45,"column":8},"end":{"line":45,"column":42}},"15":{"start":{"line":46,"column":8},"end":{"line":46,"column":29}},"16":{"start":{"line":48,"column":8},"end":{"line":52,"column":9}},"17":{"start":{"line":49,"column":12},"end":{"line":49,"column":105}},"18":{"start":{"line":51,"column":12},"end":{"line":51,"column":84}},"19":{"start":{"line":55,"column":8},"end":{"line":55,"column":41}},"20":{"start":{"line":56,"column":8},"end":{"line":56,"column":29}},"21":{"start":{"line":57,"column":8},"end":{"line":57,"column":85}}},"fnMap":{"0":{"name":"domesticEquityController","decl":{"start":{"line":6,"column":30},"end":{"line":6,"column":54}},"loc":{"start":{"line":6,"column":65},"end":{"line":59,"column":1}},"line":6}},"branchMap":{"0":{"loc":{"start":{"line":9,"column":4},"end":{"line":10,"column":74}},"type":"if","locations":[{"start":{"line":9,"column":4},"end":{"line":10,"column":74}},{"start":{},"end":{}}],"line":9},"1":{"loc":{"start":{"line":14,"column":4},"end":{"line":16,"column":5}},"type":"if","locations":[{"start":{"line":14,"column":4},"end":{"line":16,"column":5}},{"start":{},"end":{}}],"line":14},"2":{"loc":{"start":{"line":31,"column":28},"end":{"line":35,"column":37}},"type":"binary-expr","locations":[{"start":{"line":31,"column":28},"end":{"line":35,"column":20}},{"start":{"line":35,"column":24},"end":{"line":35,"column":37}}],"line":31},"3":{"loc":{"start":{"line":48,"column":8},"end":{"line":52,"column":9}},"type":"if","locations":[{"start":{"line":48,"column":8},"end":{"line":52,"column":9}},{"start":{"line":50,"column":15},"end":{"line":52,"column":9}}],"line":48}},"s":{"0":5,"1":5,"2":1,"3":4,"4":4,"5":1,"6":3,"7":3,"8":3,"9":3,"10":3,"11":2,"12":2,"13":2,"14":2,"15":2,"16":2,"17":1,"18":1,"19":1,"20":1,"21":1},"f":{"0":5},"b":{"0":[1,4],"1":[1,3],"2":[2,0],"3":[1,1]},"_coverageSchema":"1a1c01bbd47fc00a2c39e90264f33305004495a9","hash":"526925392cdd3873982e895071baabe480e12645"}
,"/home/venkateshwarlu.n/Desktop/test/minorProject/Master-Financial-Planner/backend/controllers/put/financialGoalsController.js": {"path":"/home/venkateshwarlu.n/Desktop/test/minorProject/Master-Financial-Planner/backend/controllers/put/financialGoalsController.js","statementMap":{"0":{"start":{"line":9,"column":23},"end":{"line":9,"column":31}},"1":{"start":{"line":11,"column":32},"end":{"line":11,"column":63}},"2":{"start":{"line":13,"column":4},"end":{"line":15,"column":5}},"3":{"start":{"line":14,"column":8},"end":{"line":14,"column":108}},"4":{"start":{"line":17,"column":20},"end":{"line":17,"column":49}},"5":{"start":{"line":18,"column":4},"end":{"line":18,"column":31}},"6":{"start":{"line":20,"column":4},"end":{"line":63,"column":5}},"7":{"start":{"line":21,"column":23},"end":{"line":21,"column":31}},"8":{"start":{"line":23,"column":21},"end":{"line":23,"column":55}},"9":{"start":{"line":25,"column":22},"end":{"line":25,"column":30}},"10":{"start":{"line":27,"column":33},"end":{"line":27,"column":58}},"11":{"start":{"line":29,"column":38},"end":{"line":29,"column":87}},"12":{"start":{"line":31,"column":35},"end":{"line":31,"column":66}},"13":{"start":{"line":33,"column":24},"end":{"line":33,"column":34}},"14":{"start":{"line":38,"column":29},"end":{"line":48,"column":9}},"15":{"start":{"line":50,"column":8},"end":{"line":50,"column":42}},"16":{"start":{"line":51,"column":8},"end":{"line":51,"column":29}},"17":{"start":{"line":53,"column":8},"end":{"line":57,"column":9}},"18":{"start":{"line":54,"column":12},"end":{"line":54,"column":78}},"19":{"start":{"line":56,"column":12},"end":{"line":56,"column":82}},"20":{"start":{"line":60,"column":8},"end":{"line":60,"column":41}},"21":{"start":{"line":61,"column":8},"end":{"line":61,"column":29}},"22":{"start":{"line":62,"column":8},"end":{"line":62,"column":85}},"23":{"start":{"line":67,"column":48},"end":{"line":67,"column":64}},"24":{"start":{"line":69,"column":23},"end":{"line":69,"column":25}},"25":{"start":{"line":71,"column":4},"end":{"line":86,"column":5}},"26":{"start":{"line":71,"column":14},"end":{"line":71,"column":15}},"27":{"start":{"line":72,"column":28},"end":{"line":72,"column":36}},"28":{"start":{"line":74,"column":28},"end":{"line":74,"column":51}},"29":{"start":{"line":75,"column":21},"end":{"line":75,"column":37}},"30":{"start":{"line":77,"column":8},"end":{"line":85,"column":9}},"31":{"start":{"line":78,"column":12},"end":{"line":78,"column":75}},"32":{"start":{"line":80,"column":13},"end":{"line":85,"column":9}},"33":{"start":{"line":81,"column":12},"end":{"line":81,"column":76}},"34":{"start":{"line":84,"column":12},"end":{"line":84,"column":74}},"35":{"start":{"line":88,"column":4},"end":{"line":88,"column":22}},"36":{"start":{"line":92,"column":17},"end":{"line":99,"column":5}},"37":{"start":{"line":101,"column":17},"end":{"line":101,"column":34}},"38":{"start":{"line":102,"column":19},"end":{"line":102,"column":38}},"39":{"start":{"line":104,"column":4},"end":{"line":110,"column":5}},"40":{"start":{"line":104,"column":14},"end":{"line":104,"column":15}},"41":{"start":{"line":105,"column":8},"end":{"line":109,"column":9}},"42":{"start":{"line":106,"column":24},"end":{"line":106,"column":31}},"43":{"start":{"line":108,"column":12},"end":{"line":108,"column":49}},"44":{"start":{"line":112,"column":4},"end":{"line":112,"column":18}},"45":{"start":{"line":117,"column":20},"end":{"line":124,"column":5}},"46":{"start":{"line":126,"column":4},"end":{"line":130,"column":5}},"47":{"start":{"line":127,"column":8},"end":{"line":129,"column":9}},"48":{"start":{"line":128,"column":12},"end":{"line":128,"column":67}},"49":{"start":{"line":131,"column":4},"end":{"line":131,"column":21}}},"fnMap":{"0":{"name":"financialGoalsController","decl":{"start":{"line":8,"column":30},"end":{"line":8,"column":54}},"loc":{"start":{"line":8,"column":64},"end":{"line":64,"column":1}},"line":8},"1":{"name":"getSipAmountDistribution","decl":{"start":{"line":66,"column":16},"end":{"line":66,"column":40}},"loc":{"start":{"line":66,"column":65},"end":{"line":89,"column":1}},"line":66},"2":{"name":"getAmountDistribution","decl":{"start":{"line":91,"column":16},"end":{"line":91,"column":37}},"loc":{"start":{"line":91,"column":48},"end":{"line":113,"column":1}},"line":91},"3":{"name":"sumOfSip","decl":{"start":{"line":116,"column":16},"end":{"line":116,"column":24}},"loc":{"start":{"line":116,"column":47},"end":{"line":132,"column":1}},"line":116}},"branchMap":{"0":{"loc":{"start":{"line":13,"column":4},"end":{"line":15,"column":5}},"type":"if","locations":[{"start":{"line":13,"column":4},"end":{"line":15,"column":5}},{"start":{},"end":{}}],"line":13},"1":{"loc":{"start":{"line":53,"column":8},"end":{"line":57,"column":9}},"type":"if","locations":[{"start":{"line":53,"column":8},"end":{"line":57,"column":9}},{"start":{"line":55,"column":13},"end":{"line":57,"column":9}}],"line":53},"2":{"loc":{"start":{"line":77,"column":8},"end":{"line":85,"column":9}},"type":"if","locations":[{"start":{"line":77,"column":8},"end":{"line":85,"column":9}},{"start":{"line":80,"column":13},"end":{"line":85,"column":9}}],"line":77},"3":{"loc":{"start":{"line":80,"column":13},"end":{"line":85,"column":9}},"type":"if","locations":[{"start":{"line":80,"column":13},"end":{"line":85,"column":9}},{"start":{"line":83,"column":12},"end":{"line":85,"column":9}}],"line":80},"4":{"loc":{"start":{"line":105,"column":8},"end":{"line":109,"column":9}},"type":"if","locations":[{"start":{"line":105,"column":8},"end":{"line":109,"column":9}},{"start":{},"end":{}}],"line":105}},"s":{"0":3,"1":3,"2":3,"3":1,"4":2,"5":2,"6":2,"7":2,"8":2,"9":1,"10":1,"11":1,"12":1,"13":1,"14":1,"15":1,"16":1,"17":1,"18":1,"19":0,"20":1,"21":1,"22":1,"23":7,"24":7,"25":7,"26":7,"27":9,"28":9,"29":9,"30":9,"31":2,"32":7,"33":5,"34":2,"35":7,"36":17,"37":17,"38":17,"39":17,"40":17,"41":102,"42":85,"43":85,"44":17,"45":4,"46":4,"47":5,"48":30,"49":4},"f":{"0":3,"1":7,"2":17,"3":4},"b":{"0":[1,2],"1":[1,0],"2":[2,7],"3":[5,2],"4":[85,17]},"_coverageSchema":"1a1c01bbd47fc00a2c39e90264f33305004495a9","hash":"d1f34e7a3ad217c06342bfd6f799aa276ee160da"}
,"/home/venkateshwarlu.n/Desktop/test/minorProject/Master-Financial-Planner/backend/controllers/put/foreignEquityController.js": {"path":"/home/venkateshwarlu.n/Desktop/test/minorProject/Master-Financial-Planner/backend/controllers/put/foreignEquityController.js","statementMap":{"0":{"start":{"line":7,"column":17},"end":{"line":7,"column":25}},"1":{"start":{"line":9,"column":27},"end":{"line":9,"column":62}},"2":{"start":{"line":11,"column":4},"end":{"line":13,"column":5}},"3":{"start":{"line":12,"column":8},"end":{"line":12,"column":103}},"4":{"start":{"line":15,"column":20},"end":{"line":15,"column":49}},"5":{"start":{"line":16,"column":4},"end":{"line":16,"column":31}},"6":{"start":{"line":18,"column":4},"end":{"line":59,"column":5}},"7":{"start":{"line":19,"column":23},"end":{"line":19,"column":31}},"8":{"start":{"line":21,"column":53},"end":{"line":21,"column":61}},"9":{"start":{"line":23,"column":21},"end":{"line":23,"column":55}},"10":{"start":{"line":24,"column":8},"end":{"line":26,"column":9}},"11":{"start":{"line":25,"column":12},"end":{"line":25,"column":71}},"12":{"start":{"line":28,"column":32},"end":{"line":28,"column":59}},"13":{"start":{"line":30,"column":38},"end":{"line":30,"column":90}},"14":{"start":{"line":32,"column":8},"end":{"line":34,"column":9}},"15":{"start":{"line":33,"column":12},"end":{"line":33,"column":86}},"16":{"start":{"line":36,"column":34},"end":{"line":44,"column":25}},"17":{"start":{"line":46,"column":8},"end":{"line":46,"column":42}},"18":{"start":{"line":47,"column":8},"end":{"line":47,"column":29}},"19":{"start":{"line":49,"column":8},"end":{"line":53,"column":9}},"20":{"start":{"line":50,"column":12},"end":{"line":50,"column":102}},"21":{"start":{"line":52,"column":12},"end":{"line":52,"column":81}},"22":{"start":{"line":56,"column":8},"end":{"line":56,"column":41}},"23":{"start":{"line":57,"column":8},"end":{"line":57,"column":29}},"24":{"start":{"line":58,"column":8},"end":{"line":58,"column":85}}},"fnMap":{"0":{"name":"foreignEquityController","decl":{"start":{"line":6,"column":30},"end":{"line":6,"column":53}},"loc":{"start":{"line":6,"column":62},"end":{"line":60,"column":1}},"line":6}},"branchMap":{"0":{"loc":{"start":{"line":11,"column":4},"end":{"line":13,"column":5}},"type":"if","locations":[{"start":{"line":11,"column":4},"end":{"line":13,"column":5}},{"start":{},"end":{}}],"line":11},"1":{"loc":{"start":{"line":24,"column":8},"end":{"line":26,"column":9}},"type":"if","locations":[{"start":{"line":24,"column":8},"end":{"line":26,"column":9}},{"start":{},"end":{}}],"line":24},"2":{"loc":{"start":{"line":32,"column":8},"end":{"line":34,"column":9}},"type":"if","locations":[{"start":{"line":32,"column":8},"end":{"line":34,"column":9}},{"start":{},"end":{}}],"line":32},"3":{"loc":{"start":{"line":49,"column":8},"end":{"line":53,"column":9}},"type":"if","locations":[{"start":{"line":49,"column":8},"end":{"line":53,"column":9}},{"start":{"line":51,"column":13},"end":{"line":53,"column":9}}],"line":49}},"s":{"0":4,"1":4,"2":4,"3":1,"4":3,"5":3,"6":3,"7":3,"8":3,"9":3,"10":2,"11":0,"12":2,"13":2,"14":2,"15":0,"16":2,"17":2,"18":2,"19":2,"20":1,"21":1,"22":1,"23":1,"24":1},"f":{"0":4},"b":{"0":[1,3],"1":[0,2],"2":[0,2],"3":[1,1]},"_coverageSchema":"1a1c01bbd47fc00a2c39e90264f33305004495a9","hash":"211832e0385e97511ccf78f33573bc4e71b73152"}
,"/home/venkateshwarlu.n/Desktop/test/minorProject/Master-Financial-Planner/backend/controllers/put/goldController.js": {"path":"/home/venkateshwarlu.n/Desktop/test/minorProject/Master-Financial-Planner/backend/controllers/put/goldController.js","statementMap":{"0":{"start":{"line":7,"column":17},"end":{"line":7,"column":25}},"1":{"start":{"line":9,"column":27},"end":{"line":9,"column":53}},"2":{"start":{"line":11,"column":4},"end":{"line":13,"column":5}},"3":{"start":{"line":12,"column":8},"end":{"line":12,"column":94}},"4":{"start":{"line":15,"column":20},"end":{"line":15,"column":49}},"5":{"start":{"line":16,"column":4},"end":{"line":16,"column":31}},"6":{"start":{"line":18,"column":4},"end":{"line":53,"column":5}},"7":{"start":{"line":19,"column":23},"end":{"line":19,"column":31}},"8":{"start":{"line":21,"column":53},"end":{"line":21,"column":57}},"9":{"start":{"line":23,"column":21},"end":{"line":23,"column":55}},"10":{"start":{"line":25,"column":23},"end":{"line":25,"column":41}},"11":{"start":{"line":27,"column":29},"end":{"line":27,"column":68}},"12":{"start":{"line":29,"column":25},"end":{"line":38,"column":25}},"13":{"start":{"line":40,"column":8},"end":{"line":40,"column":42}},"14":{"start":{"line":41,"column":8},"end":{"line":41,"column":29}},"15":{"start":{"line":43,"column":8},"end":{"line":47,"column":9}},"16":{"start":{"line":44,"column":12},"end":{"line":44,"column":93}},"17":{"start":{"line":46,"column":12},"end":{"line":46,"column":72}},"18":{"start":{"line":50,"column":8},"end":{"line":50,"column":41}},"19":{"start":{"line":51,"column":8},"end":{"line":51,"column":29}},"20":{"start":{"line":52,"column":8},"end":{"line":52,"column":85}}},"fnMap":{"0":{"name":"goldController","decl":{"start":{"line":6,"column":30},"end":{"line":6,"column":44}},"loc":{"start":{"line":6,"column":55},"end":{"line":55,"column":1}},"line":6}},"branchMap":{"0":{"loc":{"start":{"line":11,"column":4},"end":{"line":13,"column":5}},"type":"if","locations":[{"start":{"line":11,"column":4},"end":{"line":13,"column":5}},{"start":{},"end":{}}],"line":11},"1":{"loc":{"start":{"line":43,"column":8},"end":{"line":47,"column":9}},"type":"if","locations":[{"start":{"line":43,"column":8},"end":{"line":47,"column":9}},{"start":{"line":45,"column":13},"end":{"line":47,"column":9}}],"line":43}},"s":{"0":4,"1":4,"2":4,"3":1,"4":3,"5":3,"6":3,"7":3,"8":3,"9":3,"10":2,"11":2,"12":2,"13":2,"14":2,"15":2,"16":1,"17":1,"18":1,"19":1,"20":1},"f":{"0":4},"b":{"0":[1,3],"1":[1,1]},"_coverageSchema":"1a1c01bbd47fc00a2c39e90264f33305004495a9","hash":"1c8fc2f963dffd81aaf50e4013d24d0c8e1f6627"}
[...]
end":{"line":183,"column":98}},"60":{"start":{"line":186,"column":6},"end":{"line":186,"column":76}},"61":{"start":{"line":187,"column":6},"end":{"line":187,"column":75}},"62":{"start":{"line":190,"column":6},"end":{"line":190,"column":45}},"63":{"start":{"line":195,"column":23},"end":{"line":195,"column":70}},"64":{"start":{"line":195,"column":48},"end":{"line":195,"column":69}},"65":{"start":{"line":199,"column":27},"end":{"line":204,"column":4}},"66":{"start":{"line":200,"column":4},"end":{"line":203,"column":5}},"67":{"start":{"line":206,"column":2},"end":{"line":206,"column":25}}},"fnMap":{"0":{"name":"getCategory","decl":{"start":{"line":5,"column":9},"end":{"line":5,"column":20}},"loc":{"start":{"line":5,"column":30},"end":{"line":10,"column":1}},"line":5},"1":{"name":"getRollingReturns","decl":{"start":{"line":12,"column":15},"end":{"line":12,"column":32}},"loc":{"start":{"line":12,"column":79},"end":{"line":55,"column":1}},"line":12},"2":{"name":"(anonymous_2)","decl":{"start":{"line":56,"column":29},"end":{"line":56,"column":30}},"loc":{"start":{"line":56,"column":81},"end":{"line":96,"column":1}},"line":56},"3":{"name":"(anonymous_3)","decl":{"start":{"line":60,"column":36},"end":{"line":60,"column":37}},"loc":{"start":{"line":61,"column":6},"end":{"line":72,"column":7}},"line":61},"4":{"name":"(anonymous_4)","decl":{"start":{"line":77,"column":22},"end":{"line":77,"column":23}},"loc":{"start":{"line":77,"column":34},"end":{"line":89,"column":5}},"line":77},"5":{"name":"(anonymous_5)","decl":{"start":{"line":81,"column":45},"end":{"line":81,"column":46}},"loc":{"start":{"line":81,"column":53},"end":{"line":81,"column":76}},"line":81},"6":{"name":"getBestFunds","decl":{"start":{"line":131,"column":15},"end":{"line":131,"column":27}},"loc":{"start":{"line":131,"column":48},"end":{"line":157,"column":1}},"line":131},"7":{"name":"calculateRollingReturnsAndProbability","decl":{"start":{"line":160,"column":9},"end":{"line":160,"column":46}},"loc":{"start":{"line":160,"column":76},"end":{"line":207,"column":1}},"line":160},"8":{"name":"(anonymous_8)","decl":{"start":{"line":162,"column":56},"end":{"line":162,"column":57}},"loc":{"start":{"line":162,"column":64},"end":{"line":162,"column":110}},"line":162},"9":{"name":"(anonymous_9)","decl":{"start":{"line":173,"column":49},"end":{"line":173,"column":50}},"loc":{"start":{"line":173,"column":57},"end":{"line":173,"column":120}},"line":173},"10":{"name":"(anonymous_10)","decl":{"start":{"line":195,"column":40},"end":{"line":195,"column":41}},"loc":{"start":{"line":195,"column":48},"end":{"line":195,"column":69}},"line":195},"11":{"name":"(anonymous_11)","decl":{"start":{"line":199,"column":44},"end":{"line":199,"column":45}},"loc":{"start":{"line":199,"column":54},"end":{"line":204,"column":3}},"line":199}},"branchMap":{"0":{"loc":{"start":{"line":6,"column":20},"end":{"line":6,"column":94}},"type":"cond-expr","locations":[{"start":{"line":6,"column":52},"end":{"line":6,"column":67}},{"start":{"line":6,"column":70},"end":{"line":6,"column":94}}],"line":6},"1":{"loc":{"start":{"line":12,"column":49},"end":{"line":12,"column":77}},"type":"default-arg","locations":[{"start":{"line":12,"column":60},"end":{"line":12,"column":77}}],"line":12},"2":{"loc":{"start":{"line":39,"column":8},"end":{"line":46,"column":9}},"type":"if","locations":[{"start":{"line":39,"column":8},"end":{"line":46,"column":9}},{"start":{},"end":{}}],"line":39},"3":{"loc":{"start":{"line":56,"column":48},"end":{"line":56,"column":76}},"type":"default-arg","locations":[{"start":{"line":56,"column":59},"end":{"line":56,"column":76}}],"line":56},"4":{"loc":{"start":{"line":80,"column":6},"end":{"line":86,"column":7}},"type":"if","locations":[{"start":{"line":80,"column":6},"end":{"line":86,"column":7}},{"start":{},"end":{}}],"line":80},"5":{"loc":{"start":{"line":81,"column":29},"end":{"line":81,"column":111}},"type":"binary-expr","locations":[{"start":{"line":81,"column":29},"end":{"line":81,"column":77}},{"start":{"line":81,"column":81},"end":{"line":81,"column":94}},{"start":{"line":81,"column":98},"end":{"line":81,"column":111}}],"line":81},"6":{"loc":{"start":{"line":83,"column":8},"end":{"line":85,"column":9}},"type":"if","locations":[{"start":{"line":83,"column":8},"end":{"line":85,"column":9}},{"start":{},"end":{}}],"line":83},"7":{"loc":{"start":{"line":171,"column":4},"end":{"line":191,"column":5}},"type":"if","locations":[{"start":{"line":171,"column":4},"end":{"line":191,"column":5}},{"start":{"line":188,"column":11},"end":{"line":191,"column":5}}],"line":171},"8":{"loc":{"start":{"line":179,"column":8},"end":{"line":179,"column":86}},"type":"if","locations":[{"start":{"line":179,"column":8},"end":{"line":179,"column":86}},{"start":{},"end":{}}],"line":179}},"s":{"0":0,"1":0,"2":0,"3":0,"4":0,"5":0,"6":0,"7":0,"8":0,"9":0,"10":0,"11":0,"12":0,"13":0,"14":0,"15":0,"16":1,"17":0,"18":0,"19":0,"20":0,"21":0,"22":0,"23":0,"24":0,"25":0,"26":0,"27":0,"28":0,"29":0,"30":0,"31":0,"32":0,"33":0,"34":0,"35":0,"36":0,"37":0,"38":0,"39":0,"40":0,"41":0,"42":0,"43":0,"44":0,"45":0,"46":0,"47":0,"48":0,"49":0,"50":0,"51":0,"52":0,"53":0,"54":0,"55":0,"56":0,"57":0,"58":0,"59":0,"60":0,"61":0,"62":0,"63":0,"64":0,"65":0,"66":0,"67":0},"f":{"0":0,"1":0,"2":0,"3":0,"4":0,"5":0,"6":0,"7":0,"8":0,"9":0,"10":0,"11":0},"b":{"0":[0,0],"1":[0],"2":[0,0],"3":[0],"4":[0,0],"5":[0,0,0],"6":[0,0],"7":[0,0],"8":[0,0]},"_coverageSchema":"1a1c01bbd47fc00a2c39e90264f33305004495a9","hash":"f4db8f7b7d8d9ad6097fd462169d69f0ba6af7d3"}
,"/home/venkateshwarlu.n/Desktop/test/minorProject/Master-Financial-Planner/backend/tools/MFs/index.js": {"path":"/home/venkateshwarlu.n/Desktop/test/minorProject/Master-Financial-Planner/backend/tools/MFs/index.js","statementMap":{"0":{"start":{"line":3,"column":17},"end":{"line":3,"column":29}},"1":{"start":{"line":4,"column":17},"end":{"line":4,"column":107}},"2":{"start":{"line":8,"column":20},"end":{"line":8,"column":22}},"3":{"start":{"line":9,"column":4},"end":{"line":11,"column":5}},"4":{"start":{"line":9,"column":14},"end":{"line":9,"column":15}},"5":{"start":{"line":10,"column":8},"end":{"line":10,"column":63}},"6":{"start":{"line":13,"column":22},"end":{"line":13,"column":55}},"7":{"start":{"line":14,"column":16},"end":{"line":14,"column":18}},"8":{"start":{"line":15,"column":4},"end":{"line":22,"column":7}},"9":{"start":{"line":16,"column":8},"end":{"line":21,"column":9}},"10":{"start":{"line":17,"column":12},"end":{"line":17,"column":71}},"11":{"start":{"line":20,"column":12},"end":{"line":20,"column":67}},"12":{"start":{"line":23,"column":4},"end":{"line":23,"column":17}}},"fnMap":{"0":{"name":"main","decl":{"start":{"line":7,"column":15},"end":{"line":7,"column":19}},"loc":{"start":{"line":7,"column":21},"end":{"line":32,"column":1}},"line":7},"1":{"name":"(anonymous_1)","decl":{"start":{"line":15,"column":22},"end":{"line":15,"column":23}},"loc":{"start":{"line":15,"column":43},"end":{"line":22,"column":5}},"line":15}},"branchMap":{"0":{"loc":{"start":{"line":16,"column":8},"end":{"line":21,"column":9}},"type":"if","locations":[{"start":{"line":16,"column":8},"end":{"line":21,"column":9}},{"start":{"line":19,"column":13},"end":{"line":21,"column":9}}],"line":16}},"s":{"0":1,"1":1,"2":0,"3":0,"4":0,"5":0,"6":0,"7":0,"8":0,"9":0,"10":0,"11":0,"12":0},"f":{"0":0,"1":0},"b":{"0":[0,0]},"_coverageSchema":"1a1c01bbd47fc00a2c39e90264f33305004495a9","hash":"b306066472f05cd2e311da227a0ed64c6986ca06"}
,"/home/venkateshwarlu.n/Desktop/test/minorProject/Master-Financial-Planner/backend/tools/MFs/mutualFunds.js": {"path":"/home/venkateshwarlu.n/Desktop/test/minorProject/Master-Financial-Planner/backend/tools/MFs/mutualFunds.js","statementMap":{"0":{"start":{"line":4,"column":18},"end":{"line":4,"column":56}},"1":{"start":{"line":13,"column":4},"end":{"line":13,"column":17}}},"fnMap":{"0":{"name":"getRankOfFunds","decl":{"start":{"line":3,"column":15},"end":{"line":3,"column":29}},"loc":{"start":{"line":3,"column":49},"end":{"line":14,"column":1}},"line":3}},"branchMap":{},"s":{"0":0,"1":0},"f":{"0":0},"b":{},"_coverageSchema":"1a1c01bbd47fc00a2c39e90264f33305004495a9","hash":"24292edac691a5b59be9f74f70091cb7316f41e0"}
,"/home/venkateshwarlu.n/Desktop/test/minorProject/Master-Financial-Planner/backend/tools/MFs/rupeeVest.js": {"path":"/home/venkateshwarlu.n/Desktop/test/minorProject/Master-Financial-Planner/backend/tools/MFs/rupeeVest.js","statementMap":{"0":{"start":{"line":3,"column":21},"end":{"line":10,"column":6}},"1":{"start":{"line":12,"column":4},"end":{"line":12,"column":36}},"2":{"start":{"line":16,"column":18},"end":{"line":16,"column":42}},"3":{"start":{"line":19,"column":25},"end":{"line":19,"column":27}},"4":{"start":{"line":21,"column":3},"end":{"line":33,"column":4}},"5":{"start":{"line":21,"column":13},"end":{"line":21,"column":14}},"6":{"start":{"line":22,"column":28},"end":{"line":22,"column":36}},"7":{"start":{"line":24,"column":8},"end":{"line":32,"column":9}},"8":{"start":{"line":25,"column":12},"end":{"line":31,"column":14}},"9":{"start":{"line":35,"column":3},"end":{"line":35,"column":24}}},"fnMap":{"0":{"name":"getFunds","decl":{"start":{"line":2,"column":15},"end":{"line":2,"column":23}},"loc":{"start":{"line":2,"column":33},"end":{"line":13,"column":1}},"line":2},"1":{"name":"getACS","decl":{"start":{"line":15,"column":15},"end":{"line":15,"column":21}},"loc":{"start":{"line":15,"column":31},"end":{"line":36,"column":1}},"line":15}},"branchMap":{"0":{"loc":{"start":{"line":24,"column":8},"end":{"line":32,"column":9}},"type":"if","locations":[{"start":{"line":24,"column":8},"end":{"line":32,"column":9}},{"start":{},"end":{}}],"line":24},"1":{"loc":{"start":{"line":24,"column":11},"end":{"line":24,"column":109}},"type":"binary-expr","locations":[{"start":{"line":24,"column":11},"end":{"line":24,"column":39}},{"start":{"line":24,"column":43},"end":{"line":24,"column":72}},{"start":{"line":24,"column":76},"end":{"line":24,"column":109}}],"line":24}},"s":{"0":0,"1":0,"2":0,"3":0,"4":0,"5":0,"6":0,"7":0,"8":0,"9":0},"f":{"0":0,"1":0},"b":{"0":[0,0],"1":[0,0,0]},"_coverageSchema":"1a1c01bbd47fc00a2c39e90264f33305004495a9","hash":"91ca3c63a61fe3b03e9a42ee20a7dd91bdf7973c"}
,"/home/venkateshwarlu.n/Desktop/test/minorProject/Master-Financial-Planner/backend/tools/MFs/tickerTape.js": {"path":"/home/venkateshwarlu.n/Desktop/test/minorProject/Master-Financial-Planner/backend/tools/MFs/tickerTape.js","statementMap":{"0":{"start":{"line":5,"column":4},"end":{"line":28,"column":5}},"1":{"start":{"line":6,"column":25},"end":{"line":22,"column":10}},"2":{"start":{"line":24,"column":8},"end":{"line":24,"column":41}},"3":{"start":{"line":26,"column":8},"end":{"line":26,"column":62}},"4":{"start":{"line":27,"column":8},"end":{"line":27,"column":20}},"5":{"start":{"line":31,"column":16},"end":{"line":31,"column":33}},"6":{"start":{"line":32,"column":16},"end":{"line":32,"column":33}},"7":{"start":{"line":35,"column":4},"end":{"line":41,"column":5}},"8":{"start":{"line":36,"column":8},"end":{"line":36,"column":21}},"9":{"start":{"line":37,"column":10},"end":{"line":41,"column":5}},"10":{"start":{"line":38,"column":8},"end":{"line":38,"column":21}},"11":{"start":{"line":40,"column":8},"end":{"line":40,"column":39}},"12":{"start":{"line":43,"column":4},"end":{"line":43,"column":37}},"13":{"start":{"line":48,"column":22},"end":{"line":48,"column":96}},"14":{"start":{"line":49,"column":4},"end":{"line":49,"column":46}},"15":{"start":{"line":52,"column":22},"end":{"line":52,"column":30}},"16":{"start":{"line":53,"column":22},"end":{"line":53,"column":50}},"17":{"start":{"line":55,"column":4},"end":{"line":66,"column":7}},"18":{"start":{"line":56,"column":25},"end":{"line":56,"column":75}},"19":{"start":{"line":57,"column":29},"end":{"line":57,"column":107}},"20":{"start":{"line":57,"column":51},"end":{"line":57,"column":106}},"21":{"start":{"line":59,"column":8},"end":{"line":64,"column":9}},"22":{"start":{"line":60,"column":35},"end":{"line":60,"column":99}},"23":{"start":{"line":60,"column":70},"end":{"line":60,"column":98}},"24":{"start":{"line":61,"column":12},"end":{"line":63,"column":13}},"25":{"start":{"line":62,"column":16},"end":{"line":62,"column":72}},"26":{"start":{"line":65,"column":8},"end":{"line":65,"column":28}},"27":{"start":{"line":70,"column":4},"end":{"line":78,"column":5}},"28":{"start":{"line":71,"column":32},"end":{"line":71,"column":56}},"29":{"start":{"line":72,"column":25},"end":{"line":72,"column":47}},"30":{"start":{"line":73,"column":29},"end":{"line":73,"column":81}},"31":{"start":{"line":75,"column":8},"end":{"line":75,"column":28}},"32":{"start":{"line":77,"column":8},"end":{"line":77,"column":60}}},"fnMap":{"0":{"name":"getFunds","decl":{"start":{"line":4,"column":15},"end":{"line":4,"column":23}},"loc":{"start":{"line":4,"column":49},"end":{"line":29,"column":1}},"line":4},"1":{"name":"getFundName","decl":{"start":{"line":30,"column":9},"end":{"line":30,"column":20}},"loc":{"start":{"line":30,"column":35},"end":{"line":45,"column":1}},"line":30},"2":{"name":"getExpenseRatio","decl":{"start":{"line":46,"column":9},"end":{"line":46,"column":24}},"loc":{"start":{"line":46,"column":60},"end":{"line":67,"column":1}},"line":46},"3":{"name":"(anonymous_3)","decl":{"start":{"line":55,"column":29},"end":{"line":55,"column":30}},"loc":{"start":{"line":55,"column":45},"end":{"line":66,"column":5}},"line":55},"4":{"name":"(anonymous_4)","decl":{"start":{"line":57,"column":43},"end":{"line":57,"column":44}},"loc":{"start":{"line":57,"column":51},"end":{"line":57,"column":106}},"line":57},"5":{"name":"(anonymous_5)","decl":{"start":{"line":60,"column":60},"end":{"line":60,"column":61}},"loc":{"start":{"line":60,"column":70},"end":{"line":60,"column":98}},"line":60},"6":{"name":"getACES","decl":{"start":{"line":69,"column":15},"end":{"line":69,"column":22}},"loc":{"start":{"line":69,"column":43},"end":{"line":79,"column":1}},"line":69}},"branchMap":{"0":{"loc":{"start":{"line":4,"column":24},"end":{"line":4,"column":47}},"type":"default-arg","locations":[{"start":{"line":4,"column":33},"end":{"line":4,"column":47}}],"line":4},"1":{"loc":{"start":{"line":35,"column":4},"end":{"line":41,"column":5}},"type":"if","locations":[{"start":{"line":35,"column":4},"end":{"line":41,"column":5}},{"start":{"line":37,"column":10},"end":{"line":41,"column":5}}],"line":35},"2":{"loc":{"start":{"line":37,"column":10},"end":{"line":41,"column":5}},"type":"if","locations":[{"start":{"line":37,"column":10},"end":{"line":41,"column":5}},{"start":{"line":39,"column":9},"end":{"line":41,"column":5}}],"line":37},"3":{"loc":{"start":{"line":48,"column":22},"end":{"line":48,"column":96}},"type":"cond-expr","locations":[{"start":{"line":48,"column":54},"end":{"line":48,"column":69}},{"start":{"line":48,"column":72},"end":{"line":48,"column":96}}],"line":48},"4":{"loc":{"start":{"line":59,"column":8},"end":{"line":64,"column":9}},"type":"if","locations":[{"start":{"line":59,"column":8},"end":{"line":64,"column":9}},{"start":{},"end":{}}],"line":59},"5":{"loc":{"start":{"line":61,"column":12},"end":{"line":63,"column":13}},"type":"if","locations":[{"start":{"line":61,"column":12},"end":{"line":63,"column":13}},{"start":{},"end":{}}],"line":61}},"s":{"0":0,"1":0,"2":0,"3":0,"4":0,"5":0,"6":0,"7":0,"8":0,"9":0,"10":0,"11":0,"12":0,"13":0,"14":0,"15":0,"16":0,"17":0,"18":0,"19":0,"20":0,"21":0,"22":0,"23":0,"24":0,"25":0,"26":0,"27":0,"28":0,"29":0,"30":0,"31":0,"32":0},"f":{"0":0,"1":0,"2":0,"3":0,"4":0,"5":0,"6":0},"b":{"0":[0],"1":[0,0],"2":[0,0],"3":[0,0],"4":[0,0],"5":[0,0]},"_coverageSchema":"1a1c01bbd47fc00a2c39e90264f33305004495a9","hash":"0c106a8579228bee5162fd0208b1c111e4c15c40"}
,"/home/venkateshwarlu.n/Desktop/test/minorProject/Master-Financial-Planner/backend/utils/mailer.js": {"path":"/home/venkateshwarlu.n/Desktop/test/minorProject/Master-Financial-Planner/backend/utils/mailer.js","statementMap":{"0":{"start":{"line":4,"column":0},"end":{"line":4,"column":16}},"1":{"start":{"line":6,"column":20},"end":{"line":12,"column":2}},"2":{"start":{"line":14,"column":38},"end":{"line":34,"column":1}},"3":{"start":{"line":15,"column":2},"end":{"line":33,"column":3}},"4":{"start":{"line":16,"column":24},"end":{"line":25,"column":5}},"5":{"start":{"line":27,"column":17},"end":{"line":27,"column":56}},"6":{"start":{"line":28,"column":4},"end":{"line":28,"column":61}},"7":{"start":{"line":29,"column":4},"end":{"line":29,"column":29}},"8":{"start":{"line":31,"column":4},"end":{"line":31,"column":64}},"9":{"start":{"line":32,"column":4},"end":{"line":32,"column":52}}},"fnMap":{"0":{"name":"(anonymous_0)","decl":{"start":{"line":14,"column":38},"end":{"line":14,"column":39}},"loc":{"start":{"line":14,"column":66},"end":{"line":34,"column":1}},"line":14}},"branchMap":{},"s":{"0":1,"1":1,"2":1,"3":0,"4":0,"5":0,"6":0,"7":0,"8":0,"9":0},"f":{"0":0},"b":{},"_coverageSchema":"1a1c01bbd47fc00a2c39e90264f33305004495a9","hash":"e8e80f952c04ea8ae3edbc1c9cd17600d27af3f1"}
,"/home/venkateshwarlu.n/Desktop/test/minorProject/Master-Financial-Planner/backend/utils/nse.js": {"path":"/home/venkateshwarlu.n/Desktop/test/minorProject/Master-Financial-Planner/backend/utils/nse.js","statementMap":{"0":{"start":{"line":4,"column":16},"end":{"line":4,"column":29}},"1":{"start":{"line":7,"column":2},"end":{"line":13,"column":3}},"2":{"start":{"line":8,"column":17},"end":{"line":8,"column":49}},"3":{"start":{"line":9,"column":4},"end":{"line":9,"column":63}},"4":{"start":{"line":11,"column":4},"end":{"line":11,"column":70}},"5":{"start":{"line":12,"column":4},"end":{"line":12,"column":34}},"6":{"start":{"line":20,"column":2},"end":{"line":20,"column":68}},"7":{"start":{"line":24,"column":17},"end":{"line":24,"column":48}},"8":{"start":{"line":25,"column":2},"end":{"line":28,"column":3}},"9":{"start":{"line":26,"column":18},"end":{"line":26,"column":45}},"10":{"start":{"line":27,"column":4},"end":{"line":27,"column":17}},"11":{"start":{"line":34,"column":0},"end":{"line":34,"column":60}}},"fnMap":{"0":{"name":"getStockPrice","decl":{"start":{"line":6,"column":15},"end":{"line":6,"column":28}},"loc":{"start":{"line":6,"column":37},"end":{"line":14,"column":1}},"line":6},"1":{"name":"getStockSymbolByName","decl":{"start":{"line":19,"column":9},"end":{"line":19,"column":29}},"loc":{"start":{"line":19,"column":41},"end":{"line":21,"column":1}},"line":19},"2":{"name":"getStockPriceByName","decl":{"start":{"line":23,"column":22},"end":{"line":23,"column":41}},"loc":{"start":{"line":23,"column":53},"end":{"line":32,"column":1}},"line":23}},"branchMap":{"0":{"loc":{"start":{"line":9,"column":11},"end":{"line":9,"column":62}},"type":"binary-expr","locations":[{"start":{"line":9,"column":11},"end":{"line":9,"column":37}},{"start":{"line":9,"column":41},"end":{"line":9,"column":62}}],"line":9},"1":{"loc":{"start":{"line":20,"column":9},"end":{"line":20,"column":67}},"type":"binary-expr","locations":[{"start":{"line":20,"column":9},"end":{"line":20,"column":46}},{"start":{"line":20,"column":50},"end":{"line":20,"column":67}}],"line":20},"2":{"loc":{"start":{"line":25,"column":2},"end":{"line":28,"column":3}},"type":"if","locations":[{"start":{"line":25,"column":2},"end":{"line":28,"column":3}},{"start":{},"end":{}}],"line":25}},"s":{"0":1,"1":1,"2":1,"3":0,"4":0,"5":0,"6":1,"7":1,"8":1,"9":1,"10":0,"11":1},"f":{"0":1,"1":1,"2":1},"b":{"0":[0,0],"1":[1,0],"2":[1,0]},"_coverageSchema":"1a1c01bbd47fc00a2c39e90264f33305004495a9","hash":"f98403aaab34bf49f70960061f571bf4876be8c2"}
,"/home/venkateshwarlu.n/Desktop/test/minorProject/Master-Financial-Planner/backend/utils/stock_mapping.js": {"path":"/home/venkateshwarlu.n/Desktop/test/minorProject/Master-Financial-Planner/backend/utils/stock_mapping.js","statementMap":{"0":{"start":{"line":1,"column":28},"end":{"line":1764,"column":1}}},"fnMap":{},"branchMap":{},"s":{"0":1},"f":{},"b":{},"_coverageSchema":"1a1c01bbd47fc00a2c39e90264f33305004495a9","hash":"ce30b485deb64a8066da91be0aeb2e7f0018fc0c"}
}
