{"/home/karthikeya.a/Desktop/Project/Master-Financial-Planner/backend/controllers/get/arbitrageController.js": {"path":"/home/karthikeya.a/Desktop/Project/Master-Financial-Planner/backend/controllers/get/arbitrageController.js","statementMap":{"0":{"start":{"line":6,"column":19},"end":{"line":6,"column":27}},"1":{"start":{"line":8,"column":4},"end":{"line":19,"column":5}},"2":{"start":{"line":9,"column":21},"end":{"line":9,"column":48}},"3":{"start":{"line":10,"column":8},"end":{"line":12,"column":9}},"4":{"start":{"line":11,"column":12},"end":{"line":11,"column":70}},"5":{"start":{"line":14,"column":22},"end":{"line":14,"column":34}},"6":{"start":{"line":16,"column":8},"end":{"line":16,"column":43}},"7":{"start":{"line":18,"column":8},"end":{"line":18,"column":90}}},"fnMap":{"0":{"name":"arbitrageController","decl":{"start":{"line":5,"column":30},"end":{"line":5,"column":49}},"loc":{"start":{"line":5,"column":59},"end":{"line":20,"column":1}},"line":5}},"branchMap":{"0":{"loc":{"start":{"line":10,"column":8},"end":{"line":12,"column":9}},"type":"if","locations":[{"start":{"line":10,"column":8},"end":{"line":12,"column":9}},{"start":{},"end":{}}],"line":10}},"s":{"0":2,"1":2,"2":2,"3":2,"4":1,"5":1,"6":1,"7":0},"f":{"0":2},"b":{"0":[1,1]},"_coverageSchema":"1a1c01bbd47fc00a2c39e90264f33305004495a9","hash":"e7887a6f1052fa0713609774d928ccc2a9383e41"}
,"/home/karthikeya.a/Desktop/Project/Master-Financial-Planner/backend/controllers/get/autoSuggestionMFController.js": {"path":"/home/karthikeya.a/Desktop/Project/Master-Financial-Planner/backend/controllers/get/autoSuggestionMFController.js","statementMap":{"0":{"start":{"line":3,"column":15},"end":{"line":3,"column":19}},"1":{"start":{"line":5,"column":19},"end":{"line":32,"column":1}},"2":{"start":{"line":6,"column":21},"end":{"line":8,"column":6}},"3":{"start":{"line":10,"column":18},"end":{"line":10,"column":43}},"4":{"start":{"line":14,"column":4},"end":{"line":31,"column":7}},"5":{"start":{"line":15,"column":29},"end":{"line":15,"column":76}},"6":{"start":{"line":15,"column":51},"end":{"line":15,"column":75}},"7":{"start":{"line":16,"column":26},"end":{"line":16,"column":67}},"8":{"start":{"line":17,"column":8},"end":{"line":19,"column":9}},"9":{"start":{"line":18,"column":12},"end":{"line":18,"column":49}},"10":{"start":{"line":20,"column":23},"end":{"line":20,"column":69}},"11":{"start":{"line":20,"column":45},"end":{"line":20,"column":68}},"12":{"start":{"line":22,"column":23},"end":{"line":22,"column":32}},"13":{"start":{"line":23,"column":8},"end":{"line":25,"column":9}},"14":{"start":{"line":24,"column":12},"end":{"line":24,"column":73}},"15":{"start":{"line":26,"column":8},"end":{"line":30,"column":10}},"16":{"start":{"line":36,"column":31},"end":{"line":36,"column":40}},"17":{"start":{"line":38,"column":4},"end":{"line":45,"column":5}},"18":{"start":{"line":39,"column":8},"end":{"line":39,"column":27}},"19":{"start":{"line":42,"column":8},"end":{"line":44,"column":32}},"20":{"start":{"line":43,"column":12},"end":{"line":43,"column":31}},"21":{"start":{"line":47,"column":26},"end":{"line":47,"column":113}},"22":{"start":{"line":47,"column":50},"end":{"line":47,"column":112}},"23":{"start":{"line":49,"column":26},"end":{"line":49,"column":108}},"24":{"start":{"line":49,"column":55},"end":{"line":49,"column":107}},"25":{"start":{"line":52,"column":4},"end":{"line":52,"column":35}}},"fnMap":{"0":{"name":"(anonymous_0)","decl":{"start":{"line":5,"column":19},"end":{"line":5,"column":20}},"loc":{"start":{"line":5,"column":31},"end":{"line":32,"column":1}},"line":5},"1":{"name":"(anonymous_1)","decl":{"start":{"line":14,"column":25},"end":{"line":14,"column":26}},"loc":{"start":{"line":14,"column":35},"end":{"line":31,"column":5}},"line":14},"2":{"name":"(anonymous_2)","decl":{"start":{"line":15,"column":46},"end":{"line":15,"column":47}},"loc":{"start":{"line":15,"column":51},"end":{"line":15,"column":75}},"line":15},"3":{"name":"(anonymous_3)","decl":{"start":{"line":20,"column":40},"end":{"line":20,"column":41}},"loc":{"start":{"line":20,"column":45},"end":{"line":20,"column":68}},"line":20},"4":{"name":"autoSuggestionMFController","decl":{"start":{"line":35,"column":30},"end":{"line":35,"column":56}},"loc":{"start":{"line":35,"column":66},"end":{"line":53,"column":1}},"line":35},"5":{"name":"(anonymous_5)","decl":{"start":{"line":42,"column":20},"end":{"line":42,"column":21}},"loc":{"start":{"line":42,"column":32},"end":{"line":44,"column":9}},"line":42},"6":{"name":"(anonymous_6)","decl":{"start":{"line":47,"column":42},"end":{"line":47,"column":43}},"loc":{"start":{"line":47,"column":50},"end":{"line":47,"column":112}},"line":47},"7":{"name":"(anonymous_7)","decl":{"start":{"line":49,"column":47},"end":{"line":49,"column":48}},"loc":{"start":{"line":49,"column":55},"end":{"line":49,"column":107}},"line":49}},"branchMap":{"0":{"loc":{"start":{"line":16,"column":26},"end":{"line":16,"column":67}},"type":"cond-expr","locations":[{"start":{"line":16,"column":41},"end":{"line":16,"column":60}},{"start":{"line":16,"column":63},"end":{"line":16,"column":67}}],"line":16},"1":{"loc":{"start":{"line":17,"column":8},"end":{"line":19,"column":9}},"type":"if","locations":[{"start":{"line":17,"column":8},"end":{"line":19,"column":9}},{"start":{},"end":{}}],"line":17},"2":{"loc":{"start":{"line":17,"column":11},"end":{"line":17,"column":79}},"type":"binary-expr","locations":[{"start":{"line":17,"column":11},"end":{"line":17,"column":43}},{"start":{"line":17,"column":47},"end":{"line":17,"column":79}}],"line":17},"3":{"loc":{"start":{"line":23,"column":8},"end":{"line":25,"column":9}},"type":"if","locations":[{"start":{"line":23,"column":8},"end":{"line":25,"column":9}},{"start":{},"end":{}}],"line":23},"4":{"loc":{"start":{"line":29,"column":18},"end":{"line":29,"column":50}},"type":"cond-expr","locations":[{"start":{"line":29,"column":27},"end":{"line":29,"column":43}},{"start":{"line":29,"column":46},"end":{"line":29,"column":50}}],"line":29},"5":{"loc":{"start":{"line":38,"column":4},"end":{"line":45,"column":5}},"type":"if","locations":[{"start":{"line":38,"column":4},"end":{"line":45,"column":5}},{"start":{},"end":{}}],"line":38}},"s":{"0":1,"1":1,"2":1,"3":1,"4":1,"5":3,"6":3,"7":3,"8":3,"9":2,"10":3,"11":6,"12":3,"13":3,"14":3,"15":3,"16":3,"17":3,"18":1,"19":1,"20":0,"21":3,"22":9,"23":3,"24":6,"25":3},"f":{"0":1,"1":3,"2":3,"3":6,"4":3,"5":0,"6":9,"7":6},"b":{"0":[3,0],"1":[2,1],"2":[3,2],"3":[3,0],"4":[3,0],"5":[1,2]},"_coverageSchema":"1a1c01bbd47fc00a2c39e90264f33305004495a9","hash":"4efd83d53f3b533d8b4dd1c40709f0fb063f5a57"}
,"/home/karthikeya.a/Desktop/Project/Master-Financial-Planner/backend/controllers/get/autoSuggestionStockController.js": {"path":"/home/karthikeya.a/Desktop/Project/Master-Financial-Planner/backend/controllers/get/autoSuggestionStockController.js","statementMap":{"0":{"start":{"line":6,"column":4},"end":{"line":8,"column":5}},"1":{"start":{"line":7,"column":8},"end":{"line":7,"column":47}},"2":{"start":{"line":10,"column":21},"end":{"line":10,"column":30}},"3":{"start":{"line":13,"column":24},"end":{"line":13,"column":108}},"4":{"start":{"line":13,"column":55},"end":{"line":13,"column":107}},"5":{"start":{"line":15,"column":4},"end":{"line":15,"column":37}}},"fnMap":{"0":{"name":"autoSuggestionStockController","decl":{"start":{"line":5,"column":30},"end":{"line":5,"column":59}},"loc":{"start":{"line":5,"column":69},"end":{"line":16,"column":1}},"line":5},"1":{"name":"(anonymous_1)","decl":{"start":{"line":13,"column":42},"end":{"line":13,"column":43}},"loc":{"start":{"line":13,"column":55},"end":{"line":13,"column":107}},"line":13}},"branchMap":{"0":{"loc":{"start":{"line":6,"column":4},"end":{"line":8,"column":5}},"type":"if","locations":[{"start":{"line":6,"column":4},"end":{"line":8,"column":5}},{"start":{},"end":{}}],"line":6}},"s":{"0":3,"1":1,"2":3,"3":3,"4":9,"5":3},"f":{"0":3,"1":9},"b":{"0":[1,2]},"_coverageSchema":"1a1c01bbd47fc00a2c39e90264f33305004495a9","hash":"e1eb7ddfab501d04cfa47ffeada0d2236022c1b9"}
,"/home/karthikeya.a/Desktop/Project/Master-Financial-Planner/backend/controllers/get/debtFundsController.js": {"path":"/home/karthikeya.a/Desktop/Project/Master-Financial-Planner/backend/controllers/get/debtFundsController.js","statementMap":{"0":{"start":{"line":5,"column":19},"end":{"line":5,"column":27}},"1":{"start":{"line":7,"column":4},"end":{"line":19,"column":5}},"2":{"start":{"line":8,"column":21},"end":{"line":8,"column":48}},"3":{"start":{"line":10,"column":8},"end":{"line":12,"column":9}},"4":{"start":{"line":11,"column":12},"end":{"line":11,"column":70}},"5":{"start":{"line":14,"column":22},"end":{"line":14,"column":39}},"6":{"start":{"line":16,"column":8},"end":{"line":16,"column":43}},"7":{"start":{"line":18,"column":8},"end":{"line":18,"column":94}}},"fnMap":{"0":{"name":"debtFundsController","decl":{"start":{"line":4,"column":30},"end":{"line":4,"column":49}},"loc":{"start":{"line":4,"column":59},"end":{"line":20,"column":1}},"line":4}},"branchMap":{"0":{"loc":{"start":{"line":10,"column":8},"end":{"line":12,"column":9}},"type":"if","locations":[{"start":{"line":10,"column":8},"end":{"line":12,"column":9}},{"start":{},"end":{}}],"line":10}},"s":{"0":3,"1":3,"2":3,"3":2,"4":1,"5":1,"6":1,"7":1},"f":{"0":3},"b":{"0":[1,1]},"_coverageSchema":"1a1c01bbd47fc00a2c39e90264f33305004495a9","hash":"ad4dc01ef951cc5ecd989a06c663d4dcee40249b"}
,"/home/karthikeya.a/Desktop/Project/Master-Financial-Planner/backend/controllers/get/equitySaverController.js": {"path":"/home/karthikeya.a/Desktop/Project/Master-Financial-Planner/backend/controllers/get/equitySaverController.js","statementMap":{"0":{"start":{"line":5,"column":19},"end":{"line":5,"column":27}},"1":{"start":{"line":7,"column":4},"end":{"line":19,"column":5}},"2":{"start":{"line":8,"column":21},"end":{"line":8,"column":48}},"3":{"start":{"line":10,"column":8},"end":{"line":12,"column":9}},"4":{"start":{"line":11,"column":12},"end":{"line":11,"column":70}},"5":{"start":{"line":14,"column":22},"end":{"line":14,"column":34}},"6":{"start":{"line":16,"column":8},"end":{"line":16,"column":43}},"7":{"start":{"line":18,"column":8},"end":{"line":18,"column":94}}},"fnMap":{"0":{"name":"equitySaverController","decl":{"start":{"line":4,"column":30},"end":{"line":4,"column":51}},"loc":{"start":{"line":4,"column":61},"end":{"line":20,"column":1}},"line":4}},"branchMap":{"0":{"loc":{"start":{"line":10,"column":8},"end":{"line":12,"column":9}},"type":"if","locations":[{"start":{"line":10,"column":8},"end":{"line":12,"column":9}},{"start":{},"end":{}}],"line":10}},"s":{"0":3,"1":3,"2":3,"3":2,"4":1,"5":1,"6":1,"7":1},"f":{"0":3},"b":{"0":[1,1]},"_coverageSchema":"1a1c01bbd47fc00a2c39e90264f33305004495a9","hash":"a7fd0954e75dab78bd027ca225d8fa6a5ea1867d"}
,"/home/karthikeya.a/Desktop/Project/Master-Financial-Planner/backend/controllers/get/getAssumptionController.js": {"path":"/home/karthikeya.a/Desktop/Project/Master-Financial-Planner/backend/controllers/get/getAssumptionController.js","statementMap":{"0":{"start":{"line":5,"column":19},"end":{"line":5,"column":27}},"1":{"start":{"line":7,"column":4},"end":{"line":18,"column":5}},"2":{"start":{"line":8,"column":21},"end":{"line":8,"column":48}},"3":{"start":{"line":10,"column":20},"end":{"line":10,"column":68}},"4":{"start":{"line":12,"column":8},"end":{"line":15,"column":109}},"5":{"start":{"line":13,"column":12},"end":{"line":13,"column":66}},"6":{"start":{"line":15,"column":12},"end":{"line":15,"column":109}},"7":{"start":{"line":17,"column":8},"end":{"line":17,"column":91}}},"fnMap":{"0":{"name":"getAssumptionController","decl":{"start":{"line":4,"column":30},"end":{"line":4,"column":53}},"loc":{"start":{"line":4,"column":65},"end":{"line":19,"column":1}},"line":4}},"branchMap":{"0":{"loc":{"start":{"line":12,"column":8},"end":{"line":15,"column":109}},"type":"if","locations":[{"start":{"line":12,"column":8},"end":{"line":15,"column":109}},{"start":{"line":15,"column":12},"end":{"line":15,"column":109}}],"line":12}},"s":{"0":3,"1":3,"2":3,"3":2,"4":2,"5":1,"6":1,"7":1},"f":{"0":3},"b":{"0":[1,1]},"_coverageSchema":"1a1c01bbd47fc00a2c39e90264f33305004495a9","hash":"fd9c12d6716c678f9cd1e78adf6d70fd0946cb41"}
,"/home/karthikeya.a/Desktop/Project/Master-Financial-Planner/backend/controllers/get/getCashFlowsController.js": {"path":"/home/karthikeya.a/Desktop/Project/Master-Financial-Planner/backend/controllers/get/getCashFlowsController.js","statementMap":{"0":{"start":{"line":6,"column":19},"end":{"line":6,"column":27}},"1":{"start":{"line":8,"column":4},"end":{"line":19,"column":5}},"2":{"start":{"line":9,"column":21},"end":{"line":9,"column":48}},"3":{"start":{"line":11,"column":30},"end":{"line":11,"column":99}},"4":{"start":{"line":13,"column":8},"end":{"line":16,"column":76}},"5":{"start":{"line":14,"column":12},"end":{"line":14,"column":57}},"6":{"start":{"line":16,"column":12},"end":{"line":16,"column":76}},"7":{"start":{"line":18,"column":8},"end":{"line":18,"column":91}}},"fnMap":{"0":{"name":"getCashFlowsController","decl":{"start":{"line":5,"column":30},"end":{"line":5,"column":52}},"loc":{"start":{"line":5,"column":63},"end":{"line":20,"column":1}},"line":5}},"branchMap":{"0":{"loc":{"start":{"line":13,"column":8},"end":{"line":16,"column":76}},"type":"if","locations":[{"start":{"line":13,"column":8},"end":{"line":16,"column":76}},{"start":{"line":16,"column":12},"end":{"line":16,"column":76}}],"line":13}},"s":{"0":3,"1":3,"2":3,"3":2,"4":2,"5":1,"6":1,"7":1},"f":{"0":3},"b":{"0":[1,1]},"_coverageSchema":"1a1c01bbd47fc00a2c39e90264f33305004495a9","hash":"d1c7874243fe7d4a7cadbcc264ee99f4e8d44b49"}
,"/home/karthikeya.a/Desktop/Project/Master-Financial-Planner/backend/controllers/get/getCryptoController.js": {"path":"/home/karthikeya.a/Desktop/Project/Master-Financial-Planner/backend/controllers/get/getCryptoController.js","statementMap":{"0":{"start":{"line":6,"column":19},"end":{"line":6,"column":27}},"1":{"start":{"line":8,"column":4},"end":{"line":20,"column":5}},"2":{"start":{"line":9,"column":21},"end":{"line":9,"column":48}},"3":{"start":{"line":11,"column":27},"end":{"line":11,"column":106}},"4":{"start":{"line":13,"column":8},"end":{"line":16,"column":80}},"5":{"start":{"line":14,"column":12},"end":{"line":14,"column":60}},"6":{"start":{"line":16,"column":12},"end":{"line":16,"column":80}},"7":{"start":{"line":19,"column":8},"end":{"line":19,"column":91}}},"fnMap":{"0":{"name":"getCryptoController","decl":{"start":{"line":5,"column":30},"end":{"line":5,"column":49}},"loc":{"start":{"line":5,"column":60},"end":{"line":21,"column":1}},"line":5}},"branchMap":{"0":{"loc":{"start":{"line":13,"column":8},"end":{"line":16,"column":80}},"type":"if","locations":[{"start":{"line":13,"column":8},"end":{"line":16,"column":80}},{"start":{"line":16,"column":12},"end":{"line":16,"column":80}}],"line":13}},"s":{"0":5,"1":5,"2":5,"3":4,"4":2,"5":1,"6":1,"7":3},"f":{"0":5},"b":{"0":[1,1]},"_coverageSchema":"1a1c01bbd47fc00a2c39e90264f33305004495a9","hash":"c7a6d15f8eecb07204c2c6018758720360402957"}
,"/home/karthikeya.a/Desktop/Project/Master-Financial-Planner/backend/controllers/get/getDashBoardController.js": {"path":"/home/karthikeya.a/Desktop/Project/Master-Financial-Planner/backend/controllers/get/getDashBoardController.js","statementMap":{"0":{"start":{"line":8,"column":4},"end":{"line":34,"column":5}},"1":{"start":{"line":9,"column":23},"end":{"line":9,"column":31}},"2":{"start":{"line":10,"column":21},"end":{"line":10,"column":48}},"3":{"start":{"line":11,"column":72},"end":{"line":11,"column":112}},"4":{"start":{"line":12,"column":8},"end":{"line":14,"column":9}},"5":{"start":{"line":13,"column":12},"end":{"line":13,"column":51}},"6":{"start":{"line":16,"column":26},"end":{"line":16,"column":79}},"7":{"start":{"line":17,"column":28},"end":{"line":24,"column":9}},"8":{"start":{"line":26,"column":34},"end":{"line":26,"column":63}},"9":{"start":{"line":28,"column":20},"end":{"line":28,"column":65}},"10":{"start":{"line":30,"column":8},"end":{"line":30,"column":154}},"11":{"start":{"line":33,"column":8},"end":{"line":33,"column":61}},"12":{"start":{"line":39,"column":23},"end":{"line":39,"column":78}},"13":{"start":{"line":40,"column":27},"end":{"line":40,"column":124}},"14":{"start":{"line":41,"column":21},"end":{"line":41,"column":36}},"15":{"start":{"line":42,"column":17},"end":{"line":42,"column":109}},"16":{"start":{"line":43,"column":17},"end":{"line":43,"column":70}},"17":{"start":{"line":44,"column":19},"end":{"line":44,"column":32}},"18":{"start":{"line":46,"column":4},"end":{"line":46,"column":70}},"19":{"start":{"line":51,"column":4},"end":{"line":89,"column":5}},"20":{"start":{"line":52,"column":26},"end":{"line":52,"column":58}},"21":{"start":{"line":53,"column":22},"end":{"line":53,"column":37}},"22":{"start":{"line":55,"column":52},"end":{"line":55,"column":80}},"23":{"start":{"line":58,"column":19},"end":{"line":65,"column":9}},"24":{"start":{"line":69,"column":8},"end":{"line":84,"column":9}},"25":{"start":{"line":69,"column":18},"end":{"line":69,"column":19}},"26":{"start":{"line":70,"column":32},"end":{"line":70,"column":40}},"27":{"start":{"line":72,"column":36},"end":{"line":72,"column":68}},"28":{"start":{"line":73,"column":31},"end":{"line":73,"column":47}},"29":{"start":{"line":75,"column":12},"end":{"line":83,"column":13}},"30":{"start":{"line":76,"column":16},"end":{"line":76,"column":66}},"31":{"start":{"line":78,"column":17},"end":{"line":83,"column":13}},"32":{"start":{"line":79,"column":16},"end":{"line":79,"column":67}},"33":{"start":{"line":82,"column":16},"end":{"line":82,"column":65}},"34":{"start":{"line":86,"column":8},"end":{"line":86,"column":20}},"35":{"start":{"line":88,"column":8},"end":{"line":88,"column":20}},"36":{"start":{"line":93,"column":17},"end":{"line":93,"column":34}},"37":{"start":{"line":94,"column":19},"end":{"line":94,"column":38}},"38":{"start":{"line":97,"column":4},"end":{"line":104,"column":5}},"39":{"start":{"line":97,"column":14},"end":{"line":97,"column":15}},"40":{"start":{"line":98,"column":8},"end":{"line":103,"column":9}},"41":{"start":{"line":99,"column":24},"end":{"line":99,"column":31}},"42":{"start":{"line":100,"column":26},"end":{"line":100,"column":27}},"43":{"start":{"line":101,"column":12},"end":{"line":101,"column":60}},"44":{"start":{"line":102,"column":12},"end":{"line":102,"column":33}},"45":{"start":{"line":106,"column":4},"end":{"line":106,"column":16}}},"fnMap":{"0":{"name":"getDashBoardController","decl":{"start":{"line":7,"column":30},"end":{"line":7,"column":52}},"loc":{"start":{"line":7,"column":62},"end":{"line":36,"column":1}},"line":7},"1":{"name":"getTotalSum","decl":{"start":{"line":38,"column":16},"end":{"line":38,"column":27}},"loc":{"start":{"line":38,"column":45},"end":{"line":47,"column":1}},"line":38},"2":{"name":"requiredInvestableAssetAllocation","decl":{"start":{"line":50,"column":22},"end":{"line":50,"column":55}},"loc":{"start":{"line":50,"column":61},"end":{"line":90,"column":1}},"line":50},"3":{"name":"getValue","decl":{"start":{"line":92,"column":9},"end":{"line":92,"column":17}},"loc":{"start":{"line":92,"column":46},"end":{"line":108,"column":1}},"line":92}},"branchMap":{"0":{"loc":{"start":{"line":12,"column":8},"end":{"line":14,"column":9}},"type":"if","locations":[{"start":{"line":12,"column":8},"end":{"line":14,"column":9}},{"start":{},"end":{}}],"line":12},"1":{"loc":{"start":{"line":75,"column":12},"end":{"line":83,"column":13}},"type":"if","locations":[{"start":{"line":75,"column":12},"end":{"line":83,"column":13}},{"start":{"line":78,"column":17},"end":{"line":83,"column":13}}],"line":75},"2":{"loc":{"start":{"line":78,"column":17},"end":{"line":83,"column":13}},"type":"if","locations":[{"start":{"line":78,"column":17},"end":{"line":83,"column":13}},{"start":{"line":81,"column":16},"end":{"line":83,"column":13}}],"line":78},"3":{"loc":{"start":{"line":98,"column":8},"end":{"line":103,"column":9}},"type":"if","locations":[{"start":{"line":98,"column":8},"end":{"line":103,"column":9}},{"start":{},"end":{}}],"line":98}},"s":{"0":2,"1":2,"2":2,"3":2,"4":2,"5":1,"6":1,"7":1,"8":1,"9":1,"10":1,"11":0,"12":3,"13":3,"14":3,"15":3,"16":3,"17":3,"18":3,"19":3,"20":3,"21":2,"22":2,"23":2,"24":2,"25":2,"26":2,"27":2,"28":2,"29":2,"30":0,"31":2,"32":2,"33":0,"34":2,"35":1,"36":2,"37":2,"38":2,"39":2,"40":12,"41":10,"42":10,"43":10,"44":10,"45":2},"f":{"0":2,"1":3,"2":3,"3":2},"b":{"0":[1,1],"1":[0,2],"2":[2,0],"3":[10,2]},"_coverageSchema":"1a1c01bbd47fc00a2c39e90264f33305004495a9","hash":"e0c5b949ca36fa1d3a513c73790488ecfd5162d0"}
,"/home/karthikeya.a/Desktop/Project/Master-Financial-Planner/backend/controllers/get/getDebtController.js": {"path":"/home/karthikeya.a/Desktop/Project/Master-Financial-Planner/backend/controllers/get/getDebtController.js","statementMap":{"0":{"start":{"line":5,"column":19},"end":{"line":5,"column":27}},"1":{"start":{"line":7,"column":4},"end":{"line":18,"column":5}},"2":{"start":{"line":8,"column":21},"end":{"line":8,"column":48}},"3":{"start":{"line":10,"column":25},"end":{"line":10,"column":84}},"4":{"start":{"line":12,"column":8},"end":{"line":15,"column":70}},"5":{"start":{"line":13,"column":12},"end":{"line":13,"column":47}},"6":{"start":{"line":15,"column":12},"end":{"line":15,"column":70}},"7":{"start":{"line":17,"column":8},"end":{"line":17,"column":91}}},"fnMap":{"0":{"name":"getDebtController","decl":{"start":{"line":4,"column":30},"end":{"line":4,"column":47}},"loc":{"start":{"line":4,"column":58},"end":{"line":20,"column":1}},"line":4}},"branchMap":{"0":{"loc":{"start":{"line":12,"column":8},"end":{"line":15,"column":70}},"type":"if","locations":[{"start":{"line":12,"column":8},"end":{"line":15,"column":70}},{"start":{"line":15,"column":12},"end":{"line":15,"column":70}}],"line":12}},"s":{"0":3,"1":3,"2":3,"3":2,"4":2,"5":1,"6":1,"7":1},"f":{"0":3},"b":{"0":[1,1]},"_coverageSchema":"1a1c01bbd47fc00a2c39e90264f33305004495a9","hash":"c28c504e40f724d3c4b1552b0e74cb220ef50674"}
,"/home/karthikeya.a/Desktop/Project/Master-Financial-Planner/backend/controllers/get/getDomesticEquityController.js": {"path":"/home/karthikeya.a/Desktop/Project/Master-Financial-Planner/backend/controllers/get/getDomesticEquityController.js","statementMap":{"0":{"start":{"line":6,"column":19},"end":{"line":6,"column":27}},"1":{"start":{"line":8,"column":4},"end":{"line":19,"column":5}},"2":{"start":{"line":9,"column":21},"end":{"line":9,"column":48}},"3":{"start":{"line":11,"column":35},"end":{"line":11,"column":114}},"4":{"start":{"line":13,"column":8},"end":{"line":16,"column":78}},"5":{"start":{"line":14,"column":12},"end":{"line":14,"column":67}},"6":{"start":{"line":16,"column":12},"end":{"line":16,"column":78}},"7":{"start":{"line":18,"column":8},"end":{"line":18,"column":91}}},"fnMap":{"0":{"name":"getDomesticEquityController","decl":{"start":{"line":5,"column":30},"end":{"line":5,"column":57}},"loc":{"start":{"line":5,"column":68},"end":{"line":20,"column":1}},"line":5}},"branchMap":{"0":{"loc":{"start":{"line":13,"column":8},"end":{"line":16,"column":78}},"type":"if","locations":[{"start":{"line":13,"column":8},"end":{"line":16,"column":78}},{"start":{"line":16,"column":12},"end":{"line":16,"column":78}}],"line":13}},"s":{"0":5,"1":5,"2":5,"3":4,"4":2,"5":1,"6":1,"7":3},"f":{"0":5},"b":{"0":[1,1]},"_coverageSchema":"1a1c01bbd47fc00a2c39e90264f33305004495a9","hash":"a06299ad2ff19532884460c8458410fc2441fefc"}
,"/home/karthikeya.a/Desktop/Project/Master-Financial-Planner/backend/controllers/get/getFinancialGoalsController.js": {"path":"/home/karthikeya.a/Desktop/Project/Master-Financial-Planner/backend/controllers/get/getFinancialGoalsController.js","statementMap":{"0":{"start":{"line":8,"column":19},"end":{"line":8,"column":27}},"1":{"start":{"line":10,"column":4},"end":{"line":39,"column":5}},"2":{"start":{"line":11,"column":21},"end":{"line":11,"column":55}},"3":{"start":{"line":13,"column":27},"end":{"line":13,"column":66}},"4":{"start":{"line":15,"column":20},"end":{"line":15,"column":55}},"5":{"start":{"line":17,"column":30},"end":{"line":17,"column":86}},"6":{"start":{"line":19,"column":20},"end":{"line":19,"column":82}},"7":{"start":{"line":19,"column":29},"end":{"line":19,"column":82}},"8":{"start":{"line":19,"column":69},"end":{"line":19,"column":78}},"9":{"start":{"line":21,"column":30},"end":{"line":21,"column":86}},"10":{"start":{"line":23,"column":44},"end":{"line":23,"column":84}},"11":{"start":{"line":25,"column":8},"end":{"line":34,"column":10}},"12":{"start":{"line":38,"column":8},"end":{"line":38,"column":85}}},"fnMap":{"0":{"name":"getFinancialGoalsController","decl":{"start":{"line":7,"column":30},"end":{"line":7,"column":57}},"loc":{"start":{"line":7,"column":68},"end":{"line":40,"column":1}},"line":7},"1":{"name":"(anonymous_1)","decl":{"start":{"line":19,"column":20},"end":{"line":19,"column":21}},"loc":{"start":{"line":19,"column":29},"end":{"line":19,"column":82}},"line":19},"2":{"name":"(anonymous_2)","decl":{"start":{"line":19,"column":55},"end":{"line":19,"column":56}},"loc":{"start":{"line":19,"column":69},"end":{"line":19,"column":78}},"line":19}},"branchMap":{},"s":{"0":2,"1":2,"2":2,"3":1,"4":1,"5":1,"6":1,"7":2,"8":2,"9":1,"10":1,"11":1,"12":1},"f":{"0":2,"1":2,"2":2},"b":{},"_coverageSchema":"1a1c01bbd47fc00a2c39e90264f33305004495a9","hash":"e61a263f0c374d3d7ef01d72622af52cf5ee9369"}
,"/home/karthikeya.a/Desktop/Project/Master-Financial-Planner/backend/controllers/get/getForeignEquityController.js": {"path":"/home/karthikeya.a/Desktop/Project/Master-Financial-Planner/backend/controllers/get/getForeignEquityController.js","statementMap":{"0":{"start":{"line":5,"column":19},"end":{"line":5,"column":27}},"1":{"start":{"line":7,"column":4},"end":{"line":18,"column":5}},"2":{"start":{"line":8,"column":21},"end":{"line":8,"column":48}},"3":{"start":{"line":10,"column":34},"end":{"line":10,"column":111}},"4":{"start":{"line":12,"column":8},"end":{"line":15,"column":80}},"5":{"start":{"line":13,"column":12},"end":{"line":13,"column":65}},"6":{"start":{"line":15,"column":12},"end":{"line":15,"column":80}},"7":{"start":{"line":17,"column":8},"end":{"line":17,"column":91}}},"fnMap":{"0":{"name":"getForeignEquityController","decl":{"start":{"line":4,"column":30},"end":{"line":4,"column":56}},"loc":{"start":{"line":4,"column":67},"end":{"line":19,"column":1}},"line":4}},"branchMap":{"0":{"loc":{"start":{"line":12,"column":8},"end":{"line":15,"column":80}},"type":"if","locations":[{"start":{"line":12,"column":8},"end":{"line":15,"column":80}},{"start":{"line":15,"column":12},"end":{"line":15,"column":80}}],"line":12}},"s":{"0":3,"1":3,"2":3,"3":2,"4":2,"5":1,"6":1,"7":1},"f":{"0":3},"b":{"0":[1,1]},"_coverageSchema":"1a1c01bbd47fc00a2c39e90264f33305004495a9","hash":"da37bc64eb495b29fa5a296f4cb7981b778e3def"}
,"/home/karthikeya.a/Desktop/Project/Master-Financial-Planner/backend/controllers/get/getGoldController.js": {"path":"/home/karthikeya.a/Desktop/Project/Master-Financial-Planner/backend/controllers/get/getGoldController.js","statementMap":{"0":{"start":{"line":6,"column":19},"end":{"line":6,"column":27}},"1":{"start":{"line":8,"column":4},"end":{"line":19,"column":5}},"2":{"start":{"line":9,"column":21},"end":{"line":9,"column":48}},"3":{"start":{"line":11,"column":25},"end":{"line":11,"column":89}},"4":{"start":{"line":13,"column":8},"end":{"line":16,"column":70}},"5":{"start":{"line":14,"column":12},"end":{"line":14,"column":47}},"6":{"start":{"line":16,"column":12},"end":{"line":16,"column":70}},"7":{"start":{"line":18,"column":8},"end":{"line":18,"column":91}}},"fnMap":{"0":{"name":"getGoldController","decl":{"start":{"line":5,"column":30},"end":{"line":5,"column":47}},"loc":{"start":{"line":5,"column":58},"end":{"line":20,"column":1}},"line":5}},"branchMap":{"0":{"loc":{"start":{"line":13,"column":8},"end":{"line":16,"column":70}},"type":"if","locations":[{"start":{"line":13,"column":8},"end":{"line":16,"column":70}},{"start":{"line":16,"column":12},"end":{"line":16,"column":70}}],"line":13}},"s":{"0":3,"1":3,"2":3,"3":2,"4":2,"5":1,"6":1,"7":1},"f":{"0":3},"b":{"0":[1,1]},"_coverageSchema":"1a1c01bbd47fc00a2c39e90264f33305004495a9","hash":"e87e24a5970c272ef75ddc3a3f6f878c8847cdb8"}
,"/home/karthikeya.a/Desktop/Project/Master-Financial-Planner/backend/controllers/get/getLiabilitiesController.js": {"path":"/home/karthikeya.a/Desktop/Project/Master-Financial-Planner/backend/controllers/get/getLiabilitiesController.js","statementMap":{"0":{"start":{"line":5,"column":19},"end":{"line":5,"column":27}},"1":{"start":{"line":7,"column":4},"end":{"line":18,"column":5}},"2":{"start":{"line":8,"column":21},"end":{"line":8,"column":48}},"3":{"start":{"line":10,"column":30},"end":{"line":10,"column":103}},"4":{"start":{"line":12,"column":8},"end":{"line":15,"column":77}},"5":{"start":{"line":13,"column":12},"end":{"line":13,"column":59}},"6":{"start":{"line":15,"column":12},"end":{"line":15,"column":77}},"7":{"start":{"line":17,"column":8},"end":{"line":17,"column":91}}},"fnMap":{"0":{"name":"getLiabilitiesController","decl":{"start":{"line":4,"column":30},"end":{"line":4,"column":54}},"loc":{"start":{"line":4,"column":65},"end":{"line":20,"column":1}},"line":4}},"branchMap":{"0":{"loc":{"start":{"line":12,"column":8},"end":{"line":15,"column":77}},"type":"if","locations":[{"start":{"line":12,"column":8},"end":{"line":15,"column":77}},{"start":{"line":15,"column":12},"end":{"line":15,"column":77}}],"line":12}},"s":{"0":3,"1":3,"2":3,"3":2,"4":2,"5":1,"6":1,"7":1},"f":{"0":3},"b":{"0":[1,1]},"_coverageSchema":"1a1c01bbd47fc00a2c39e90264f33305004495a9","hash":"dc9dc4cf8571a6cd003ec39f622b19c122fb7352"}
,"/home/karthikeya.a/Desktop/Project/Master-Financial-Planner/backend/controllers/get/getMiscellaneousController.js": {"path":"/home/karthikeya.a/Desktop/Project/Master-Financial-Planner/backend/controllers/get/getMiscellaneousController.js","statementMap":{"0":{"start":{"line":6,"column":19},"end":{"line":6,"column":27}},"1":{"start":{"line":8,"column":4},"end":{"line":20,"column":5}},"2":{"start":{"line":10,"column":21},"end":{"line":10,"column":48}},"3":{"start":{"line":12,"column":25},"end":{"line":12,"column":102}},"4":{"start":{"line":14,"column":8},"end":{"line":17,"column":75}},"5":{"start":{"line":15,"column":12},"end":{"line":15,"column":56}},"6":{"start":{"line":17,"column":8},"end":{"line":17,"column":75}},"7":{"start":{"line":19,"column":8},"end":{"line":19,"column":91}}},"fnMap":{"0":{"name":"getMiscellaneousController","decl":{"start":{"line":5,"column":30},"end":{"line":5,"column":56}},"loc":{"start":{"line":5,"column":67},"end":{"line":21,"column":1}},"line":5}},"branchMap":{"0":{"loc":{"start":{"line":14,"column":8},"end":{"line":17,"column":75}},"type":"if","locations":[{"start":{"line":14,"column":8},"end":{"line":17,"column":75}},{"start":{"line":17,"column":8},"end":{"line":17,"column":75}}],"line":14}},"s":{"0":3,"1":3,"2":3,"3":2,"4":2,"5":1,"6":1,"7":1},"f":{"0":3},"b":{"0":[1,1]},"_coverageSchema":"1a1c01bbd47fc00a2c39e90264f33305004495a9","hash":"204b37cfa831f7212f8da6294dc5a034728266ab"}
,"/home/karthikeya.a/Desktop/Project/Master-Financial-Planner/backend/controllers/get/getRealEstateController.js": {"path":"/home/karthikeya.a/Desktop/Project/Master-Financial-Planner/backend/controllers/get/getRealEstateController.js","statementMap":{"0":{"start":{"line":5,"column":19},"end":{"line":5,"column":27}},"1":{"start":{"line":7,"column":4},"end":{"line":19,"column":5}},"2":{"start":{"line":8,"column":21},"end":{"line":8,"column":48}},"3":{"start":{"line":10,"column":31},"end":{"line":10,"column":102}},"4":{"start":{"line":12,"column":8},"end":{"line":15,"column":76}},"5":{"start":{"line":13,"column":12},"end":{"line":13,"column":59}},"6":{"start":{"line":15,"column":12},"end":{"line":15,"column":76}},"7":{"start":{"line":18,"column":8},"end":{"line":18,"column":91}}},"fnMap":{"0":{"name":"getRealEstateController","decl":{"start":{"line":4,"column":30},"end":{"line":4,"column":53}},"loc":{"start":{"line":4,"column":64},"end":{"line":21,"column":1}},"line":4}},"branchMap":{"0":{"loc":{"start":{"line":12,"column":8},"end":{"line":15,"column":76}},"type":"if","locations":[{"start":{"line":12,"column":8},"end":{"line":15,"column":76}},{"start":{"line":15,"column":12},"end":{"line":15,"column":76}}],"line":12}},"s":{"0":3,"1":3,"2":3,"3":2,"4":2,"5":1,"6":1,"7":1},"f":{"0":3},"b":{"0":[1,1]},"_coverageSchema":"1a1c01bbd47fc00a2c39e90264f33305004495a9","hash":"118ec81d52d819dcbd7ecdfb2065ffd44879709c"}
,"/home/karthikeya.a/Desktop/Project/Master-Financial-Planner/backend/controllers/get/getStockPriceController.js": {"path":"/home/karthikeya.a/Desktop/Project/Master-Financial-Planner/backend/controllers/get/getStockPriceController.js","statementMap":{"0":{"start":{"line":5,"column":4},"end":{"line":16,"column":5}},"1":{"start":{"line":6,"column":25},"end":{"line":6,"column":34}},"2":{"start":{"line":8,"column":22},"end":{"line":8,"column":72}},"3":{"start":{"line":10,"column":8},"end":{"line":13,"column":65}},"4":{"start":{"line":11,"column":12},"end":{"line":11,"column":37}},"5":{"start":{"line":13,"column":12},"end":{"line":13,"column":65}},"6":{"start":{"line":15,"column":8},"end":{"line":15,"column":91}}},"fnMap":{"0":{"name":"getStockPriceController","decl":{"start":{"line":4,"column":30},"end":{"line":4,"column":53}},"loc":{"start":{"line":4,"column":64},"end":{"line":17,"column":1}},"line":4}},"branchMap":{"0":{"loc":{"start":{"line":8,"column":22},"end":{"line":8,"column":72}},"type":"binary-expr","locations":[{"start":{"line":8,"column":22},"end":{"line":8,"column":67}},{"start":{"line":8,"column":71},"end":{"line":8,"column":72}}],"line":8},"1":{"loc":{"start":{"line":10,"column":8},"end":{"line":13,"column":65}},"type":"if","locations":[{"start":{"line":10,"column":8},"end":{"line":13,"column":65}},{"start":{"line":13,"column":12},"end":{"line":13,"column":65}}],"line":10}},"s":{"0":3,"1":3,"2":3,"3":2,"4":1,"5":1,"6":1},"f":{"0":3},"b":{"0":[3,1],"1":[1,1]},"_coverageSchema":"1a1c01bbd47fc00a2c39e90264f33305004495a9","hash":"578c78601e10860047d513666766559b01cbb751"}
,"/home/karthikeya.a/Desktop/Project/Master-Financial-Planner/backend/controllers/get/indexFundsController.js": {"path":"/home/karthikeya.a/Desktop/Project/Master-Financial-Planner/backend/controllers/get/indexFundsController.js","statementMap":{"0":{"start":{"line":5,"column":19},"end":{"line":5,"column":27}},"1":{"start":{"line":7,"column":4},"end":{"line":20,"column":5}},"2":{"start":{"line":8,"column":21},"end":{"line":8,"column":48}},"3":{"start":{"line":9,"column":8},"end":{"line":11,"column":9}},"4":{"start":{"line":10,"column":12},"end":{"line":10,"column":70}},"5":{"start":{"line":13,"column":22},"end":{"line":13,"column":48}},"6":{"start":{"line":15,"column":8},"end":{"line":15,"column":45}},"7":{"start":{"line":19,"column":8},"end":{"line":19,"column":92}}},"fnMap":{"0":{"name":"indexFundsController","decl":{"start":{"line":4,"column":30},"end":{"line":4,"column":50}},"loc":{"start":{"line":4,"column":60},"end":{"line":21,"column":1}},"line":4}},"branchMap":{"0":{"loc":{"start":{"line":9,"column":8},"end":{"line":11,"column":9}},"type":"if","locations":[{"start":{"line":9,"column":8},"end":{"line":11,"column":9}},{"start":{},"end":{}}],"line":9}},"s":{"0":3,"1":3,"2":3,"3":2,"4":1,"5":1,"6":1,"7":1},"f":{"0":3},"b":{"0":[1,1]},"_coverageSchema":"1a1c01bbd47fc00a2c39e90264f33305004495a9","hash":"23ea5cb2ed8bc29b0a9c735ca27ea12681556ae2"}
,"/home/karthikeya.a/Desktop/Project/Master-Financial-Planner/backend/controllers/get/mutualFundsController.js": {"path":"/home/karthikeya.a/Desktop/Project/Master-Financial-Planner/backend/controllers/get/mutualFundsController.js","statementMap":{"0":{"start":{"line":5,"column":19},"end":{"line":5,"column":27}},"1":{"start":{"line":7,"column":4},"end":{"line":20,"column":5}},"2":{"start":{"line":8,"column":21},"end":{"line":8,"column":48}},"3":{"start":{"line":10,"column":8},"end":{"line":12,"column":9}},"4":{"start":{"line":11,"column":12},"end":{"line":11,"column":70}},"5":{"start":{"line":14,"column":22},"end":{"line":14,"column":34}},"6":{"start":{"line":16,"column":8},"end":{"line":16,"column":45}},"7":{"start":{"line":19,"column":8},"end":{"line":19,"column":92}}},"fnMap":{"0":{"name":"mutualFundsController","decl":{"start":{"line":4,"column":30},"end":{"line":4,"column":51}},"loc":{"start":{"line":4,"column":61},"end":{"line":21,"column":1}},"line":4}},"branchMap":{"0":{"loc":{"start":{"line":10,"column":8},"end":{"line":12,"column":9}},"type":"if","locations":[{"start":{"line":10,"column":8},"end":{"line":12,"column":9}},{"start":{},"end":{}}],"line":10}},"s":{"0":3,"1":3,"2":3,"3":2,"4":1,"5":1,"6":1,"7":1},"f":{"0":3},"b":{"0":[1,1]},"_coverageSchema":"1a1c01bbd47fc00a2c39e90264f33305004495a9","hash":"1d4317f83b328699bf0c32012d4985957629a762"}
,"/home/karthikeya.a/Desktop/Project/Master-Financial-Planner/backend/controllers/post/chatUploadController.js": {"path":"/home/karthikeya.a/Desktop/Project/Master-Financial-Planner/backend/controllers/post/chatUploadController.js","statementMap":{"0":{"start":{"line":4,"column":19},"end":{"line":27,"column":1}},"1":{"start":{"line":5,"column":2},"end":{"line":26,"column":3}},"2":{"start":{"line":6,"column":21},"end":{"line":9,"column":6}},"3":{"start":{"line":11,"column":17},"end":{"line":11,"column":27}},"4":{"start":{"line":12,"column":16},"end":{"line":12,"column":63}},"5":{"start":{"line":14,"column":19},"end":{"line":19,"column":5}},"6":{"start":{"line":21,"column":4},"end":{"line":21,"column":54}},"7":{"start":{"line":23,"column":4},"end":{"line":23,"column":102}},"8":{"start":{"line":25,"column":4},"end":{"line":25,"column":14}},"9":{"start":{"line":29,"column":29},"end":{"line":48,"column":1}},"10":{"start":{"line":30,"column":2},"end":{"line":47,"column":3}},"11":{"start":{"line":31,"column":23},"end":{"line":31,"column":31}},"12":{"start":{"line":32,"column":17},"end":{"line":32,"column":25}},"13":{"start":{"line":34,"column":4},"end":{"line":36,"column":5}},"14":{"start":{"line":35,"column":6},"end":{"line":35,"column":65}},"15":{"start":{"line":38,"column":20},"end":{"line":38,"column":83}},"16":{"start":{"line":40,"column":4},"end":{"line":44,"column":7}},"17":{"start":{"line":46,"column":4},"end":{"line":46,"column":82}}},"fnMap":{"0":{"name":"(anonymous_0)","decl":{"start":{"line":4,"column":19},"end":{"line":4,"column":20}},"loc":{"start":{"line":4,"column":57},"end":{"line":27,"column":1}},"line":4},"1":{"name":"(anonymous_1)","decl":{"start":{"line":29,"column":29},"end":{"line":29,"column":30}},"loc":{"start":{"line":29,"column":49},"end":{"line":48,"column":1}},"line":29}},"branchMap":{"0":{"loc":{"start":{"line":34,"column":4},"end":{"line":36,"column":5}},"type":"if","locations":[{"start":{"line":34,"column":4},"end":{"line":36,"column":5}},{"start":{},"end":{}}],"line":34}},"s":{"0":1,"1":3,"2":3,"3":3,"4":3,"5":3,"6":3,"7":1,"8":2,"9":1,"10":4,"11":4,"12":4,"13":4,"14":1,"15":3,"16":1,"17":2},"f":{"0":3,"1":4},"b":{"0":[1,3]},"_coverageSchema":"1a1c01bbd47fc00a2c39e90264f33305004495a9","hash":"7412e7aea488940a004dc581d73dcb67e302284e"}
,"/home/karthikeya.a/Desktop/Project/Master-Financial-Planner/backend/controllers/post/uploadController.js": {"path":"/home/karthikeya.a/Desktop/Project/Master-Financial-Planner/backend/controllers/post/uploadController.js","statementMap":{"0":{"start":{"line":6,"column":17},"end":{"line":9,"column":2}},"1":{"start":{"line":12,"column":19},"end":{"line":32,"column":1}},"2":{"start":{"line":13,"column":2},"end":{"line":31,"column":3}},"3":{"start":{"line":14,"column":17},"end":{"line":14,"column":27}},"4":{"start":{"line":15,"column":30},"end":{"line":15,"column":59}},"5":{"start":{"line":16,"column":16},"end":{"line":16,"column":61}},"6":{"start":{"line":18,"column":19},"end":{"line":23,"column":5}},"7":{"start":{"line":25,"column":20},"end":{"line":25,"column":48}},"8":{"start":{"line":26,"column":4},"end":{"line":26,"column":33}},"9":{"start":{"line":28,"column":4},"end":{"line":28,"column":102}},"10":{"start":{"line":30,"column":4},"end":{"line":30,"column":14}},"11":{"start":{"line":35,"column":27},"end":{"line":73,"column":1}},"12":{"start":{"line":36,"column":2},"end":{"line":38,"column":3}},"13":{"start":{"line":37,"column":4},"end":{"line":37,"column":84}},"14":{"start":{"line":40,"column":2},"end":{"line":72,"column":3}},"15":{"start":{"line":41,"column":15},"end":{"line":41,"column":23}},"16":{"start":{"line":42,"column":17},"end":{"line":42,"column":59}},"17":{"start":{"line":44,"column":4},"end":{"line":54,"column":5}},"18":{"start":{"line":45,"column":26},"end":{"line":45,"column":67}},"19":{"start":{"line":46,"column":6},"end":{"line":53,"column":7}},"20":{"start":{"line":47,"column":8},"end":{"line":52,"column":10}},"21":{"start":{"line":57,"column":21},"end":{"line":57,"column":96}},"22":{"start":{"line":60,"column":4},"end":{"line":67,"column":6}},"23":{"start":{"line":69,"column":4},"end":{"line":69,"column":65}},"24":{"start":{"line":71,"column":4},"end":{"line":71,"column":82}}},"fnMap":{"0":{"name":"(anonymous_0)","decl":{"start":{"line":12,"column":19},"end":{"line":12,"column":20}},"loc":{"start":{"line":12,"column":57},"end":{"line":32,"column":1}},"line":12},"1":{"name":"(anonymous_1)","decl":{"start":{"line":35,"column":27},"end":{"line":35,"column":28}},"loc":{"start":{"line":35,"column":47},"end":{"line":73,"column":1}},"line":35}},"branchMap":{"0":{"loc":{"start":{"line":36,"column":2},"end":{"line":38,"column":3}},"type":"if","locations":[{"start":{"line":36,"column":2},"end":{"line":38,"column":3}},{"start":{},"end":{}}],"line":36},"1":{"loc":{"start":{"line":44,"column":4},"end":{"line":54,"column":5}},"type":"if","locations":[{"start":{"line":44,"column":4},"end":{"line":54,"column":5}},{"start":{},"end":{}}],"line":44},"2":{"loc":{"start":{"line":46,"column":6},"end":{"line":53,"column":7}},"type":"if","locations":[{"start":{"line":46,"column":6},"end":{"line":53,"column":7}},{"start":{},"end":{}}],"line":46}},"s":{"0":1,"1":1,"2":3,"3":3,"4":3,"5":3,"6":3,"7":3,"8":3,"9":3,"10":0,"11":1,"12":5,"13":1,"14":4,"15":4,"16":4,"17":3,"18":1,"19":1,"20":0,"21":3,"22":3,"23":3,"24":1},"f":{"0":3,"1":5},"b":{"0":[1,4],"1":[1,2],"2":[0,1]},"_coverageSchema":"1a1c01bbd47fc00a2c39e90264f33305004495a9","hash":"c7ce4365b7beae8d8503567a49af7dcd7f729cd9"}
,"/home/karthikeya.a/Desktop/Project/Master-Financial-Planner/backend/controllers/put/assumptionController.js": {"path":"/home/karthikeya.a/Desktop/Project/Master-Financial-Planner/backend/controllers/put/assumptionController.js","statementMap":{"0":{"start":{"line":7,"column":17},"end":{"line":7,"column":25}},"1":{"start":{"line":9,"column":27},"end":{"line":9,"column":52}},"2":{"start":{"line":11,"column":4},"end":{"line":13,"column":5}},"3":{"start":{"line":12,"column":8},"end":{"line":12,"column":94}},"4":{"start":{"line":15,"column":20},"end":{"line":15,"column":49}},"5":{"start":{"line":16,"column":4},"end":{"line":16,"column":31}},"6":{"start":{"line":18,"column":4},"end":{"line":52,"column":5}},"7":{"start":{"line":19,"column":85},"end":{"line":19,"column":89}},"8":{"start":{"line":20,"column":23},"end":{"line":20,"column":31}},"9":{"start":{"line":22,"column":21},"end":{"line":22,"column":55}},"10":{"start":{"line":24,"column":22},"end":{"line":24,"column":30}},"11":{"start":{"line":26,"column":29},"end":{"line":36,"column":9}},"12":{"start":{"line":38,"column":8},"end":{"line":38,"column":42}},"13":{"start":{"line":39,"column":8},"end":{"line":39,"column":29}},"14":{"start":{"line":41,"column":8},"end":{"line":45,"column":9}},"15":{"start":{"line":42,"column":12},"end":{"line":42,"column":84}},"16":{"start":{"line":44,"column":12},"end":{"line":44,"column":99}},"17":{"start":{"line":48,"column":8},"end":{"line":48,"column":41}},"18":{"start":{"line":49,"column":8},"end":{"line":49,"column":29}},"19":{"start":{"line":51,"column":8},"end":{"line":51,"column":59}}},"fnMap":{"0":{"name":"assumptionController","decl":{"start":{"line":6,"column":30},"end":{"line":6,"column":50}},"loc":{"start":{"line":6,"column":61},"end":{"line":53,"column":1}},"line":6}},"branchMap":{"0":{"loc":{"start":{"line":11,"column":4},"end":{"line":13,"column":5}},"type":"if","locations":[{"start":{"line":11,"column":4},"end":{"line":13,"column":5}},{"start":{},"end":{}}],"line":11},"1":{"loc":{"start":{"line":41,"column":8},"end":{"line":45,"column":9}},"type":"if","locations":[{"start":{"line":41,"column":8},"end":{"line":45,"column":9}},{"start":{"line":43,"column":13},"end":{"line":45,"column":9}}],"line":41}},"s":{"0":4,"1":4,"2":4,"3":1,"4":3,"5":3,"6":3,"7":3,"8":3,"9":3,"10":2,"11":2,"12":2,"13":2,"14":2,"15":1,"16":1,"17":1,"18":1,"19":1},"f":{"0":4},"b":{"0":[1,3],"1":[1,1]},"_coverageSchema":"1a1c01bbd47fc00a2c39e90264f33305004495a9","hash":"fb5073889e89bb2be3bb752b9aaf43e7066d9eff"}
,"/home/karthikeya.a/Desktop/Project/Master-Financial-Planner/backend/controllers/put/cashFlowsController.js": {"path":"/home/karthikeya.a/Desktop/Project/Master-Financial-Planner/backend/controllers/put/cashFlowsController.js","statementMap":{"0":{"start":{"line":7,"column":17},"end":{"line":7,"column":25}},"1":{"start":{"line":9,"column":29},"end":{"line":9,"column":60}},"2":{"start":{"line":11,"column":4},"end":{"line":13,"column":5}},"3":{"start":{"line":12,"column":8},"end":{"line":12,"column":100}},"4":{"start":{"line":15,"column":20},"end":{"line":15,"column":49}},"5":{"start":{"line":16,"column":4},"end":{"line":16,"column":31}},"6":{"start":{"line":18,"column":4},"end":{"line":52,"column":5}},"7":{"start":{"line":19,"column":23},"end":{"line":19,"column":31}},"8":{"start":{"line":20,"column":38},"end":{"line":20,"column":42}},"9":{"start":{"line":22,"column":21},"end":{"line":22,"column":56}},"10":{"start":{"line":24,"column":27},"end":{"line":24,"column":50}},"11":{"start":{"line":26,"column":33},"end":{"line":26,"column":77}},"12":{"start":{"line":28,"column":30},"end":{"line":37,"column":9}},"13":{"start":{"line":39,"column":8},"end":{"line":39,"column":42}},"14":{"start":{"line":40,"column":8},"end":{"line":40,"column":29}},"15":{"start":{"line":42,"column":8},"end":{"line":46,"column":9}},"16":{"start":{"line":43,"column":12},"end":{"line":43,"column":88}},"17":{"start":{"line":45,"column":12},"end":{"line":45,"column":79}},"18":{"start":{"line":49,"column":8},"end":{"line":49,"column":41}},"19":{"start":{"line":50,"column":8},"end":{"line":50,"column":29}},"20":{"start":{"line":51,"column":8},"end":{"line":51,"column":85}}},"fnMap":{"0":{"name":"cashFlowsController","decl":{"start":{"line":6,"column":30},"end":{"line":6,"column":49}},"loc":{"start":{"line":6,"column":60},"end":{"line":54,"column":1}},"line":6}},"branchMap":{"0":{"loc":{"start":{"line":11,"column":4},"end":{"line":13,"column":5}},"type":"if","locations":[{"start":{"line":11,"column":4},"end":{"line":13,"column":5}},{"start":{},"end":{}}],"line":11},"1":{"loc":{"start":{"line":42,"column":8},"end":{"line":46,"column":9}},"type":"if","locations":[{"start":{"line":42,"column":8},"end":{"line":46,"column":9}},{"start":{"line":44,"column":15},"end":{"line":46,"column":9}}],"line":42}},"s":{"0":4,"1":4,"2":4,"3":1,"4":3,"5":3,"6":3,"7":3,"8":3,"9":3,"10":2,"11":2,"12":2,"13":2,"14":2,"15":2,"16":1,"17":1,"18":1,"19":1,"20":1},"f":{"0":4},"b":{"0":[1,3],"1":[1,1]},"_coverageSchema":"1a1c01bbd47fc00a2c39e90264f33305004495a9","hash":"cb5c8b832d26ddb173c859f907f0ed1f1cb00a68"}
,"/home/karthikeya.a/Desktop/Project/Master-Financial-Planner/backend/controllers/put/cryptoController.js": {"path":"/home/karthikeya.a/Desktop/Project/Master-Financial-Planner/backend/controllers/put/cryptoController.js","statementMap":{"0":{"start":{"line":7,"column":17},"end":{"line":7,"column":25}},"1":{"start":{"line":9,"column":27},"end":{"line":9,"column":55}},"2":{"start":{"line":11,"column":4},"end":{"line":13,"column":5}},"3":{"start":{"line":12,"column":8},"end":{"line":12,"column":96}},"4":{"start":{"line":15,"column":20},"end":{"line":15,"column":49}},"5":{"start":{"line":16,"column":4},"end":{"line":16,"column":31}},"6":{"start":{"line":18,"column":4},"end":{"line":48,"column":5}},"7":{"start":{"line":19,"column":23},"end":{"line":19,"column":31}},"8":{"start":{"line":21,"column":27},"end":{"line":21,"column":35}},"9":{"start":{"line":23,"column":21},"end":{"line":23,"column":55}},"10":{"start":{"line":25,"column":25},"end":{"line":25,"column":53}},"11":{"start":{"line":27,"column":27},"end":{"line":33,"column":9}},"12":{"start":{"line":35,"column":8},"end":{"line":35,"column":42}},"13":{"start":{"line":36,"column":8},"end":{"line":36,"column":29}},"14":{"start":{"line":38,"column":8},"end":{"line":42,"column":9}},"15":{"start":{"line":39,"column":12},"end":{"line":39,"column":95}},"16":{"start":{"line":41,"column":12},"end":{"line":41,"column":74}},"17":{"start":{"line":45,"column":8},"end":{"line":45,"column":41}},"18":{"start":{"line":46,"column":8},"end":{"line":46,"column":29}},"19":{"start":{"line":47,"column":8},"end":{"line":47,"column":85}}},"fnMap":{"0":{"name":"cryptoController","decl":{"start":{"line":6,"column":30},"end":{"line":6,"column":46}},"loc":{"start":{"line":6,"column":55},"end":{"line":49,"column":1}},"line":6}},"branchMap":{"0":{"loc":{"start":{"line":11,"column":4},"end":{"line":13,"column":5}},"type":"if","locations":[{"start":{"line":11,"column":4},"end":{"line":13,"column":5}},{"start":{},"end":{}}],"line":11},"1":{"loc":{"start":{"line":38,"column":8},"end":{"line":42,"column":9}},"type":"if","locations":[{"start":{"line":38,"column":8},"end":{"line":42,"column":9}},{"start":{"line":40,"column":13},"end":{"line":42,"column":9}}],"line":38}},"s":{"0":4,"1":4,"2":4,"3":1,"4":3,"5":3,"6":3,"7":3,"8":3,"9":3,"10":2,"11":2,"12":2,"13":2,"14":2,"15":1,"16":1,"17":1,"18":1,"19":1},"f":{"0":4},"b":{"0":[1,3],"1":[1,1]},"_coverageSchema":"1a1c01bbd47fc00a2c39e90264f33305004495a9","hash":"ea45a5b32d18dc5fd5c9a69faf5563dbc956e01b"}
,"/home/karthikeya.a/Desktop/Project/Master-Financial-Planner/backend/controllers/put/debtController.js": {"path":"/home/karthikeya.a/Desktop/Project/Master-Financial-Planner/backend/controllers/put/debtController.js","statementMap":{"0":{"start":{"line":7,"column":93},"end":{"line":7,"column":101}},"1":{"start":{"line":9,"column":4},"end":{"line":11,"column":5}},"2":{"start":{"line":10,"column":8},"end":{"line":10,"column":74}},"3":{"start":{"line":13,"column":31},"end":{"line":13,"column":122}},"4":{"start":{"line":15,"column":4},"end":{"line":17,"column":5}},"5":{"start":{"line":16,"column":8},"end":{"line":16,"column":94}},"6":{"start":{"line":19,"column":20},"end":{"line":19,"column":49}},"7":{"start":{"line":20,"column":4},"end":{"line":20,"column":31}},"8":{"start":{"line":23,"column":4},"end":{"line":59,"column":5}},"9":{"start":{"line":24,"column":23},"end":{"line":24,"column":31}},"10":{"start":{"line":26,"column":21},"end":{"line":26,"column":55}},"11":{"start":{"line":28,"column":23},"end":{"line":28,"column":41}},"12":{"start":{"line":30,"column":28},"end":{"line":36,"column":35}},"13":{"start":{"line":39,"column":25},"end":{"line":44,"column":25}},"14":{"start":{"line":46,"column":8},"end":{"line":46,"column":42}},"15":{"start":{"line":47,"column":8},"end":{"line":47,"column":29}},"16":{"start":{"line":49,"column":8},"end":{"line":53,"column":9}},"17":{"start":{"line":50,"column":12},"end":{"line":50,"column":93}},"18":{"start":{"line":52,"column":12},"end":{"line":52,"column":70}},"19":{"start":{"line":56,"column":8},"end":{"line":56,"column":41}},"20":{"start":{"line":57,"column":8},"end":{"line":57,"column":29}},"21":{"start":{"line":58,"column":8},"end":{"line":58,"column":85}}},"fnMap":{"0":{"name":"debtController","decl":{"start":{"line":6,"column":30},"end":{"line":6,"column":44}},"loc":{"start":{"line":6,"column":53},"end":{"line":60,"column":1}},"line":6}},"branchMap":{"0":{"loc":{"start":{"line":9,"column":4},"end":{"line":11,"column":5}},"type":"if","locations":[{"start":{"line":9,"column":4},"end":{"line":11,"column":5}},{"start":{},"end":{}}],"line":9},"1":{"loc":{"start":{"line":15,"column":4},"end":{"line":17,"column":5}},"type":"if","locations":[{"start":{"line":15,"column":4},"end":{"line":17,"column":5}},{"start":{},"end":{}}],"line":15},"2":{"loc":{"start":{"line":30,"column":28},"end":{"line":36,"column":35}},"type":"binary-expr","locations":[{"start":{"line":30,"column":28},"end":{"line":36,"column":20}},{"start":{"line":36,"column":24},"end":{"line":36,"column":35}}],"line":30},"3":{"loc":{"start":{"line":49,"column":8},"end":{"line":53,"column":9}},"type":"if","locations":[{"start":{"line":49,"column":8},"end":{"line":53,"column":9}},{"start":{"line":51,"column":13},"end":{"line":53,"column":9}}],"line":49}},"s":{"0":5,"1":5,"2":1,"3":4,"4":4,"5":1,"6":3,"7":3,"8":3,"9":3,"10":3,"11":2,"12":2,"13":2,"14":2,"15":2,"16":2,"17":1,"18":1,"19":1,"20":1,"21":1},"f":{"0":5},"b":{"0":[1,4],"1":[1,3],"2":[2,0],"3":[1,1]},"_coverageSchema":"1a1c01bbd47fc00a2c39e90264f33305004495a9","hash":"7e9f08f9ad4ae1189d940d423cf0938f25e1804e"}
,"/home/karthikeya.a/Desktop/Project/Master-Financial-Planner/backend/controllers/put/domesticEquityController.js": {"path":"/home/karthikeya.a/Desktop/Project/Master-Financial-Planner/backend/controllers/put/domesticEquityController.js","statementMap":{"0":{"start":{"line":7,"column":63},"end":{"line":7,"column":71}},"1":{"start":{"line":9,"column":4},"end":{"line":10,"column":74}},"2":{"start":{"line":10,"column":8},"end":{"line":10,"column":74}},"3":{"start":{"line":12,"column":29},"end":{"line":12,"column":100}},"4":{"start":{"line":14,"column":4},"end":{"line":16,"column":5}},"5":{"start":{"line":15,"column":8},"end":{"line":15,"column":106}},"6":{"start":{"line":18,"column":20},"end":{"line":18,"column":49}},"7":{"start":{"line":19,"column":4},"end":{"line":19,"column":31}},"8":{"start":{"line":21,"column":4},"end":{"line":58,"column":5}},"9":{"start":{"line":22,"column":23},"end":{"line":22,"column":31}},"10":{"start":{"line":24,"column":21},"end":{"line":24,"column":56}},"11":{"start":{"line":27,"column":33},"end":{"line":27,"column":61}},"12":{"start":{"line":31,"column":28},"end":{"line":35,"column":37}},"13":{"start":{"line":37,"column":8},"end":{"line":43,"column":9}},"14":{"start":{"line":45,"column":8},"end":{"line":45,"column":42}},"15":{"start":{"line":46,"column":8},"end":{"line":46,"column":29}},"16":{"start":{"line":48,"column":8},"end":{"line":52,"column":9}},"17":{"start":{"line":49,"column":12},"end":{"line":49,"column":105}},"18":{"start":{"line":51,"column":12},"end":{"line":51,"column":84}},"19":{"start":{"line":55,"column":8},"end":{"line":55,"column":41}},"20":{"start":{"line":56,"column":8},"end":{"line":56,"column":29}},"21":{"start":{"line":57,"column":8},"end":{"line":57,"column":85}}},"fnMap":{"0":{"name":"domesticEquityController","decl":{"start":{"line":6,"column":30},"end":{"line":6,"column":54}},"loc":{"start":{"line":6,"column":65},"end":{"line":59,"column":1}},"line":6}},"branchMap":{"0":{"loc":{"start":{"line":9,"column":4},"end":{"line":10,"column":74}},"type":"if","locations":[{"start":{"line":9,"column":4},"end":{"line":10,"column":74}},{"start":{},"end":{}}],"line":9},"1":{"loc":{"start":{"line":14,"column":4},"end":{"line":16,"column":5}},"type":"if","locations":[{"start":{"line":14,"column":4},"end":{"line":16,"column":5}},{"start":{},"end":{}}],"line":14},"2":{"loc":{"start":{"line":31,"column":28},"end":{"line":35,"column":37}},"type":"binary-expr","locations":[{"start":{"line":31,"column":28},"end":{"line":35,"column":20}},{"start":{"line":35,"column":24},"end":{"line":35,"column":37}}],"line":31},"3":{"loc":{"start":{"line":48,"column":8},"end":{"line":52,"column":9}},"type":"if","locations":[{"start":{"line":48,"column":8},"end":{"line":52,"column":9}},{"start":{"line":50,"column":15},"end":{"line":52,"column":9}}],"line":48}},"s":{"0":5,"1":5,"2":1,"3":4,"4":4,"5":1,"6":3,"7":3,"8":3,"9":3,"10":3,"11":2,"12":2,"13":2,"14":2,"15":2,"16":2,"17":1,"18":1,"19":1,"20":1,"21":1},"f":{"0":5},"b":{"0":[1,4],"1":[1,3],"2":[2,0],"3":[1,1]},"_coverageSchema":"1a1c01bbd47fc00a2c39e90264f33305004495a9","hash":"89153b4e6d955d6718a0fc1b065dc5647e405920"}
,"/home/karthikeya.a/Desktop/Project/Master-Financial-Planner/backend/controllers/put/financialGoalsController.js": {"path":"/home/karthikeya.a/Desktop/Project/Master-Financial-Planner/backend/controllers/put/financialGoalsController.js","statementMap":{"0":{"start":{"line":9,"column":23},"end":{"line":9,"column":31}},"1":{"start":{"line":11,"column":32},"end":{"line":11,"column":63}},"2":{"start":{"line":13,"column":4},"end":{"line":15,"column":5}},"3":{"start":{"line":14,"column":8},"end":{"line":14,"column":108}},"4":{"start":{"line":17,"column":20},"end":{"line":17,"column":49}},"5":{"start":{"line":18,"column":4},"end":{"line":18,"column":31}},"6":{"start":{"line":20,"column":4},"end":{"line":63,"column":5}},"7":{"start":{"line":21,"column":23},"end":{"line":21,"column":31}},"8":{"start":{"line":23,"column":21},"end":{"line":23,"column":55}},"9":{"start":{"line":25,"column":22},"end":{"line":25,"column":30}},"10":{"start":{"line":27,"column":33},"end":{"line":27,"column":58}},"11":{"start":{"line":29,"column":38},"end":{"line":29,"column":87}},"12":{"start":{"line":31,"column":35},"end":{"line":31,"column":66}},"13":{"start":{"line":33,"column":24},"end":{"line":33,"column":34}},"14":{"start":{"line":38,"column":29},"end":{"line":48,"column":9}},"15":{"start":{"line":50,"column":8},"end":{"line":50,"column":42}},"16":{"start":{"line":51,"column":8},"end":{"line":51,"column":29}},"17":{"start":{"line":53,"column":8},"end":{"line":57,"column":9}},"18":{"start":{"line":54,"column":12},"end":{"line":54,"column":78}},"19":{"start":{"line":56,"column":12},"end":{"line":56,"column":82}},"20":{"start":{"line":60,"column":8},"end":{"line":60,"column":41}},"21":{"start":{"line":61,"column":8},"end":{"line":61,"column":29}},"22":{"start":{"line":62,"column":8},"end":{"line":62,"column":85}},"23":{"start":{"line":67,"column":48},"end":{"line":67,"column":64}},"24":{"start":{"line":69,"column":23},"end":{"line":69,"column":25}},"25":{"start":{"line":71,"column":4},"end":{"line":86,"column":5}},"26":{"start":{"line":71,"column":14},"end":{"line":71,"column":15}},"27":{"start":{"line":72,"column":28},"end":{"line":72,"column":36}},"28":{"start":{"line":74,"column":28},"end":{"line":74,"column":51}},"29":{"start":{"line":75,"column":21},"end":{"line":75,"column":37}},"30":{"start":{"line":77,"column":8},"end":{"line":85,"column":9}},"31":{"start":{"line":78,"column":12},"end":{"line":78,"column":75}},"32":{"start":{"line":80,"column":13},"end":{"line":85,"column":9}},"33":{"start":{"line":81,"column":12},"end":{"line":81,"column":76}},"34":{"start":{"line":84,"column":12},"end":{"line":84,"column":74}},"35":{"start":{"line":88,"column":4},"end":{"line":88,"column":22}},"36":{"start":{"line":92,"column":17},"end":{"line":99,"column":5}},"37":{"start":{"line":101,"column":17},"end":{"line":101,"column":34}},"38":{"start":{"line":102,"column":19},"end":{"line":102,"column":38}},"39":{"start":{"line":104,"column":4},"end":{"line":110,"column":5}},"40":{"start":{"line":104,"column":14},"end":{"line":104,"column":15}},"41":{"start":{"line":105,"column":8},"end":{"line":109,"column":9}},"42":{"start":{"line":106,"column":24},"end":{"line":106,"column":31}},"43":{"start":{"line":108,"column":12},"end":{"line":108,"column":49}},"44":{"start":{"line":112,"column":4},"end":{"line":112,"column":18}},"45":{"start":{"line":117,"column":20},"end":{"line":124,"column":5}},"46":{"start":{"line":126,"column":4},"end":{"line":130,"column":5}},"47":{"start":{"line":127,"column":8},"end":{"line":129,"column":9}},"48":{"start":{"line":128,"column":12},"end":{"line":128,"column":67}},"49":{"start":{"line":131,"column":4},"end":{"line":131,"column":21}}},"fnMap":{"0":{"name":"financialGoalsController","decl":{"start":{"line":8,"column":30},"end":{"line":8,"column":54}},"loc":{"start":{"line":8,"column":64},"end":{"line":64,"column":1}},"line":8},"1":{"name":"getSipAmountDistribution","decl":{"start":{"line":66,"column":16},"end":{"line":66,"column":40}},"loc":{"start":{"line":66,"column":65},"end":{"line":89,"column":1}},"line":66},"2":{"name":"getAmountDistribution","decl":{"start":{"line":91,"column":16},"end":{"line":91,"column":37}},"loc":{"start":{"line":91,"column":48},"end":{"line":113,"column":1}},"line":91},"3":{"name":"sumOfSip","decl":{"start":{"line":116,"column":16},"end":{"line":116,"column":24}},"loc":{"start":{"line":116,"column":47},"end":{"line":132,"column":1}},"line":116}},"branchMap":{"0":{"loc":{"start":{"line":13,"column":4},"end":{"line":15,"column":5}},"type":"if","locations":[{"start":{"line":13,"column":4},"end":{"line":15,"column":5}},{"start":{},"end":{}}],"line":13},"1":{"loc":{"start":{"line":53,"column":8},"end":{"line":57,"column":9}},"type":"if","locations":[{"start":{"line":53,"column":8},"end":{"line":57,"column":9}},{"start":{"line":55,"column":13},"end":{"line":57,"column":9}}],"line":53},"2":{"loc":{"start":{"line":77,"column":8},"end":{"line":85,"column":9}},"type":"if","locations":[{"start":{"line":77,"column":8},"end":{"line":85,"column":9}},{"start":{"line":80,"column":13},"end":{"line":85,"column":9}}],"line":77},"3":{"loc":{"start":{"line":80,"column":13},"end":{"line":85,"column":9}},"type":"if","locations":[{"start":{"line":80,"column":13},"end":{"line":85,"column":9}},{"start":{"line":83,"column":12},"end":{"line":85,"column":9}}],"line":80},"4":{"loc":{"start":{"line":105,"column":8},"end":{"line":109,"column":9}},"type":"if","locations":[{"start":{"line":105,"column":8},"end":{"line":109,"column":9}},{"start":{},"end":{}}],"line":105}},"s":{"0":3,"1":3,"2":3,"3":1,"4":2,"5":2,"6":2,"7":2,"8":2,"9":1,"10":1,"11":1,"12":1,"13":1,"14":1,"15":1,"16":1,"17":1,"18":1,"19":0,"20":1,"21":1,"22":1,"23":7,"24":7,"25":7,"26":7,"27":9,"28":9,"29":9,"30":9,"31":2,"32":7,"33":5,"34":2,"35":7,"36":17,"37":17,"38":17,"39":17,"40":17,"41":102,"42":85,"43":85,"44":17,"45":4,"46":4,"47":5,"48":30,"49":4},"f":{"0":3,"1":7,"2":17,"3":4},"b":{"0":[1,2],"1":[1,0],"2":[2,7],"3":[5,2],"4":[85,17]},"_coverageSchema":"1a1c01bbd47fc00a2c39e90264f33305004495a9","hash":"b8bb7c284d512a84de324ad8b54e36fdaeb29fb6"}
,"/home/karthikeya.a/Desktop/Project/Master-Financial-Planner/backend/controllers/put/foreignEquityController.js": {"path":"/home/karthikeya.a/Desktop/Project/Master-Financial-Planner/backend/controllers/put/foreignEquityController.js","statementMap":{"0":{"start":{"line":7,"column":17},"end":{"line":7,"column":25}},"1":{"start":{"line":9,"column":27},"end":{"line":9,"column":62}},"2":{"start":{"line":11,"column":4},"end":{"line":13,"column":5}},"3":{"start":{"line":12,"column":8},"end":{"line":12,"column":103}},"4":{"start":{"line":15,"column":20},"end":{"line":15,"column":49}},"5":{"start":{"line":16,"column":4},"end":{"line":16,"column":31}},"6":{"start":{"line":18,"column":4},"end":{"line":59,"column":5}},"7":{"start":{"line":19,"column":23},"end":{"line":19,"column":31}},"8":{"start":{"line":21,"column":53},"end":{"line":21,"column":61}},"9":{"start":{"line":23,"column":21},"end":{"line":23,"column":55}},"10":{"start":{"line":24,"column":8},"end":{"line":26,"column":9}},"11":{"start":{"line":25,"column":12},"end":{"line":25,"column":71}},"12":{"start":{"line":28,"column":32},"end":{"line":28,"column":59}},"13":{"start":{"line":30,"column":38},"end":{"line":30,"column":90}},"14":{"start":{"line":32,"column":8},"end":{"line":34,"column":9}},"15":{"start":{"line":33,"column":12},"end":{"line":33,"column":86}},"16":{"start":{"line":36,"column":34},"end":{"line":44,"column":25}},"17":{"start":{"line":46,"column":8},"end":{"line":46,"column":42}},"18":{"start":{"line":47,"column":8},"end":{"line":47,"column":29}},"19":{"start":{"line":49,"column":8},"end":{"line":53,"column":9}},"20":{"start":{"line":50,"column":12},"end":{"line":50,"column":102}},"21":{"start":{"line":52,"column":12},"end":{"line":52,"column":81}},"22":{"start":{"line":56,"column":8},"end":{"line":56,"column":41}},"23":{"start":{"line":57,"column":8},"end":{"line":57,"column":29}},"24":{"start":{"line":58,"column":8},"end":{"line":58,"column":85}}},"fnMap":{"0":{"name":"foreignEquityController","decl":{"start":{"line":6,"column":30},"end":{"line":6,"column":53}},"loc":{"start":{"line":6,"column":62},"end":{"line":60,"column":1}},"line":6}},"branchMap":{"0":{"loc":{"start":{"line":11,"column":4},"end":{"line":13,"column":5}},"type":"if","locations":[{"start":{"line":11,"column":4},"end":{"line":13,"column":5}},{"start":{},"end":{}}],"line":11},"1":{"loc":{"start":{"line":24,"column":8},"end":{"line":26,"column":9}},"type":"if","locations":[{"start":{"line":24,"column":8},"end":{"line":26,"column":9}},{"start":{},"end":{}}],"line":24},"2":{"loc":{"start":{"line":32,"column":8},"end":{"line":34,"column":9}},"type":"if","locations":[{"start":{"line":32,"column":8},"end":{"line":34,"column":9}},{"start":{},"end":{}}],"line":32},"3":{"loc":{"start":{"line":49,"column":8},"end":{"line":53,"column":9}},"type":"if","locations":[{"start":{"line":49,"column":8},"end":{"line":53,"column":9}},{"start":{"line":51,"column":13},"end":{"line":53,"column":9}}],"line":49}},"s":{"0":4,"1":4,"2":4,"3":1,"4":3,"5":3,"6":3,"7":3,"8":3,"9":3,"10":2,"11":0,"12":2,"13":2,"14":2,"15":0,"16":2,"17":2,"18":2,"19":2,"20":1,"21":1,"22":1,"23":1,"24":1},"f":{"0":4},"b":{"0":[1,3],"1":[0,2],"2":[0,2],"3":[1,1]},"_coverageSchema":"1a1c01bbd47fc00a2c39e90264f33305004495a9","hash":"3ff4ff2f56b256c395e9cb026f4cec56137fa3cc"}
,"/home/karthikeya.a/Desktop/Project/Master-Financial-Planner/backend/controllers/put/goldController.js": {"path":"/home/karthikeya.a/Desktop/Project/Master-Financial-Planner/backend/controllers/put/goldController.js","statementMap":{"0":{"start":{"line":7,"column":17},"end":{"line":7,"column":25}},"1":{"start":{"line":9,"column":27},"end":{"line":9,"column":53}},"2":{"start":{"line":11,"column":4},"end":{"line":13,"column":5}},"3":{"start":{"line":12,"column":8},"end":{"line":12,"column":94}},"4":{"start":{"line":15,"column":20},"end":{"line":15,"column":49}},"5":{"start":{"line":16,"column":4},"end":{"line":16,"column":31}},"6":{"start":{"line":18,"column":4},"end":{"line":53,"column":5}},"7":{"start":{"line":19,"column":23},"end":{"line":19,"column":31}},"8":{"start":{"line":21,"column":53},"end":{"line":21,"column":57}},"9":{"start":{"line":23,"column":21},"end":{"line":23,"column":55}},"10":{"start":{"line":25,"column":23},"end":{"line":25,"column":41}},"11":{"start":{"line":27,"column":29},"end":{"line":27,"column":68}},"12":{"start":{"line":29,"column":25},"end":{"line":38,"column":25}},"13":{"start":{"line":40,"column":8},"end":{"line":40,"column":42}},"14":{"start":{"line":41,"column":8},"end":{"line":41,"column":29}},"15":{"start":{"line":43,"column":8},"end":{"line":47,"column":9}},"16":{"start":{"line":44,"column":12},"end":{"line":44,"column":93}},"17":{"start":{"line":46,"column":12},"end":{"line":46,"column":72}},"18":{"start":{"line":50,"column":8},"end":{"line":50,"column":41}},"19":{"start":{"line":51,"column":8},"end":{"line":51,"column":29}},"20":{"start":{"line":52,"column":8},"end":{"line":52,"column":85}}},"fnMap":{"0":{"name":"goldController","decl":{"start":{"line":6,"column":30},"end":{"line":6,"column":44}},"loc":{"start":{"line":6,"column":55},"end":{"line":55,"column":1}},"line":6}},"branchMap":{"0":{"loc":{"start":{"line":11,"column":4},"end":{"line":13,"column":5}},"type":"if","locations":[{"start":{"line":11,"column":4},"end":{"line":13,"column":5}},{"start":{},"end":{}}],"line":11},"1":{"loc":{"start":{"line":43,"column":8},"end":{"line":47,"column":9}},"type":"if","locations":[{"start":{"line":43,"column":8},"end":{"line":47,"column":9}},{"start":{"line":45,"column":13},"end":{"line":47,"column":9}}],"line":43}},"s":{"0":4,"1":4,"2":4,"3":1,"4":3,"5":3,"6":3,"7":3,"8":3,"9":3,"10":2,"11":2,"12":2,"13":2,"14":2,"15":2,"16":1,"17":1,"18":1,"19":1,"20":1},"f":{"0":4},"b":{"0":[1,3],"1":[1,1]},"_coverageSchema":"1a1c01bbd47fc00a2c39e90264f33305004495a9","hash":"7717ebc5085430bc046fc6f6c7793e2861292d63"}
,"/home/karthikeya.a/Desktop/Project/Master-Financial-Planner/backend/controllers/put/liabilitiesController.js": {"path":"/home/karthikeya.a/Desktop/Project/Master-Financial-Planner/backend/controllers/put/liabilitiesController.js","statementMap":{"0":{"start":{"line":8,"column":17},"end":{"line":8,"column":25}},"1":{"start":{"line":10,"column":31},"end":{"line":10,"column":64}},"2":{"start":{"line":12,"column":4},"end":{"line":14,"column":5}},"3":{"start":{"line":13,"column":8},"end":{"line":13,"column":101}},"4":{"start":{"line":16,"column":20},"end":{"line":16,"column":49}},"5":{"start":{"line":17,"column":4},"end":{"line":17,"column":31}},"6":{"start":{"line":19,"column":4},"end":{"line":58,"column":5}},"7":{"start":{"line":20,"column":23},"end":{"line":20,"column":31}},"8":{"start":{"line":22,"column":84},"end":{"line":22,"column":88}},"9":{"start":{"line":24,"column":21},"end":{"line":24,"column":55}},"10":{"start":{"line":26,"column":30},"end":{"line":26,"column":55}},"11":{"start":{"line":28,"column":34},"end":{"line":28,"column":82}},"12":{"start":{"line":30,"column":32},"end":{"line":42,"column":9}},"13":{"start":{"line":44,"column":8},"end":{"line":44,"column":42}},"14":{"start":{"line":45,"column":8},"end":{"line":45,"column":29}},"15":{"start":{"line":48,"column":8},"end":{"line":52,"column":9}},"16":{"start":{"line":49,"column":12},"end":{"line":49,"column":100}},"17":{"start":{"line":51,"column":12},"end":{"line":51,"column":79}},"18":{"start":{"line":55,"column":8},"end":{"line":55,"column":41}},"19":{"start":{"line":56,"column":8},"end":{"line":56,"column":29}},"20":{"start":{"line":57,"column":8},"end":{"line":57,"column":85}}},"fnMap":{"0":{"name":"liabilitiesController","decl":{"start":{"line":7,"column":30},"end":{"line":7,"column":51}},"loc":{"start":{"line":7,"column":60},"end":{"line":59,"column":1}},"line":7}},"branchMap":{"0":{"loc":{"start":{"line":12,"column":4},"end":{"line":14,"column":5}},"type":"if","locations":[{"start":{"line":12,"column":4},"end":{"line":14,"column":5}},{"start":{},"end":{}}],"line":12},"1":{"loc":{"start":{"line":48,"column":8},"end":{"line":52,"column":9}},"type":"if","locations":[{"start":{"line":48,"column":8},"end":{"line":52,"column":9}},{"start":{"line":50,"column":13},"end":{"line":52,"column":9}}],"line":48}},"s":{"0":4,"1":4,"2":4,"3":1,"4":3,"5":3,"6":3,"7":3,"8":3,"9":3,"10":2,"11":2,"12":2,"13":2,"14":2,"15":2,"16":1,"17":1,"18":1,"19":1,"20":1},"f":{"0":4},"b":{"0":[1,3],"1":[1,1]},"_coverageSchema":"1a1c01bbd47fc00a2c39e90264f33305004495a9","hash":"6f1b57fe4903e9648eef04cc153527a2ea824f83"}
,"/home/karthikeya.a/Desktop/Project/Master-Financial-Planner/backend/controllers/put/miscellaneousController.js": {"path":"/home/karthikeya.a/Desktop/Project/Master-Financial-Planner/backend/controllers/put/miscellaneousController.js","statementMap":{"0":{"start":{"line":7,"column":17},"end":{"line":7,"column":25}},"1":{"start":{"line":9,"column":29},"end":{"line":9,"column":64}},"2":{"start":{"line":11,"column":4},"end":{"line":13,"column":5}},"3":{"start":{"line":12,"column":8},"end":{"line":12,"column":103}},"4":{"start":{"line":15,"column":20},"end":{"line":15,"column":49}},"5":{"start":{"line":16,"column":4},"end":{"line":16,"column":31}},"6":{"start":{"line":18,"column":4},"end":{"line":53,"column":5}},"7":{"start":{"line":19,"column":23},"end":{"line":19,"column":31}},"8":{"start":{"line":21,"column":52},"end":{"line":21,"column":56}},"9":{"start":{"line":23,"column":21},"end":{"line":23,"column":55}},"10":{"start":{"line":25,"column":23},"end":{"line":25,"column":50}},"11":{"start":{"line":27,"column":29},"end":{"line":27,"column":72}},"12":{"start":{"line":29,"column":25},"end":{"line":37,"column":9}},"13":{"start":{"line":39,"column":8},"end":{"line":39,"column":42}},"14":{"start":{"line":40,"column":8},"end":{"line":40,"column":29}},"15":{"start":{"line":43,"column":8},"end":{"line":47,"column":9}},"16":{"start":{"line":44,"column":12},"end":{"line":44,"column":102}},"17":{"start":{"line":46,"column":12},"end":{"line":46,"column":81}},"18":{"start":{"line":50,"column":8},"end":{"line":50,"column":41}},"19":{"start":{"line":51,"column":8},"end":{"line":51,"column":29}},"20":{"start":{"line":52,"column":8},"end":{"line":52,"column":85}}},"fnMap":{"0":{"name":"miscellaneousController","decl":{"start":{"line":6,"column":30},"end":{"line":6,"column":53}},"loc":{"start":{"line":6,"column":62},"end":{"line":54,"column":1}},"line":6}},"branchMap":{"0":{"loc":{"start":{"line":11,"column":4},"end":{"line":13,"column":5}},"type":"if","locations":[{"start":{"line":11,"column":4},"end":{"line":13,"column":5}},{"start":{},"end":{}}],"line":11},"1":{"loc":{"start":{"line":43,"column":8},"end":{"line":47,"column":9}},"type":"if","locations":[{"start":{"line":43,"column":8},"end":{"line":47,"column":9}},{"start":{"line":45,"column":13},"end":{"line":47,"column":9}}],"line":43}},"s":{"0":4,"1":4,"2":4,"3":1,"4":3,"5":3,"6":3,"7":3,"8":3,"9":3,"10":2,"11":2,"12":2,"13":2,"14":2,"15":2,"16":1,"17":1,"18":1,"19":1,"20":1},"f":{"0":4},"b":{"0":[1,3],"1":[1,1]},"_coverageSchema":"1a1c01bbd47fc00a2c39e90264f33305004495a9","hash":"2992735c6768738081b45ea1c8268f9b373bdd5a"}
,"/home/karthikeya.a/Desktop/Project/Master-Financial-Planner/backend/controllers/put/realEstateController.js": {"path":"/home/karthikeya.a/Desktop/Project/Master-Financial-Planner/backend/controllers/put/realEstateController.js","statementMap":{"0":{"start":{"line":7,"column":17},"end":{"line":7,"column":25}},"1":{"start":{"line":9,"column":27},"end":{"line":9,"column":59}},"2":{"start":{"line":11,"column":4},"end":{"line":13,"column":5}},"3":{"start":{"line":12,"column":8},"end":{"line":12,"column":101}},"4":{"start":{"line":15,"column":20},"end":{"line":15,"column":49}},"5":{"start":{"line":16,"column":4},"end":{"line":16,"column":31}},"6":{"start":{"line":18,"column":4},"end":{"line":54,"column":5}},"7":{"start":{"line":19,"column":23},"end":{"line":19,"column":31}},"8":{"start":{"line":21,"column":47},"end":{"line":21,"column":51}},"9":{"start":{"line":23,"column":21},"end":{"line":23,"column":55}},"10":{"start":{"line":25,"column":29},"end":{"line":25,"column":53}},"11":{"start":{"line":27,"column":35},"end":{"line":27,"column":81}},"12":{"start":{"line":29,"column":31},"end":{"line":38,"column":9}},"13":{"start":{"line":40,"column":8},"end":{"line":40,"column":42}},"14":{"start":{"line":41,"column":8},"end":{"line":41,"column":29}},"15":{"start":{"line":44,"column":8},"end":{"line":48,"column":9}},"16":{"start":{"line":45,"column":12},"end":{"line":45,"column":100}},"17":{"start":{"line":47,"column":12},"end":{"line":47,"column":79}},"18":{"start":{"line":51,"column":8},"end":{"line":51,"column":41}},"19":{"start":{"line":52,"column":8},"end":{"line":52,"column":29}},"20":{"start":{"line":53,"column":8},"end":{"line":53,"column":85}}},"fnMap":{"0":{"name":"realEstatesController","decl":{"start":{"line":6,"column":31},"end":{"line":6,"column":52}},"loc":{"start":{"line":6,"column":62},"end":{"line":55,"column":1}},"line":6}},"branchMap":{"0":{"loc":{"start":{"line":11,"column":4},"end":{"line":13,"column":5}},"type":"if","locations":[{"start":{"line":11,"column":4},"end":{"line":13,"column":5}},{"start":{},"end":{}}],"line":11},"1":{"loc":{"start":{"line":44,"column":8},"end":{"line":48,"column":9}},"type":"if","locations":[{"start":{"line":44,"column":8},"end":{"line":48,"column":9}},{"start":{"line":46,"column":13},"end":{"line":48,"column":9}}],"line":44}},"s":{"0":4,"1":4,"2":4,"3":1,"4":3,"5":3,"6":3,"7":3,"8":3,"9":3,"10":2,"11":2,"12":2,"13":2,"14":2,"15":2,"16":1,"17":1,"18":1,"19":1,"20":1},"f":{"0":4},"b":{"0":[1,3],"1":[1,1]},"_coverageSchema":"1a1c01bbd47fc00a2c39e90264f33305004495a9","hash":"ec56ec151d8c5aa851e08fb4942ff915b1ed9c33"}
}
