TN:
SF:controllers/get/arbitrageController.js
FN:5,arbitrageController
FNF:1
FNH:1
FNDA:2,arbitrageController
DA:6,2
DA:8,2
DA:9,2
DA:10,2
DA:11,1
DA:14,1
DA:16,1
DA:18,0
LF:8
LH:7
BRDA:10,0,0,1
BRDA:10,0,1,1
BRF:2
BRH:2
end_of_record
TN:
SF:controllers/get/autoSuggestionMFController.js
FN:5,(anonymous_0)
FN:14,(anonymous_1)
FN:15,(anonymous_2)
FN:20,(anonymous_3)
FN:35,autoSuggestionMFController
FN:42,(anonymous_5)
FN:47,(anonymous_6)
FN:49,(anonymous_7)
FNF:8
FNH:7
FNDA:1,(anonymous_0)
FNDA:3,(anonymous_1)
FNDA:3,(anonymous_2)
FNDA:6,(anonymous_3)
FNDA:3,autoSuggestionMFController
FNDA:0,(anonymous_5)
FNDA:9,(anonymous_6)
FNDA:6,(anonymous_7)
DA:3,1
DA:5,1
DA:6,1
DA:10,1
DA:14,1
DA:15,3
DA:16,3
DA:17,3
DA:18,2
DA:20,6
DA:22,3
DA:23,3
DA:24,3
DA:26,3
DA:36,3
DA:38,3
DA:39,1
DA:42,1
DA:43,0
DA:47,9
DA:49,6
DA:52,3
LF:22
LH:21
BRDA:16,0,0,3
BRDA:16,0,1,0
BRDA:17,1,0,2
BRDA:17,1,1,1
BRDA:17,2,0,3
BRDA:17,2,1,2
BRDA:23,3,0,3
BRDA:23,3,1,0
BRDA:29,4,0,3
BRDA:29,4,1,0
BRDA:38,5,0,1
BRDA:38,5,1,2
BRF:12
BRH:9
end_of_record
TN:
SF:controllers/get/autoSuggestionStockController.js
FN:5,autoSuggestionStockController
FN:13,(anonymous_1)
FNF:2
FNH:2
FNDA:3,autoSuggestionStockController
FNDA:9,(anonymous_1)
DA:6,3
DA:7,1
DA:10,3
DA:13,9
DA:15,3
LF:5
LH:5
BRDA:6,0,0,1
BRDA:6,0,1,2
BRF:2
BRH:2
end_of_record
TN:
SF:controllers/get/debtFundsController.js
FN:4,debtFundsController
FNF:1
FNH:1
FNDA:3,debtFundsController
DA:5,3
DA:7,3
DA:8,3
DA:10,2
DA:11,1
DA:14,1
DA:16,1
DA:18,1
LF:8
LH:8
BRDA:10,0,0,1
BRDA:10,0,1,1
BRF:2
BRH:2
end_of_record
TN:
SF:controllers/get/equitySaverController.js
FN:4,equitySaverController
FNF:1
FNH:1
FNDA:3,equitySaverController
DA:5,3
DA:7,3
DA:8,3
DA:10,2
DA:11,1
DA:14,1
DA:16,1
DA:18,1
LF:8
LH:8
BRDA:10,0,0,1
BRDA:10,0,1,1
BRF:2
BRH:2
end_of_record
TN:
SF:controllers/get/getAssumptionController.js
FN:4,getAssumptionController
FNF:1
FNH:1
FNDA:3,getAssumptionController
DA:5,3
DA:7,3
DA:8,3
DA:10,2
DA:12,2
DA:13,1
DA:15,1
DA:17,1
LF:8
LH:8
BRDA:12,0,0,1
BRDA:12,0,1,1
BRF:2
BRH:2
end_of_record
TN:
SF:controllers/get/getCashFlowsController.js
FN:5,getCashFlowsController
FNF:1
FNH:1
FNDA:3,getCashFlowsController
DA:6,3
DA:8,3
DA:9,3
DA:11,2
DA:13,2
DA:14,1
DA:16,1
DA:18,1
LF:8
LH:8
BRDA:13,0,0,1
BRDA:13,0,1,1
BRF:2
BRH:2
end_of_record
TN:
SF:controllers/get/getCryptoController.js
FN:5,getCryptoController
FNF:1
FNH:1
FNDA:5,getCryptoController
DA:6,5
DA:8,5
DA:9,5
DA:11,4
DA:13,2
DA:14,1
DA:16,1
DA:19,3
LF:8
LH:8
BRDA:13,0,0,1
BRDA:13,0,1,1
BRF:2
BRH:2
end_of_record
TN:
SF:controllers/get/getDashBoardController.js
FN:7,getDashBoardController
FN:38,getTotalSum
FN:50,requiredInvestableAssetAllocation
FN:92,getValue
FNF:4
FNH:4
FNDA:2,getDashBoardController
FNDA:3,getTotalSum
FNDA:3,requiredInvestableAssetAllocation
FNDA:2,getValue
DA:8,2
DA:9,2
DA:10,2
DA:11,2
DA:12,2
DA:13,1
DA:16,1
DA:17,1
DA:26,1
DA:28,1
DA:30,1
DA:33,0
DA:39,3
DA:40,3
DA:41,3
DA:42,3
DA:43,3
DA:44,3
DA:46,3
DA:51,3
DA:52,3
DA:53,2
DA:55,2
DA:58,2
DA:69,2
DA:70,2
DA:72,2
DA:73,2
DA:75,2
DA:76,0
DA:78,2
DA:79,2
DA:82,0
DA:86,2
DA:88,1
DA:93,2
DA:94,2
DA:97,2
DA:98,12
DA:99,10
DA:100,10
DA:101,10
DA:102,10
DA:106,2
LF:44
LH:41
BRDA:12,0,0,1
BRDA:12,0,1,1
BRDA:75,1,0,0
BRDA:75,1,1,2
BRDA:78,2,0,2
BRDA:78,2,1,0
BRDA:98,3,0,10
BRDA:98,3,1,2
BRF:8
BRH:6
end_of_record
TN:
SF:controllers/get/getDebtController.js
FN:4,getDebtController
FNF:1
FNH:1
FNDA:3,getDebtController
DA:5,3
DA:7,3
DA:8,3
DA:10,2
DA:12,2
DA:13,1
DA:15,1
DA:17,1
LF:8
LH:8
BRDA:12,0,0,1
BRDA:12,0,1,1
BRF:2
BRH:2
end_of_record
TN:
SF:controllers/get/getDomesticEquityController.js
FN:5,getDomesticEquityController
FNF:1
FNH:1
FNDA:5,getDomesticEquityController
DA:6,5
DA:8,5
DA:9,5
DA:11,4
DA:13,2
DA:14,1
DA:16,1
DA:18,3
LF:8
LH:8
BRDA:13,0,0,1
BRDA:13,0,1,1
BRF:2
BRH:2
end_of_record
TN:
SF:controllers/get/getFinancialGoalsController.js
FN:7,getFinancialGoalsController
FN:19,(anonymous_1)
FN:19,(anonymous_2)
FNF:3
FNH:3
FNDA:2,getFinancialGoalsController
FNDA:2,(anonymous_1)
FNDA:2,(anonymous_2)
DA:8,2
DA:10,2
DA:11,2
DA:13,1
DA:15,1
DA:17,1
DA:19,2
DA:21,1
DA:23,1
DA:25,1
DA:38,1
LF:11
LH:11
BRF:0
BRH:0
end_of_record
TN:
SF:controllers/get/getForeignEquityController.js
FN:4,getForeignEquityController
FNF:1
FNH:1
FNDA:3,getForeignEquityController
DA:5,3
DA:7,3
DA:8,3
DA:10,2
DA:12,2
DA:13,1
DA:15,1
DA:17,1
LF:8
LH:8
BRDA:12,0,0,1
BRDA:12,0,1,1
BRF:2
BRH:2
end_of_record
TN:
SF:controllers/get/getGoldController.js
FN:5,getGoldController
FNF:1
FNH:1
FNDA:3,getGoldController
DA:6,3
DA:8,3
DA:9,3
DA:11,2
DA:13,2
DA:14,1
DA:16,1
DA:18,1
LF:8
LH:8
BRDA:13,0,0,1
BRDA:13,0,1,1
BRF:2
BRH:2
end_of_record
TN:
SF:controllers/get/getLiabilitiesController.js
FN:4,getLiabilitiesController
FNF:1
FNH:1
FNDA:3,getLiabilitiesController
DA:5,3
DA:7,3
DA:8,3
DA:10,2
DA:12,2
DA:13,1
DA:15,1
DA:17,1
LF:8
LH:8
BRDA:12,0,0,1
BRDA:12,0,1,1
BRF:2
BRH:2
end_of_record
TN:
SF:controllers/get/getMiscellaneousController.js
FN:5,getMiscellaneousController
FNF:1
FNH:1
FNDA:3,getMiscellaneousController
DA:6,3
DA:8,3
DA:10,3
DA:12,2
DA:14,2
DA:15,1
DA:17,1
DA:19,1
LF:8
LH:8
BRDA:14,0,0,1
BRDA:14,0,1,1
BRF:2
BRH:2
end_of_record
TN:
SF:controllers/get/getRealEstateController.js
FN:4,getRealEstateController
FNF:1
FNH:1
FNDA:3,getRealEstateController
DA:5,3
DA:7,3
DA:8,3
DA:10,2
DA:12,2
DA:13,1
DA:15,1
DA:18,1
LF:8
LH:8
BRDA:12,0,0,1
BRDA:12,0,1,1
BRF:2
BRH:2
end_of_record
TN:
SF:controllers/get/getStockPriceController.js
FN:4,getStockPriceController
FNF:1
FNH:1
FNDA:3,getStockPriceController
DA:5,3
DA:6,3
DA:8,3
DA:10,2
DA:11,1
DA:13,1
DA:15,1
LF:7
LH:7
BRDA:8,0,0,3
BRDA:8,0,1,1
BRDA:10,1,0,1
BRDA:10,1,1,1
BRF:4
BRH:4
end_of_record
TN:
SF:controllers/get/indexFundsController.js
FN:4,indexFundsController
FNF:1
FNH:1
FNDA:3,indexFundsController
DA:5,3
DA:7,3
DA:8,3
DA:9,2
DA:10,1
DA:13,1
DA:15,1
DA:19,1
LF:8
LH:8
BRDA:9,0,0,1
BRDA:9,0,1,1
BRF:2
BRH:2
end_of_record
TN:
SF:controllers/get/mutualFundsController.js
FN:4,mutualFundsController
FNF:1
FNH:1
FNDA:3,mutualFundsController
DA:5,3
DA:7,3
DA:8,3
DA:10,2
DA:11,1
DA:14,1
DA:16,1
DA:19,1
LF:8
LH:8
BRDA:10,0,0,1
BRDA:10,0,1,1
BRF:2
BRH:2
end_of_record
TN:
SF:controllers/post/chatUploadController.js
FN:4,(anonymous_0)
FN:29,(anonymous_1)
FNF:2
FNH:2
FNDA:3,(anonymous_0)
FNDA:4,(anonymous_1)
DA:4,1
DA:5,3
DA:6,3
DA:11,3
DA:12,3
DA:14,3
DA:21,3
DA:23,1
DA:25,2
DA:29,1
DA:30,4
DA:31,4
DA:32,4
DA:34,4
DA:35,1
DA:38,3
DA:40,1
DA:46,2
LF:18
LH:18
BRDA:34,0,0,1
BRDA:34,0,1,3
BRF:2
BRH:2
end_of_record
TN:
SF:controllers/post/uploadController.js
FN:12,(anonymous_0)
FN:35,(anonymous_1)
FNF:2
FNH:2
FNDA:3,(anonymous_0)
FNDA:5,(anonymous_1)
DA:6,1
DA:12,1
DA:13,3
DA:14,3
DA:15,3
DA:16,3
DA:18,3
DA:25,3
DA:26,3
DA:28,3
DA:30,0
DA:35,1
DA:36,5
DA:37,1
DA:40,4
DA:41,4
DA:42,4
DA:44,3
DA:45,1
DA:46,1
DA:47,0
DA:57,3
DA:60,3
DA:69,3
DA:71,1
LF:25
LH:23
BRDA:36,0,0,1
BRDA:36,0,1,4
BRDA:44,1,0,1
BRDA:44,1,1,2
BRDA:46,2,0,0
BRDA:46,2,1,1
BRF:6
BRH:5
end_of_record
TN:
SF:controllers/put/assumptionController.js
FN:6,assumptionController
FNF:1
FNH:1
FNDA:4,assumptionController
DA:7,4
DA:9,4
DA:11,4
DA:12,1
DA:15,3
DA:16,3
DA:18,3
DA:19,3
DA:20,3
DA:22,3
DA:24,2
DA:26,2
DA:38,2
DA:39,2
DA:41,2
DA:42,1
DA:44,1
DA:48,1
DA:49,1
DA:51,1
LF:20
LH:20
BRDA:11,0,0,1
BRDA:11,0,1,3
BRDA:41,1,0,1
BRDA:41,1,1,1
BRF:4
BRH:4
end_of_record
TN:
SF:controllers/put/cashFlowsController.js
FN:6,cashFlowsController
FNF:1
FNH:1
FNDA:4,cashFlowsController
DA:7,4
DA:9,4
DA:11,4
DA:12,1
DA:15,3
DA:16,3
DA:18,3
DA:19,3
DA:20,3
DA:22,3
DA:24,2
DA:26,2
DA:28,2
DA:39,2
DA:40,2
DA:42,2
DA:43,1
DA:45,1
DA:49,1
DA:50,1
DA:51,1
LF:21
LH:21
BRDA:11,0,0,1
BRDA:11,0,1,3
BRDA:42,1,0,1
BRDA:42,1,1,1
BRF:4
BRH:4
end_of_record
TN:
SF:controllers/put/cryptoController.js
FN:6,cryptoController
FNF:1
FNH:1
FNDA:4,cryptoController
DA:7,4
DA:9,4
DA:11,4
DA:12,1
DA:15,3
DA:16,3
DA:18,3
DA:19,3
DA:21,3
DA:23,3
DA:25,2
DA:27,2
DA:35,2
DA:36,2
DA:38,2
DA:39,1
DA:41,1
DA:45,1
DA:46,1
DA:47,1
LF:20
LH:20
BRDA:11,0,0,1
BRDA:11,0,1,3
BRDA:38,1,0,1
BRDA:38,1,1,1
BRF:4
BRH:4
end_of_record
TN:
SF:controllers/put/debtController.js
FN:6,debtController
FNF:1
FNH:1
FNDA:5,debtController
DA:7,5
DA:9,5
DA:10,1
DA:13,4
DA:15,4
DA:16,1
DA:19,3
DA:20,3
DA:23,3
DA:24,3
DA:26,3
DA:28,2
DA:30,2
DA:39,2
DA:46,2
DA:47,2
DA:49,2
DA:50,1
DA:52,1
DA:56,1
DA:57,1
DA:58,1
LF:22
LH:22
BRDA:9,0,0,1
BRDA:9,0,1,4
BRDA:15,1,0,1
BRDA:15,1,1,3
BRDA:30,2,0,2
BRDA:30,2,1,0
BRDA:49,3,0,1
BRDA:49,3,1,1
BRF:8
BRH:7
end_of_record
TN:
SF:controllers/put/domesticEquityController.js
FN:6,domesticEquityController
FNF:1
FNH:1
FNDA:5,domesticEquityController
DA:7,5
DA:9,5
DA:10,1
DA:12,4
DA:14,4
DA:15,1
DA:18,3
DA:19,3
DA:21,3
DA:22,3
DA:24,3
DA:27,2
DA:31,2
DA:37,2
DA:45,2
DA:46,2
DA:48,2
DA:49,1
DA:51,1
DA:55,1
DA:56,1
DA:57,1
LF:22
LH:22
BRDA:9,0,0,1
BRDA:9,0,1,4
BRDA:14,1,0,1
BRDA:14,1,1,3
BRDA:31,2,0,2
BRDA:31,2,1,0
BRDA:48,3,0,1
BRDA:48,3,1,1
BRF:8
BRH:7
end_of_record
TN:
SF:controllers/put/financialGoalsController.js
FN:8,financialGoalsController
FN:66,getSipAmountDistribution
FN:91,getAmountDistribution
FN:116,sumOfSip
FNF:4
FNH:4
FNDA:3,financialGoalsController
FNDA:7,getSipAmountDistribution
FNDA:17,getAmountDistribution
FNDA:4,sumOfSip
DA:9,3
DA:11,3
DA:13,3
DA:14,1
DA:17,2
DA:18,2
DA:20,2
DA:21,2
DA:23,2
DA:25,1
DA:27,1
DA:29,1
DA:31,1
DA:33,1
DA:38,1
DA:50,1
DA:51,1
DA:53,1
DA:54,1
DA:56,0
DA:60,1
DA:61,1
DA:62,1
DA:67,7
DA:69,7
DA:71,7
DA:72,9
DA:74,9
DA:75,9
DA:77,9
DA:78,2
DA:80,7
DA:81,5
DA:84,2
DA:88,7
DA:92,17
DA:101,17
DA:102,17
DA:104,17
DA:105,102
DA:106,85
DA:108,85
DA:112,17
DA:117,4
DA:126,4
DA:127,5
DA:128,30
DA:131,4
LF:48
LH:47
BRDA:13,0,0,1
BRDA:13,0,1,2
BRDA:53,1,0,1
BRDA:53,1,1,0
BRDA:77,2,0,2
BRDA:77,2,1,7
BRDA:80,3,0,5
BRDA:80,3,1,2
BRDA:105,4,0,85
BRDA:105,4,1,17
BRF:10
BRH:9
end_of_record
TN:
SF:controllers/put/foreignEquityController.js
FN:6,foreignEquityController
FNF:1
FNH:1
FNDA:4,foreignEquityController
DA:7,4
DA:9,4
DA:11,4
DA:12,1
DA:15,3
DA:16,3
DA:18,3
DA:19,3
DA:21,3
DA:23,3
DA:24,2
DA:25,0
DA:28,2
DA:30,2
DA:32,2
DA:33,0
DA:36,2
DA:46,2
DA:47,2
DA:49,2
DA:50,1
DA:52,1
DA:56,1
DA:57,1
DA:58,1
LF:25
LH:23
BRDA:11,0,0,1
BRDA:11,0,1,3
BRDA:24,1,0,0
BRDA:24,1,1,2
BRDA:32,2,0,0
BRDA:32,2,1,2
BRDA:49,3,0,1
BRDA:49,3,1,1
BRF:8
BRH:6
end_of_record
TN:
SF:controllers/put/goldController.js
FN:6,goldController
FNF:1
FNH:1
FNDA:4,goldController
DA:7,4
DA:9,4
DA:11,4
DA:12,1
DA:15,3
DA:16,3
DA:18,3
DA:19,3
DA:21,3
DA:23,3
DA:25,2
DA:27,2
DA:29,2
DA:40,2
DA:41,2
DA:43,2
DA:44,1
DA:46,1
DA:50,1
DA:51,1
DA:52,1
LF:21
LH:21
BRDA:11,0,0,1
BRDA:11,0,1,3
BRDA:43,1,0,1
BRDA:43,1,1,1
BRF:4
BRH:4
end_of_record
TN:
SF:controllers/put/liabilitiesController.js
FN:7,liabilitiesController
FNF:1
FNH:1
FNDA:4,liabilitiesController
DA:8,4
DA:10,4
DA:12,4
DA:13,1
DA:16,3
DA:17,3
DA:19,3
DA:20,3
DA:22,3
DA:24,3
DA:26,2
DA:28,2
DA:30,2
DA:44,2
DA:45,2
DA:48,2
DA:49,1
DA:51,1
DA:55,1
DA:56,1
DA:57,1
LF:21
LH:21
BRDA:12,0,0,1
BRDA:12,0,1,3
BRDA:48,1,0,1
BRDA:48,1,1,1
BRF:4
BRH:4
end_of_record
TN:
SF:controllers/put/miscellaneousController.js
FN:6,miscellaneousController
FNF:1
FNH:1
FNDA:4,miscellaneousController
DA:7,4
DA:9,4
DA:11,4
DA:12,1
DA:15,3
DA:16,3
DA:18,3
DA:19,3
DA:21,3
DA:23,3
DA:25,2
DA:27,2
DA:29,2
DA:39,2
DA:40,2
DA:43,2
DA:44,1
DA:46,1
DA:50,1
DA:51,1
DA:52,1
LF:21
LH:21
BRDA:11,0,0,1
BRDA:11,0,1,3
BRDA:43,1,0,1
BRDA:43,1,1,1
BRF:4
BRH:4
end_of_record
TN:
SF:controllers/put/realEstateController.js
FN:6,realEstatesController
FNF:1
FNH:1
FNDA:4,realEstatesController
DA:7,4
DA:9,4
DA:11,4
DA:12,1
DA:15,3
DA:16,3
DA:18,3
DA:19,3
DA:21,3
DA:23,3
DA:25,2
DA:27,2
DA:29,2
DA:40,2
DA:41,2
DA:44,2
DA:45,1
DA:47,1
DA:51,1
DA:52,1
DA:53,1
LF:21
LH:21
BRDA:11,0,0,1
BRDA:11,0,1,3
BRDA:44,1,0,1
BRDA:44,1,1,1
BRF:4
BRH:4
end_of_record
