TN:
SF:common/currentInvestibleAssets.js
FN:3,getCurrentInvestibleAssets
FNF:1
FNH:0
FNDA:0,getCurrentInvestibleAssets
DA:4,0
DA:5,0
DA:7,0
DA:8,0
DA:11,0
DA:12,0
DA:13,0
DA:14,0
DA:15,0
DA:16,0
DA:18,0
DA:20,0
DA:22,0
LF:13
LH:0
BRDA:7,0,0,0
BRDA:7,0,1,0
BRF:2
BRH:0
end_of_record
TN:
SF:common/getNetWorth.js
FN:10,getNetWorth
FN:36,(anonymous_1)
FN:40,(anonymous_2)
FN:41,(anonymous_3)
FN:42,(anonymous_4)
FN:43,(anonymous_5)
FN:46,(anonymous_6)
FNF:7
FNH:0
FNDA:0,getNetWorth
FNDA:0,(anonymous_1)
FNDA:0,(anonymous_2)
FNDA:0,(anonymous_3)
FNDA:0,(anonymous_4)
FNDA:0,(anonymous_5)
FNDA:0,(anonymous_6)
DA:11,0
DA:12,0
DA:14,0
DA:15,0
DA:16,0
DA:17,0
DA:18,0
DA:19,0
DA:20,0
DA:22,0
DA:23,0
DA:24,0
DA:25,0
DA:26,0
DA:27,0
DA:28,0
DA:30,0
DA:36,0
DA:39,0
DA:40,0
DA:41,0
DA:42,0
DA:43,0
DA:46,0
DA:52,0
DA:58,0
LF:26
LH:0
BRDA:36,0,0,0
BRDA:36,0,1,0
BRDA:40,1,0,0
BRDA:40,1,1,0
BRDA:41,2,0,0
BRDA:41,2,1,0
BRDA:42,3,0,0
BRDA:42,3,1,0
BRDA:43,4,0,0
BRDA:43,4,1,0
BRDA:46,5,0,0
BRDA:46,5,1,0
BRF:12
BRH:0
end_of_record
TN:
SF:controllers/get/arbitrageController.js
FN:6,arbitrageController
FNF:1
FNH:1
FNDA:2,arbitrageController
DA:7,2
DA:9,2
DA:10,2
DA:11,2
DA:12,1
DA:15,1
DA:17,1
DA:19,0
LF:8
LH:7
BRDA:11,0,0,1
BRDA:11,0,1,1
BRF:2
BRH:2
end_of_record
TN:
SF:controllers/get/autoSuggestionMFController.js
FN:5,(anonymous_0)
FN:14,(anonymous_1)
FN:15,(anonymous_2)
FN:20,(anonymous_3)
FN:35,autoSuggestionMFController
FN:42,(anonymous_5)
FN:48,(anonymous_6)
FN:50,(anonymous_7)
FNF:8
FNH:7
FNDA:1,(anonymous_0)
FNDA:3,(anonymous_1)
FNDA:3,(anonymous_2)
FNDA:6,(anonymous_3)
FNDA:3,autoSuggestionMFController
FNDA:0,(anonymous_5)
FNDA:9,(anonymous_6)
FNDA:6,(anonymous_7)
DA:3,1
DA:5,1
DA:6,1
DA:10,1
DA:14,1
DA:15,3
DA:16,3
DA:17,3
DA:18,2
DA:20,6
DA:22,3
DA:23,3
DA:24,3
DA:26,3
DA:36,3
DA:38,3
DA:39,1
DA:42,1
DA:43,0
DA:44,0
DA:48,9
DA:50,6
DA:53,3
LF:23
LH:21
BRDA:16,0,0,3
BRDA:16,0,1,0
BRDA:17,1,0,2
BRDA:17,1,1,1
BRDA:17,2,0,3
BRDA:17,2,1,2
BRDA:23,3,0,3
BRDA:23,3,1,0
BRDA:29,4,0,3
BRDA:29,4,1,0
BRDA:38,5,0,1
BRDA:38,5,1,2
BRF:12
BRH:9
end_of_record
TN:
SF:controllers/get/autoSuggestionStockController.js
FN:5,autoSuggestionStockController
FN:13,(anonymous_1)
FNF:2
FNH:2
FNDA:4,autoSuggestionStockController
FNDA:12,(anonymous_1)
DA:6,4
DA:7,1
DA:10,4
DA:13,12
DA:15,4
LF:5
LH:5
BRDA:6,0,0,1
BRDA:6,0,1,3
BRF:2
BRH:2
end_of_record
TN:
SF:controllers/get/debtFundsController.js
FN:5,debtFundsController
FNF:1
FNH:1
FNDA:3,debtFundsController
DA:6,3
DA:8,3
DA:9,3
DA:11,2
DA:12,1
DA:15,1
DA:17,1
DA:19,1
LF:8
LH:8
BRDA:11,0,0,1
BRDA:11,0,1,1
BRF:2
BRH:2
end_of_record
TN:
SF:controllers/get/equitySaverController.js
FN:5,equitySaverController
FNF:1
FNH:1
FNDA:3,equitySaverController
DA:6,3
DA:8,3
DA:9,3
DA:11,2
DA:12,1
DA:15,1
DA:17,1
DA:19,1
LF:8
LH:8
BRDA:11,0,0,1
BRDA:11,0,1,1
BRF:2
BRH:2
end_of_record
TN:
SF:controllers/get/getAssumptionController.js
FN:4,getAssumptionController
FNF:1
FNH:1
FNDA:3,getAssumptionController
DA:5,3
DA:7,3
DA:8,3
DA:10,2
DA:12,0
DA:13,0
DA:15,0
DA:17,3
LF:8
LH:5
BRDA:12,0,0,0
BRDA:12,0,1,0
BRF:2
BRH:0
end_of_record
TN:
SF:controllers/get/getCashFlowsController.js
FN:5,getCashFlowsController
FNF:1
FNH:1
FNDA:3,getCashFlowsController
DA:6,3
DA:8,3
DA:9,3
DA:11,2
DA:13,0
DA:14,0
DA:16,0
DA:18,3
LF:8
LH:5
BRDA:13,0,0,0
BRDA:13,0,1,0
BRF:2
BRH:0
end_of_record
TN:
SF:controllers/get/getCryptoController.js
FN:5,getCryptoController
FNF:1
FNH:1
FNDA:3,getCryptoController
DA:6,3
DA:8,3
DA:9,3
DA:11,2
DA:13,0
DA:14,0
DA:16,0
DA:19,3
LF:8
LH:5
BRDA:13,0,0,0
BRDA:13,0,1,0
BRF:2
BRH:0
end_of_record
TN:
SF:controllers/get/getDashBoardController.js
FN:7,getDashBoardController
FN:38,getTotalSum
FN:50,requiredInvestableAssetAllocation
FN:92,getValue
FNF:4
FNH:3
FNDA:3,getDashBoardController
FNDA:3,getTotalSum
FNDA:1,requiredInvestableAssetAllocation
FNDA:0,getValue
DA:8,3
DA:9,3
DA:10,3
DA:11,2
DA:12,2
DA:13,1
DA:16,1
DA:17,1
DA:26,1
DA:28,1
DA:30,1
DA:33,1
DA:39,3
DA:40,3
DA:41,3
DA:42,3
DA:43,3
DA:44,3
DA:46,3
DA:51,1
DA:52,1
DA:53,1
DA:55,0
DA:58,0
DA:69,0
DA:70,0
DA:72,0
DA:73,0
DA:75,0
DA:76,0
DA:78,0
DA:79,0
DA:82,0
DA:86,0
DA:88,1
DA:93,0
DA:94,0
DA:97,0
DA:98,0
DA:99,0
DA:100,0
DA:101,0
DA:102,0
DA:106,0
LF:44
LH:23
BRDA:12,0,0,1
BRDA:12,0,1,1
BRDA:75,1,0,0
BRDA:75,1,1,0
BRDA:78,2,0,0
BRDA:78,2,1,0
BRDA:98,3,0,0
BRDA:98,3,1,0
BRF:8
BRH:2
end_of_record
TN:
SF:controllers/get/getDebtController.js
FN:4,getDebtController
FNF:1
FNH:1
FNDA:3,getDebtController
DA:5,3
DA:7,3
DA:8,3
DA:10,2
DA:12,0
DA:13,0
DA:15,0
DA:17,3
LF:8
LH:5
BRDA:12,0,0,0
BRDA:12,0,1,0
BRF:2
BRH:0
end_of_record
TN:
SF:controllers/get/getDomesticEquityController.js
FN:5,getDomesticEquityController
FNF:1
FNH:1
FNDA:3,getDomesticEquityController
DA:6,3
DA:8,3
DA:9,3
DA:11,2
DA:13,0
DA:14,0
DA:16,0
DA:18,3
LF:8
LH:5
BRDA:13,0,0,0
BRDA:13,0,1,0
BRF:2
BRH:0
end_of_record
TN:
SF:controllers/get/getFinancialGoalsController.js
FN:7,getFinancialGoalsController
FN:19,(anonymous_1)
FN:19,(anonymous_2)
FNF:3
FNH:3
FNDA:2,getFinancialGoalsController
FNDA:2,(anonymous_1)
FNDA:2,(anonymous_2)
DA:8,2
DA:10,2
DA:11,2
DA:13,1
DA:15,1
DA:17,1
DA:19,2
DA:21,1
DA:23,1
DA:25,1
DA:38,1
LF:11
LH:11
BRF:0
BRH:0
end_of_record
TN:
SF:controllers/get/getForeignEquityController.js
FN:4,getForeignEquityController
FNF:1
FNH:1
FNDA:3,getForeignEquityController
DA:5,3
DA:7,3
DA:8,3
DA:10,2
DA:12,0
DA:13,0
DA:15,0
DA:17,3
LF:8
LH:5
BRDA:12,0,0,0
BRDA:12,0,1,0
BRF:2
BRH:0
end_of_record
TN:
SF:controllers/get/getGoldController.js
FN:5,getGoldController
FNF:1
FNH:1
FNDA:3,getGoldController
DA:6,3
DA:8,3
DA:9,3
DA:11,2
DA:13,0
DA:14,0
DA:16,0
DA:18,3
LF:8
LH:5
BRDA:13,0,0,0
BRDA:13,0,1,0
BRF:2
BRH:0
end_of_record
TN:
SF:controllers/get/getLiabilitiesController.js
FN:4,getLiabilitiesController
FNF:1
FNH:1
FNDA:3,getLiabilitiesController
DA:5,3
DA:7,3
DA:8,3
DA:10,2
DA:12,0
DA:13,0
DA:15,0
DA:17,3
LF:8
LH:5
BRDA:12,0,0,0
BRDA:12,0,1,0
BRF:2
BRH:0
end_of_record
TN:
SF:controllers/get/getMiscellaneousController.js
FN:5,getMiscellaneousController
FNF:1
FNH:1
FNDA:3,getMiscellaneousController
DA:6,3
DA:8,3
DA:10,3
DA:12,2
DA:14,0
DA:15,0
DA:17,0
DA:19,3
LF:8
LH:5
BRDA:14,0,0,0
BRDA:14,0,1,0
BRF:2
BRH:0
end_of_record
TN:
SF:controllers/get/getRealEstateController.js
FN:4,getRealEstateController
FNF:1
FNH:1
FNDA:3,getRealEstateController
DA:5,3
DA:7,3
DA:8,3
DA:10,2
DA:12,0
DA:13,0
DA:15,0
DA:18,3
LF:8
LH:5
BRDA:12,0,0,0
BRDA:12,0,1,0
BRF:2
BRH:0
end_of_record
TN:
SF:controllers/get/getStockPriceController.js
FN:4,getStockPriceController
FNF:1
FNH:1
FNDA:2,getStockPriceController
DA:5,2
DA:7,2
DA:9,2
LF:3
LH:3
BRDA:7,0,0,2
BRDA:7,0,1,1
BRF:2
BRH:2
end_of_record
TN:
SF:controllers/get/indexFundsController.js
FN:5,indexFundsController
FNF:1
FNH:1
FNDA:3,indexFundsController
DA:6,3
DA:8,3
DA:9,3
DA:10,2
DA:11,1
DA:14,1
DA:16,1
DA:20,1
LF:8
LH:8
BRDA:10,0,0,1
BRDA:10,0,1,1
BRF:2
BRH:2
end_of_record
TN:
SF:controllers/get/mutualFundsController.js
FN:5,mutualFundsController
FNF:1
FNH:1
FNDA:3,mutualFundsController
DA:6,3
DA:8,3
DA:9,3
DA:11,2
DA:12,1
DA:15,1
DA:17,1
DA:20,1
LF:8
LH:8
BRDA:11,0,0,1
BRDA:11,0,1,1
BRF:2
BRH:2
end_of_record
TN:
SF:controllers/put/assumptionController.js
FN:6,assumptionController
FNF:1
FNH:1
FNDA:4,assumptionController
DA:7,4
DA:9,4
DA:11,4
DA:12,1
DA:15,3
DA:16,3
DA:18,3
DA:19,3
DA:20,3
DA:22,3
DA:24,2
DA:26,2
DA:38,2
DA:39,2
DA:41,2
DA:42,1
DA:44,1
DA:48,1
DA:49,1
DA:51,1
LF:20
LH:20
BRDA:11,0,0,1
BRDA:11,0,1,3
BRDA:41,1,0,1
BRDA:41,1,1,1
BRF:4
BRH:4
end_of_record
TN:
SF:controllers/put/cashFlowsController.js
FN:6,cashFlowsController
FNF:1
FNH:1
FNDA:4,cashFlowsController
DA:7,4
DA:9,4
DA:11,4
DA:12,1
DA:15,3
DA:16,3
DA:18,3
DA:19,3
DA:20,3
DA:22,3
DA:24,2
DA:26,2
DA:28,2
DA:39,2
DA:40,2
DA:42,2
DA:43,1
DA:45,1
DA:49,1
DA:50,1
DA:51,1
LF:21
LH:21
BRDA:11,0,0,1
BRDA:11,0,1,3
BRDA:42,1,0,1
BRDA:42,1,1,1
BRF:4
BRH:4
end_of_record
TN:
SF:controllers/put/cryptoController.js
FN:6,cryptoController
FNF:1
FNH:1
FNDA:4,cryptoController
DA:7,4
DA:9,4
DA:11,4
DA:12,1
DA:15,3
DA:16,3
DA:18,3
DA:19,3
DA:21,3
DA:23,3
DA:25,2
DA:27,2
DA:29,2
DA:37,2
DA:38,2
DA:40,2
DA:41,1
DA:43,1
DA:47,1
DA:48,1
DA:49,1
LF:21
LH:21
BRDA:11,0,0,1
BRDA:11,0,1,3
BRDA:40,1,0,1
BRDA:40,1,1,1
BRF:4
BRH:4
end_of_record
TN:
SF:controllers/put/debtController.js
FN:6,debtController
FNF:1
FNH:1
FNDA:5,debtController
DA:7,5
DA:9,5
DA:10,1
DA:13,4
DA:15,4
DA:16,1
DA:19,3
DA:20,3
DA:23,3
DA:24,3
DA:26,3
DA:28,2
DA:30,2
DA:39,2
DA:46,2
DA:47,2
DA:49,2
DA:50,1
DA:52,1
DA:56,1
DA:57,1
DA:58,1
LF:22
LH:22
BRDA:9,0,0,1
BRDA:9,0,1,4
BRDA:15,1,0,1
BRDA:15,1,1,3
BRDA:30,2,0,2
BRDA:30,2,1,0
BRDA:49,3,0,1
BRDA:49,3,1,1
BRF:8
BRH:7
end_of_record
TN:
SF:controllers/put/domesticEquityController.js
FN:6,domesticEquityController
FNF:1
FNH:1
FNDA:5,domesticEquityController
DA:7,5
DA:9,5
DA:10,1
DA:12,4
DA:14,4
DA:15,1
DA:18,3
DA:19,3
DA:21,3
DA:22,3
DA:24,3
DA:27,2
DA:31,2
DA:37,2
DA:45,2
DA:46,2
DA:48,2
DA:49,1
DA:51,1
DA:55,1
DA:56,1
DA:57,1
LF:22
LH:22
BRDA:9,0,0,1
BRDA:9,0,1,4
BRDA:14,1,0,1
BRDA:14,1,1,3
BRDA:31,2,0,2
BRDA:31,2,1,0
BRDA:48,3,0,1
BRDA:48,3,1,1
BRF:8
BRH:7
end_of_record
TN:
SF:controllers/put/financialGoalsController.js
FN:8,financialGoalsController
FN:66,getSipAmountDistribution
FN:91,getAmountDistribution
FN:116,sumOfSip
FNF:4
FNH:4
FNDA:2,financialGoalsController
FNDA:6,getSipAmountDistribution
FNDA:16,getAmountDistribution
FNDA:3,sumOfSip
DA:9,2
DA:11,2
DA:13,2
DA:14,1
DA:17,1
DA:18,1
DA:20,1
DA:21,1
DA:23,1
DA:25,0
DA:27,0
DA:29,0
DA:31,0
DA:33,0
DA:38,0
DA:50,0
DA:51,0
DA:53,0
DA:54,0
DA:56,0
DA:60,1
DA:67,6
DA:69,6
DA:71,6
DA:72,8
DA:74,8
DA:75,8
DA:77,8
DA:78,2
DA:80,6
DA:81,4
DA:84,2
DA:88,6
DA:92,16
DA:101,16
DA:102,16
DA:104,16
DA:105,96
DA:106,80
DA:108,80
DA:112,16
DA:117,3
DA:126,3
DA:127,4
DA:128,24
DA:131,3
LF:46
LH:35
BRDA:13,0,0,1
BRDA:13,0,1,1
BRDA:53,1,0,0
BRDA:53,1,1,0
BRDA:77,2,0,2
BRDA:77,2,1,6
BRDA:80,3,0,4
BRDA:80,3,1,2
BRDA:105,4,0,80
BRDA:105,4,1,16
BRF:10
BRH:8
end_of_record
TN:
SF:controllers/put/foreignEquityController.js
FN:6,foreignEquityController
FNF:1
FNH:1
FNDA:4,foreignEquityController
DA:7,4
DA:9,4
DA:11,4
DA:12,1
DA:15,3
DA:16,3
DA:18,3
DA:19,3
DA:21,3
DA:23,3
DA:24,2
DA:25,0
DA:28,2
DA:30,2
DA:32,2
DA:33,0
DA:36,2
DA:46,0
DA:47,0
DA:49,0
DA:50,0
DA:52,0
DA:56,3
DA:57,3
DA:58,3
LF:25
LH:18
BRDA:11,0,0,1
BRDA:11,0,1,3
BRDA:24,1,0,0
BRDA:24,1,1,2
BRDA:32,2,0,0
BRDA:32,2,1,2
BRDA:49,3,0,0
BRDA:49,3,1,0
BRF:8
BRH:4
end_of_record
TN:
SF:controllers/put/goldController.js
FN:6,goldController
FNF:1
FNH:1
FNDA:4,goldController
DA:7,4
DA:9,4
DA:11,4
DA:12,1
DA:15,3
DA:16,3
DA:18,3
DA:19,3
DA:21,3
DA:23,3
DA:25,2
DA:27,2
DA:29,2
DA:40,0
DA:41,0
DA:43,0
DA:44,0
DA:46,0
DA:50,3
DA:51,3
DA:52,3
LF:21
LH:16
BRDA:11,0,0,1
BRDA:11,0,1,3
BRDA:43,1,0,0
BRDA:43,1,1,0
BRF:4
BRH:2
end_of_record
TN:
SF:controllers/put/liabilitiesController.js
FN:7,liabilitiesController
FNF:1
FNH:1
FNDA:4,liabilitiesController
DA:8,4
DA:10,4
DA:12,4
DA:13,1
DA:16,3
DA:17,3
DA:19,3
DA:20,3
DA:22,3
DA:24,3
DA:26,2
DA:28,2
DA:30,2
DA:44,0
DA:45,0
DA:48,0
DA:49,0
DA:51,0
DA:55,3
DA:56,3
DA:57,3
LF:21
LH:16
BRDA:12,0,0,1
BRDA:12,0,1,3
BRDA:48,1,0,0
BRDA:48,1,1,0
BRF:4
BRH:2
end_of_record
TN:
SF:controllers/put/miscellaneousController.js
FN:6,miscellaneousController
FNF:1
FNH:1
FNDA:4,miscellaneousController
DA:7,4
DA:9,4
DA:11,4
DA:12,1
DA:15,3
DA:16,3
DA:18,3
DA:19,3
DA:21,3
DA:23,3
DA:25,2
DA:27,2
DA:29,2
DA:39,0
DA:40,0
DA:43,0
DA:44,0
DA:46,0
DA:50,3
DA:51,3
DA:52,3
LF:21
LH:16
BRDA:11,0,0,1
BRDA:11,0,1,3
BRDA:43,1,0,0
BRDA:43,1,1,0
BRF:4
BRH:2
end_of_record
TN:
SF:controllers/put/realEstateController.js
FN:6,realEstatesController
FNF:1
FNH:1
FNDA:4,realEstatesController
DA:7,4
DA:9,4
DA:11,4
DA:12,1
DA:15,3
DA:16,3
DA:18,3
DA:19,3
DA:21,3
DA:23,3
DA:25,2
DA:27,2
DA:29,2
DA:40,0
DA:41,0
DA:44,0
DA:45,0
DA:47,0
DA:51,3
DA:52,3
DA:53,3
LF:21
LH:16
BRDA:11,0,0,1
BRDA:11,0,1,3
BRDA:44,1,0,0
BRDA:44,1,1,0
BRF:4
BRH:2
end_of_record
TN:
SF:models/CashFlows.js
FNF:0
FNH:0
DA:3,2
DA:46,2
LF:2
LH:2
BRF:0
BRH:0
end_of_record
TN:
SF:models/CryptoCurrency.js
FNF:0
FNH:0
DA:4,3
DA:11,3
LF:2
LH:2
BRF:0
BRH:0
end_of_record
TN:
SF:models/Debt.js
FNF:0
FNH:0
DA:3,3
DA:55,3
LF:2
LH:2
BRF:0
BRH:0
end_of_record
TN:
SF:models/DomesticEquity.js
FNF:0
FNH:0
DA:3,3
DA:45,3
LF:2
LH:2
BRF:0
BRH:0
end_of_record
TN:
SF:models/ForeignEquity.js
FNF:0
FNH:0
DA:3,3
DA:18,3
LF:2
LH:2
BRF:0
BRH:0
end_of_record
TN:
SF:models/Goals.js
FNF:0
FNH:0
DA:3,3
DA:69,3
LF:2
LH:2
BRF:0
BRH:0
end_of_record
TN:
SF:models/Gold.js
FNF:0
FNH:0
DA:3,3
DA:19,3
LF:2
LH:2
BRF:0
BRH:0
end_of_record
TN:
SF:models/Liabilities.js
FNF:0
FNH:0
DA:3,2
DA:30,2
LF:2
LH:2
BRF:0
BRH:0
end_of_record
TN:
SF:models/RealEstate.js
FNF:0
FNH:0
DA:3,3
DA:18,3
LF:2
LH:2
BRF:0
BRH:0
end_of_record
TN:
SF:models/ToolsResults.js
FNF:0
FNH:0
DA:3,5
DA:18,5
DA:30,5
DA:39,5
DA:51,5
DA:63,5
DA:83,5
LF:7
LH:7
BRF:0
BRH:0
end_of_record
TN:
SF:models/User.js
FN:103,(anonymous_0)
FN:108,(anonymous_1)
FNF:2
FNH:0
FNDA:0,(anonymous_0)
FNDA:0,(anonymous_1)
DA:4,17
DA:103,17
DA:104,0
DA:105,0
DA:108,17
DA:109,0
DA:112,17
LF:7
LH:4
BRF:0
BRH:0
end_of_record
TN:
SF:models/miscellaneous.js
FNF:0
FNH:0
DA:3,3
DA:15,3
LF:2
LH:2
BRF:0
BRH:0
end_of_record
TN:
SF:models/returnsAndAssets.js
FNF:0
FNH:0
DA:3,3
DA:43,3
LF:2
LH:2
BRF:0
BRH:0
end_of_record
TN:
SF:schemas/goalSchema.js
FNF:0
FNH:0
DA:4,1
DA:16,1
LF:2
LH:2
BRF:0
BRH:0
end_of_record
TN:
SF:schemas/netWorthSchemas.js
FNF:0
FNH:0
DA:3,9
DA:19,9
DA:25,9
DA:29,9
DA:35,9
DA:41,9
DA:47,9
DA:53,9
DA:59,9
DA:65,9
DA:71,9
DA:77,9
DA:83,9
DA:89,9
DA:96,9
DA:104,9
DA:113,9
LF:17
LH:17
BRF:0
BRH:0
end_of_record
TN:
SF:schemas/ramSchema.js
FNF:0
FNH:0
DA:3,1
DA:12,1
LF:2
LH:2
BRF:0
BRH:0
end_of_record
TN:
SF:tools/Arbitrage/advisorKhoj.js
FN:4,getRollingReturns
FN:50,(anonymous_1)
FN:54,(anonymous_2)
FN:70,(anonymous_3)
FN:74,(anonymous_4)
FN:92,calculateRollingReturns
FN:94,(anonymous_6)
FN:105,(anonymous_7)
FN:122,(anonymous_8)
FN:128,getArbitrageFunds
FNF:10
FNH:0
FNDA:0,getRollingReturns
FNDA:0,(anonymous_1)
FNDA:0,(anonymous_2)
FNDA:0,(anonymous_3)
FNDA:0,(anonymous_4)
FNDA:0,calculateRollingReturns
FNDA:0,(anonymous_6)
FNDA:0,(anonymous_7)
FNDA:0,(anonymous_8)
FNDA:0,getArbitrageFunds
DA:5,0
DA:7,0
DA:9,0
DA:11,0
DA:26,0
DA:28,0
DA:29,0
DA:30,0
DA:31,0
DA:40,0
DA:43,0
DA:50,1
DA:51,0
DA:53,0
DA:54,0
DA:55,0
DA:68,0
DA:70,0
DA:71,0
DA:73,0
DA:74,0
DA:76,0
DA:77,0
DA:84,0
DA:87,0
DA:94,0
DA:97,0
DA:98,0
DA:100,0
DA:103,0
DA:105,0
DA:107,0
DA:108,0
DA:109,0
DA:111,0
DA:114,0
DA:117,0
DA:122,0
DA:124,0
DA:129,0
DA:132,0
DA:133,0
DA:134,0
DA:135,0
DA:136,0
DA:140,0
DA:143,0
DA:145,0
DA:147,0
LF:49
LH:1
BRDA:30,0,0,0
BRDA:30,0,1,0
BRDA:73,1,0,0
BRDA:73,1,1,0
BRDA:74,2,0,0
BRDA:74,2,1,0
BRDA:74,2,2,0
BRDA:76,3,0,0
BRDA:76,3,1,0
BRDA:103,4,0,0
BRDA:103,4,1,0
BRF:11
BRH:0
end_of_record
TN:
SF:tools/Arbitrage/index.js
FN:3,main
FNF:1
FNH:0
FNDA:0,main
DA:4,0
DA:6,0
LF:2
LH:0
BRF:0
BRH:0
end_of_record
TN:
SF:tools/Arbitrage/rupeeVest.js
FN:3,getFunds
FN:25,getExpenseRatio
FN:38,getRupeeVestFunds
FN:57,(anonymous_3)
FN:63,(anonymous_4)
FN:65,(anonymous_5)
FN:73,(anonymous_6)
FNF:7
FNH:0
FNDA:0,getFunds
FNDA:0,getExpenseRatio
FNDA:0,getRupeeVestFunds
FNDA:0,(anonymous_3)
FNDA:0,(anonymous_4)
FNDA:0,(anonymous_5)
FNDA:0,(anonymous_6)
DA:4,0
DA:22,0
DA:26,0
DA:35,0
DA:39,0
DA:41,0
DA:43,0
DA:44,0
DA:45,0
DA:46,0
DA:47,0
DA:57,0
DA:58,0
DA:61,0
DA:63,0
DA:65,0
DA:66,0
DA:67,0
DA:68,0
DA:70,0
DA:73,0
DA:74,0
DA:84,0
LF:23
LH:0
BRDA:46,0,0,0
BRDA:46,0,1,0
BRDA:46,1,0,0
BRDA:46,1,1,0
BRDA:46,1,2,0
BRDA:67,2,0,0
BRDA:67,2,1,0
BRF:7
BRH:0
end_of_record
TN:
SF:tools/Debt/index.js
FN:2,DebtFunds
FN:6,(anonymous_1)
FNF:2
FNH:0
FNDA:0,DebtFunds
FNDA:0,(anonymous_1)
DA:3,0
DA:6,0
DA:9,0
DA:18,0
LF:4
LH:0
BRF:0
BRH:0
end_of_record
TN:
SF:tools/Debt/morningStar.js
FN:5,getSectorFunds
FN:32,getAccessToken
FN:52,getModifiedDuration
FN:70,getCorrectName
FN:106,print
FN:107,(anonymous_5)
FN:112,customRound
FN:123,getMorningStar
FN:131,(anonymous_8)
FN:135,(anonymous_9)
FN:169,main
FNF:11
FNH:0
FNDA:0,getSectorFunds
FNDA:0,getAccessToken
FNDA:0,getModifiedDuration
FNDA:0,getCorrectName
FNDA:0,print
FNDA:0,(anonymous_5)
FNDA:0,customRound
FNDA:0,getMorningStar
FNDA:0,(anonymous_8)
FNDA:0,(anonymous_9)
FNDA:0,main
DA:6,0
DA:7,0
DA:8,0
DA:10,0
DA:14,0
DA:15,0
DA:16,0
DA:18,0
DA:21,0
DA:22,0
DA:24,0
DA:25,0
DA:27,0
DA:29,0
DA:33,0
DA:34,0
DA:36,0
DA:38,0
DA:40,0
DA:42,0
DA:44,0
DA:46,0
DA:47,0
DA:53,0
DA:54,0
DA:56,0
DA:58,0
DA:60,0
DA:62,0
DA:64,0
DA:65,0
DA:71,0
DA:73,0
DA:74,0
DA:77,0
DA:78,0
DA:81,0
DA:82,0
DA:85,0
DA:86,0
DA:87,0
DA:89,0
DA:90,0
DA:92,0
DA:93,0
DA:95,0
DA:96,0
DA:97,0
DA:100,0
DA:101,0
DA:103,0
DA:107,0
DA:108,0
DA:113,0
DA:114,0
DA:116,0
DA:117,0
DA:119,0
DA:124,0
DA:125,0
DA:127,0
DA:128,0
DA:131,0
DA:132,0
DA:133,0
DA:134,0
DA:135,0
DA:136,0
DA:142,0
DA:143,0
DA:144,0
DA:147,0
DA:148,0
DA:150,0
DA:151,0
DA:159,0
DA:161,0
DA:162,0
DA:170,0
DA:172,0
DA:175,0
LF:81
LH:0
BRDA:14,0,0,0
BRDA:14,0,1,0
BRDA:60,1,0,0
BRDA:60,1,1,0
BRDA:73,2,0,0
BRDA:73,2,1,0
BRDA:77,3,0,0
BRDA:77,3,1,0
BRDA:81,4,0,0
BRDA:81,4,1,0
BRDA:89,5,0,0
BRDA:89,5,1,0
BRDA:92,6,0,0
BRDA:92,6,1,0
BRDA:95,7,0,0
BRDA:95,7,1,0
BRDA:96,8,0,0
BRDA:96,8,1,0
BRDA:100,9,0,0
BRDA:100,9,1,0
BRDA:116,10,0,0
BRDA:116,10,1,0
BRDA:136,11,0,0
BRDA:136,11,1,0
BRDA:136,11,2,0
BRDA:136,11,3,0
BRDA:142,12,0,0
BRDA:142,12,1,0
BRDA:148,13,0,0
BRDA:148,13,1,0
BRF:30
BRH:0
end_of_record
TN:
SF:tools/Debt/tickerTape.js
FN:3,getFunds
FN:22,(anonymous_1)
FN:23,(anonymous_2)
FN:24,(anonymous_3)
FN:25,(anonymous_4)
FN:32,customRound
FN:43,getTickerTapeFunds
FN:48,(anonymous_7)
FN:51,(anonymous_8)
FN:51,(anonymous_9)
FNF:10
FNH:0
FNDA:0,getFunds
FNDA:0,(anonymous_1)
FNDA:0,(anonymous_2)
FNDA:0,(anonymous_3)
FNDA:0,(anonymous_4)
FNDA:0,customRound
FNDA:0,getTickerTapeFunds
FNDA:0,(anonymous_7)
FNDA:0,(anonymous_8)
FNDA:0,(anonymous_9)
DA:4,0
DA:8,0
DA:10,0
DA:13,1
DA:22,1
DA:23,0
DA:24,0
DA:25,0
DA:27,0
DA:33,0
DA:34,0
DA:36,0
DA:37,0
DA:39,0
DA:44,0
DA:46,0
DA:48,0
DA:49,0
DA:50,0
DA:51,0
DA:54,0
DA:66,0
LF:22
LH:2
BRDA:24,0,0,0
BRDA:24,0,1,0
BRDA:25,1,0,0
BRDA:25,1,1,0
BRDA:27,2,0,0
BRDA:27,2,1,0
BRDA:27,3,0,0
BRDA:27,3,1,0
BRDA:36,4,0,0
BRDA:36,4,1,0
BRDA:56,5,0,0
BRDA:56,5,1,0
BRDA:57,6,0,0
BRDA:57,6,1,0
BRDA:58,7,0,0
BRDA:58,7,1,0
BRDA:59,8,0,0
BRDA:59,8,1,0
BRDA:60,9,0,0
BRDA:60,9,1,0
BRDA:61,10,0,0
BRDA:61,10,1,0
BRF:22
BRH:0
end_of_record
TN:
SF:tools/EquitySaver/advisorKhoj.js
FN:4,getRollingReturns
FN:48,(anonymous_1)
FN:52,(anonymous_2)
FN:68,(anonymous_3)
FN:72,(anonymous_4)
FN:91,calculateRollingReturns
FN:93,(anonymous_6)
FN:103,(anonymous_7)
FN:124,(anonymous_8)
FN:130,getEquitySaverFunds
FNF:10
FNH:0
FNDA:0,getRollingReturns
FNDA:0,(anonymous_1)
FNDA:0,(anonymous_2)
FNDA:0,(anonymous_3)
FNDA:0,(anonymous_4)
FNDA:0,calculateRollingReturns
FNDA:0,(anonymous_6)
FNDA:0,(anonymous_7)
FNDA:0,(anonymous_8)
FNDA:0,getEquitySaverFunds
DA:5,0
DA:7,0
DA:9,0
DA:12,0
DA:27,0
DA:29,0
DA:30,0
DA:31,0
DA:32,0
DA:41,0
DA:44,0
DA:48,1
DA:49,0
DA:51,0
DA:52,0
DA:53,0
DA:66,0
DA:68,0
DA:69,0
DA:71,0
DA:72,0
DA:74,0
DA:75,0
DA:76,0
DA:83,0
DA:86,0
DA:93,0
DA:96,0
DA:97,0
DA:99,0
DA:101,0
DA:103,0
DA:105,0
DA:106,0
DA:107,0
DA:108,0
DA:109,0
DA:111,0
DA:112,0
DA:115,0
DA:116,0
DA:119,0
DA:124,0
DA:126,0
DA:131,0
DA:134,0
DA:135,0
DA:136,0
DA:137,0
DA:138,0
DA:141,0
DA:144,0
DA:146,0
DA:148,0
LF:54
LH:1
BRDA:31,0,0,0
BRDA:31,0,1,0
BRDA:71,1,0,0
BRDA:71,1,1,0
BRDA:72,2,0,0
BRDA:72,2,1,0
BRDA:72,2,2,0
BRDA:74,3,0,0
BRDA:74,3,1,0
BRDA:75,4,0,0
BRDA:75,4,1,0
BRDA:101,5,0,0
BRDA:101,5,1,0
BRDA:108,6,0,0
BRDA:108,6,1,0
BRF:15
BRH:0
end_of_record
TN:
SF:tools/EquitySaver/index.js
FN:3,main
FNF:1
FNH:0
FNDA:0,main
DA:4,0
DA:8,0
LF:2
LH:0
BRF:0
BRH:0
end_of_record
TN:
SF:tools/EquitySaver/rupeeVest.js
FN:3,getFunds
FN:25,getExpenseRatio
FN:38,getRupeeVestFunds
FN:55,(anonymous_3)
FN:62,(anonymous_4)
FN:64,(anonymous_5)
FN:72,(anonymous_6)
FNF:7
FNH:0
FNDA:0,getFunds
FNDA:0,getExpenseRatio
FNDA:0,getRupeeVestFunds
FNDA:0,(anonymous_3)
FNDA:0,(anonymous_4)
FNDA:0,(anonymous_5)
FNDA:0,(anonymous_6)
DA:4,0
DA:22,0
DA:26,0
DA:35,0
DA:39,0
DA:41,0
DA:43,0
DA:44,0
DA:45,0
DA:46,0
DA:55,0
DA:56,0
DA:60,0
DA:62,0
DA:64,0
DA:65,0
DA:66,0
DA:67,0
DA:69,0
DA:72,0
DA:73,0
DA:82,0
DA:83,0
DA:85,0
LF:24
LH:0
BRDA:45,0,0,0
BRDA:45,0,1,0
BRDA:45,1,0,0
BRDA:45,1,1,0
BRDA:45,1,2,0
BRDA:66,2,0,0
BRDA:66,2,1,0
BRDA:82,3,0,0
BRDA:82,3,1,0
BRF:9
BRH:0
end_of_record
TN:
SF:tools/Index/index.js
FN:5,getRankOfFunds
FNF:1
FNH:0
FNDA:0,getRankOfFunds
DA:6,0
DA:22,0
LF:2
LH:0
BRF:0
BRH:0
end_of_record
TN:
SF:tools/Index/tickerTape.js
FN:3,getFunds
FN:16,getIndexFunds
FN:19,(anonymous_2)
FNF:3
FNH:0
FNDA:0,getFunds
FNDA:0,getIndexFunds
FNDA:0,(anonymous_2)
DA:4,0
DA:12,0
DA:17,0
DA:19,0
DA:20,0
DA:22,0
DA:24,0
DA:25,0
DA:27,0
DA:28,0
DA:29,0
DA:32,0
DA:33,0
DA:35,0
DA:38,0
LF:15
LH:0
BRDA:27,0,0,0
BRDA:27,0,1,0
BRDA:27,1,0,0
BRDA:27,1,1,0
BRDA:27,1,2,0
BRDA:32,2,0,0
BRDA:32,2,1,0
BRF:7
BRH:0
end_of_record
TN:
SF:tools/MFs/advisorkhoj.js
FN:5,getCategory
FN:12,getRollingReturns
FN:56,(anonymous_2)
FN:60,(anonymous_3)
FN:77,(anonymous_4)
FN:81,(anonymous_5)
FN:98,getSchemeStartAndEndDate
FN:102,(anonymous_7)
FN:116,(anonymous_8)
FN:131,getBestFunds
FN:160,calculateRollingReturnsAndProbability
FN:162,(anonymous_11)
FN:173,(anonymous_12)
FN:195,(anonymous_13)
FN:199,(anonymous_14)
FNF:15
FNH:0
FNDA:0,getCategory
FNDA:0,getRollingReturns
FNDA:0,(anonymous_2)
FNDA:0,(anonymous_3)
FNDA:0,(anonymous_4)
FNDA:0,(anonymous_5)
FNDA:0,getSchemeStartAndEndDate
FNDA:0,(anonymous_7)
FNDA:0,(anonymous_8)
FNDA:0,getBestFunds
FNDA:0,calculateRollingReturnsAndProbability
FNDA:0,(anonymous_11)
FNDA:0,(anonymous_12)
FNDA:0,(anonymous_13)
FNDA:0,(anonymous_14)
DA:6,0
DA:7,0
DA:8,0
DA:9,0
DA:13,0
DA:15,0
DA:17,0
DA:19,0
DA:34,0
DA:37,0
DA:38,0
DA:39,0
DA:40,0
DA:50,0
DA:53,0
DA:56,1
DA:57,0
DA:59,0
DA:60,0
DA:61,0
DA:75,0
DA:77,0
DA:78,0
DA:80,0
DA:81,0
DA:83,0
DA:84,0
DA:91,0
DA:94,0
DA:99,0
DA:101,0
DA:102,0
DA:103,0
DA:116,0
DA:117,0
DA:119,0
DA:120,0
DA:124,0
DA:126,0
DA:133,0
DA:135,0
DA:137,0
DA:138,0
DA:139,0
DA:140,0
DA:144,0
DA:150,0
DA:153,0
DA:156,0
DA:162,0
DA:165,0
DA:166,0
DA:168,0
DA:171,0
DA:173,0
DA:176,0
DA:177,0
DA:178,0
DA:179,0
DA:180,0
DA:182,0
DA:183,0
DA:186,0
DA:187,0
DA:190,0
DA:195,0
DA:199,0
DA:200,0
DA:206,0
LF:69
LH:1
BRDA:6,0,0,0
BRDA:6,0,1,0
BRDA:12,1,0,0
BRDA:39,2,0,0
BRDA:39,2,1,0
BRDA:56,3,0,0
BRDA:80,4,0,0
BRDA:80,4,1,0
BRDA:81,5,0,0
BRDA:81,5,1,0
BRDA:81,5,2,0
BRDA:83,6,0,0
BRDA:83,6,1,0
BRDA:119,7,0,0
BRDA:119,7,1,0
BRDA:171,8,0,0
BRDA:171,8,1,0
BRDA:179,9,0,0
BRDA:179,9,1,0
BRF:19
BRH:0
end_of_record
TN:
SF:tools/MFs/index.js
FN:7,main
FN:15,(anonymous_1)
FNF:2
FNH:0
FNDA:0,main
FNDA:0,(anonymous_1)
DA:3,1
DA:4,1
DA:8,0
DA:9,0
DA:10,0
DA:13,0
DA:14,0
DA:15,0
DA:16,0
DA:17,0
DA:20,0
DA:23,0
LF:12
LH:2
BRDA:16,0,0,0
BRDA:16,0,1,0
BRF:2
BRH:0
end_of_record
TN:
SF:tools/MFs/mutualFunds.js
FN:3,getRankOfFunds
FNF:1
FNH:0
FNDA:0,getRankOfFunds
DA:4,0
DA:13,0
LF:2
LH:0
BRF:0
BRH:0
end_of_record
TN:
SF:tools/MFs/rupeeVest.js
FN:2,getFunds
FN:15,getACS
FNF:2
FNH:0
FNDA:0,getFunds
FNDA:0,getACS
DA:3,0
DA:12,0
DA:16,0
DA:19,0
DA:21,0
DA:22,0
DA:24,0
DA:25,0
DA:35,0
LF:9
LH:0
BRDA:24,0,0,0
BRDA:24,0,1,0
BRDA:24,1,0,0
BRDA:24,1,1,0
BRDA:24,1,2,0
BRF:5
BRH:0
end_of_record
TN:
SF:tools/MFs/tickerTape.js
FN:4,getFunds
FN:30,getFundName
FN:46,getExpenseRatio
FN:55,(anonymous_3)
FN:57,(anonymous_4)
FN:60,(anonymous_5)
FN:69,getACES
FNF:7
FNH:0
FNDA:0,getFunds
FNDA:0,getFundName
FNDA:0,getExpenseRatio
FNDA:0,(anonymous_3)
FNDA:0,(anonymous_4)
FNDA:0,(anonymous_5)
FNDA:0,getACES
DA:5,0
DA:6,0
DA:24,0
DA:26,0
DA:27,0
DA:31,0
DA:32,0
DA:35,0
DA:36,0
DA:37,0
DA:38,0
DA:40,0
DA:43,0
DA:48,0
DA:49,0
DA:52,0
DA:53,0
DA:55,0
DA:56,0
DA:57,0
DA:59,0
DA:60,0
DA:61,0
DA:62,0
DA:65,0
DA:70,0
DA:71,0
DA:72,0
DA:73,0
DA:75,0
DA:77,0
LF:31
LH:0
BRDA:4,0,0,0
BRDA:35,1,0,0
BRDA:35,1,1,0
BRDA:37,2,0,0
BRDA:37,2,1,0
BRDA:48,3,0,0
BRDA:48,3,1,0
BRDA:59,4,0,0
BRDA:59,4,1,0
BRDA:61,5,0,0
BRDA:61,5,1,0
BRF:11
BRH:0
end_of_record
TN:
SF:utils/nse.js
FN:6,getStockPrice
FN:19,getStockSymbolByName
FN:23,getStockPriceByName
FNF:3
FNH:0
FNDA:0,getStockPrice
FNDA:0,getStockSymbolByName
FNDA:0,getStockPriceByName
DA:4,1
DA:7,0
DA:8,0
DA:9,0
DA:11,0
DA:12,0
DA:20,0
DA:24,0
DA:25,0
DA:26,0
DA:27,0
DA:29,0
LF:12
LH:1
BRDA:9,0,0,0
BRDA:9,0,1,0
BRDA:20,1,0,0
BRDA:20,1,1,0
BRDA:25,2,0,0
BRDA:25,2,1,0
BRF:6
BRH:0
end_of_record
TN:
SF:utils/stock_mapping.js
FNF:0
FNH:0
DA:1,1
LF:1
LH:1
BRF:0
BRH:0
end_of_record
